{"C:\\Sachin\\Projects\\BuildWithAI\\virtualPromptWars\\ep1\\server.js": {"path":"C:\\Sachin\\Projects\\BuildWithAI\\virtualPromptWars\\ep1\\server.js","statementMap":{"0":{"start":{"line":2,"column":0},"end":{"line":4,"column":1}},"1":{"start":{"line":3,"column":4},"end":{"line":3,"column":49}},"2":{"start":{"line":12,"column":0},"end":{"line":12,"column":13}},"3":{"start":{"line":14,"column":0},"end":{"line":14,"column":27}},"4":{"start":{"line":16,"column":16},"end":{"line":16,"column":34}},"5":{"start":{"line":17,"column":13},"end":{"line":17,"column":28}},"6":{"start":{"line":18,"column":13},"end":{"line":18,"column":28}},"7":{"start":{"line":19,"column":15},"end":{"line":19,"column":32}},"8":{"start":{"line":20,"column":20},"end":{"line":20,"column":42}},"9":{"start":{"line":21,"column":18},"end":{"line":21,"column":47}},"10":{"start":{"line":22,"column":14},"end":{"line":22,"column":39}},"11":{"start":{"line":24,"column":21},"end":{"line":24,"column":50}},"12":{"start":{"line":25,"column":21},"end":{"line":25,"column":57}},"13":{"start":{"line":26,"column":18},"end":{"line":26,"column":41}},"14":{"start":{"line":27,"column":20},"end":{"line":27,"column":45}},"15":{"start":{"line":28,"column":21},"end":{"line":28,"column":47}},"16":{"start":{"line":29,"column":21},"end":{"line":29,"column":57}},"17":{"start":{"line":31,"column":12},"end":{"line":31,"column":21}},"18":{"start":{"line":33,"column":20},"end":{"line":33,"column":54}},"19":{"start":{"line":34,"column":19},"end":{"line":34,"column":49}},"20":{"start":{"line":38,"column":0},"end":{"line":41,"column":3}},"21":{"start":{"line":39,"column":4},"end":{"line":39,"column":75}},"22":{"start":{"line":40,"column":4},"end":{"line":40,"column":68}},"23":{"start":{"line":43,"column":0},"end":{"line":46,"column":3}},"24":{"start":{"line":44,"column":4},"end":{"line":44,"column":74}},"25":{"start":{"line":45,"column":4},"end":{"line":45,"column":72}},"26":{"start":{"line":48,"column":0},"end":{"line":55,"column":3}},"27":{"start":{"line":50,"column":4},"end":{"line":52,"column":5}},"28":{"start":{"line":51,"column":8},"end":{"line":51,"column":22}},"29":{"start":{"line":53,"column":4},"end":{"line":53,"column":70}},"30":{"start":{"line":54,"column":4},"end":{"line":54,"column":73}},"31":{"start":{"line":58,"column":0},"end":{"line":58,"column":23}},"32":{"start":{"line":59,"column":0},"end":{"line":59,"column":41}},"33":{"start":{"line":60,"column":0},"end":{"line":60,"column":63}},"34":{"start":{"line":62,"column":18},"end":{"line":68,"column":1}},"35":{"start":{"line":69,"column":0},"end":{"line":71,"column":1}},"36":{"start":{"line":70,"column":4},"end":{"line":70,"column":69}},"37":{"start":{"line":73,"column":0},"end":{"line":85,"column":4}},"38":{"start":{"line":76,"column":8},"end":{"line":76,"column":79}},"39":{"start":{"line":76,"column":51},"end":{"line":76,"column":79}},"40":{"start":{"line":79,"column":23},"end":{"line":79,"column":82}},"41":{"start":{"line":80,"column":8},"end":{"line":80,"column":48}},"42":{"start":{"line":80,"column":20},"end":{"line":80,"column":48}},"43":{"start":{"line":82,"column":8},"end":{"line":82,"column":64}},"44":{"start":{"line":88,"column":0},"end":{"line":88,"column":28}},"45":{"start":{"line":89,"column":0},"end":{"line":150,"column":4}},"46":{"start":{"line":152,"column":0},"end":{"line":159,"column":1}},"47":{"start":{"line":153,"column":4},"end":{"line":158,"column":5}},"48":{"start":{"line":154,"column":26},"end":{"line":154,"column":116}},"49":{"start":{"line":155,"column":8},"end":{"line":155,"column":79}},"50":{"start":{"line":157,"column":8},"end":{"line":157,"column":97}},"51":{"start":{"line":164,"column":35},"end":{"line":185,"column":1}},"52":{"start":{"line":166,"column":20},"end":{"line":166,"column":80}},"53":{"start":{"line":167,"column":4},"end":{"line":169,"column":5}},"54":{"start":{"line":168,"column":8},"end":{"line":168,"column":22}},"55":{"start":{"line":171,"column":26},"end":{"line":171,"column":59}},"56":{"start":{"line":172,"column":4},"end":{"line":176,"column":5}},"57":{"start":{"line":174,"column":8},"end":{"line":174,"column":97}},"58":{"start":{"line":175,"column":8},"end":{"line":175,"column":22}},"59":{"start":{"line":177,"column":4},"end":{"line":184,"column":5}},"60":{"start":{"line":178,"column":8},"end":{"line":178,"column":58}},"61":{"start":{"line":179,"column":8},"end":{"line":179,"column":15}},"62":{"start":{"line":181,"column":8},"end":{"line":181,"column":102}},"63":{"start":{"line":183,"column":8},"end":{"line":183,"column":15}},"64":{"start":{"line":188,"column":0},"end":{"line":193,"column":4}},"65":{"start":{"line":191,"column":8},"end":{"line":191,"column":79}},"66":{"start":{"line":191,"column":36},"end":{"line":191,"column":79}},"67":{"start":{"line":195,"column":19},"end":{"line":200,"column":2}},"68":{"start":{"line":205,"column":0},"end":{"line":205,"column":40}},"69":{"start":{"line":208,"column":0},"end":{"line":212,"column":26}},"70":{"start":{"line":210,"column":4},"end":{"line":210,"column":57}},"71":{"start":{"line":210,"column":43},"end":{"line":210,"column":57}},"72":{"start":{"line":211,"column":4},"end":{"line":211,"column":47}},"73":{"start":{"line":214,"column":0},"end":{"line":218,"column":16}},"74":{"start":{"line":216,"column":4},"end":{"line":216,"column":45}},"75":{"start":{"line":216,"column":31},"end":{"line":216,"column":45}},"76":{"start":{"line":217,"column":4},"end":{"line":217,"column":47}},"77":{"start":{"line":220,"column":0},"end":{"line":220,"column":22}},"78":{"start":{"line":222,"column":0},"end":{"line":224,"column":3}},"79":{"start":{"line":223,"column":4},"end":{"line":223,"column":74}},"80":{"start":{"line":227,"column":20},"end":{"line":239,"column":1}},"81":{"start":{"line":228,"column":4},"end":{"line":228,"column":79}},"82":{"start":{"line":229,"column":4},"end":{"line":238,"column":7}},"83":{"start":{"line":230,"column":8},"end":{"line":230,"column":72}},"84":{"start":{"line":232,"column":8},"end":{"line":237,"column":9}},"85":{"start":{"line":233,"column":12},"end":{"line":233,"column":39}},"86":{"start":{"line":235,"column":12},"end":{"line":235,"column":85}},"87":{"start":{"line":236,"column":12},"end":{"line":236,"column":28}},"88":{"start":{"line":241,"column":0},"end":{"line":243,"column":1}},"89":{"start":{"line":242,"column":4},"end":{"line":242,"column":29}},"90":{"start":{"line":245,"column":0},"end":{"line":249,"column":3}},"91":{"start":{"line":246,"column":4},"end":{"line":246,"column":88}},"92":{"start":{"line":247,"column":4},"end":{"line":248,"column":25}},"93":{"start":{"line":247,"column":16},"end":{"line":247,"column":52}},"94":{"start":{"line":247,"column":35},"end":{"line":247,"column":50}},"95":{"start":{"line":248,"column":9},"end":{"line":248,"column":25}},"96":{"start":{"line":251,"column":0},"end":{"line":251,"column":21}}},"fnMap":{"0":{"name":"(anonymous_0)","decl":{"start":{"line":38,"column":41},"end":{"line":38,"column":42}},"loc":{"start":{"line":38,"column":55},"end":{"line":41,"column":1}},"line":38},"1":{"name":"(anonymous_1)","decl":{"start":{"line":43,"column":39},"end":{"line":43,"column":40}},"loc":{"start":{"line":43,"column":53},"end":{"line":46,"column":1}},"line":43},"2":{"name":"(anonymous_2)","decl":{"start":{"line":48,"column":31},"end":{"line":48,"column":32}},"loc":{"start":{"line":48,"column":51},"end":{"line":55,"column":1}},"line":48},"3":{"name":"(anonymous_3)","decl":{"start":{"line":74,"column":12},"end":{"line":74,"column":13}},"loc":{"start":{"line":74,"column":34},"end":{"line":83,"column":5}},"line":74},"4":{"name":"(anonymous_4)","decl":{"start":{"line":164,"column":35},"end":{"line":164,"column":36}},"loc":{"start":{"line":164,"column":61},"end":{"line":185,"column":1}},"line":164},"5":{"name":"(anonymous_5)","decl":{"start":{"line":190,"column":16},"end":{"line":190,"column":17}},"loc":{"start":{"line":190,"column":31},"end":{"line":192,"column":5}},"line":190},"6":{"name":"(anonymous_6)","decl":{"start":{"line":208,"column":16},"end":{"line":208,"column":17}},"loc":{"start":{"line":208,"column":36},"end":{"line":212,"column":1}},"line":208},"7":{"name":"(anonymous_7)","decl":{"start":{"line":214,"column":18},"end":{"line":214,"column":19}},"loc":{"start":{"line":214,"column":38},"end":{"line":218,"column":1}},"line":214},"8":{"name":"(anonymous_8)","decl":{"start":{"line":222,"column":8},"end":{"line":222,"column":9}},"loc":{"start":{"line":222,"column":22},"end":{"line":224,"column":1}},"line":222},"9":{"name":"(anonymous_9)","decl":{"start":{"line":227,"column":20},"end":{"line":227,"column":21}},"loc":{"start":{"line":227,"column":35},"end":{"line":239,"column":1}},"line":227},"10":{"name":"(anonymous_10)","decl":{"start":{"line":229,"column":35},"end":{"line":229,"column":36}},"loc":{"start":{"line":229,"column":41},"end":{"line":231,"column":5}},"line":229},"11":{"name":"(anonymous_11)","decl":{"start":{"line":231,"column":19},"end":{"line":231,"column":20}},"loc":{"start":{"line":231,"column":28},"end":{"line":238,"column":5}},"line":231},"12":{"name":"(anonymous_12)","decl":{"start":{"line":245,"column":22},"end":{"line":245,"column":23}},"loc":{"start":{"line":245,"column":28},"end":{"line":249,"column":1}},"line":245},"13":{"name":"(anonymous_13)","decl":{"start":{"line":247,"column":29},"end":{"line":247,"column":30}},"loc":{"start":{"line":247,"column":35},"end":{"line":247,"column":50}},"line":247}},"branchMap":{"0":{"loc":{"start":{"line":2,"column":0},"end":{"line":4,"column":1}},"type":"if","locations":[{"start":{"line":2,"column":0},"end":{"line":4,"column":1}},{"start":{},"end":{}}],"line":2},"1":{"loc":{"start":{"line":2,"column":4},"end":{"line":2,"column":77}},"type":"binary-expr","locations":[{"start":{"line":2,"column":4},"end":{"line":2,"column":41}},{"start":{"line":2,"column":45},"end":{"line":2,"column":77}}],"line":2},"2":{"loc":{"start":{"line":33,"column":20},"end":{"line":33,"column":54}},"type":"binary-expr","locations":[{"start":{"line":33,"column":20},"end":{"line":33,"column":46}},{"start":{"line":33,"column":50},"end":{"line":33,"column":54}}],"line":33},"3":{"loc":{"start":{"line":50,"column":4},"end":{"line":52,"column":5}},"type":"if","locations":[{"start":{"line":50,"column":4},"end":{"line":52,"column":5}},{"start":{},"end":{}}],"line":50},"4":{"loc":{"start":{"line":50,"column":8},"end":{"line":50,"column":138}},"type":"binary-expr","locations":[{"start":{"line":50,"column":8},"end":{"line":50,"column":46}},{"start":{"line":50,"column":50},"end":{"line":50,"column":93}},{"start":{"line":50,"column":97},"end":{"line":50,"column":138}}],"line":50},"5":{"loc":{"start":{"line":69,"column":0},"end":{"line":71,"column":1}},"type":"if","locations":[{"start":{"line":69,"column":0},"end":{"line":71,"column":1}},{"start":{},"end":{}}],"line":69},"6":{"loc":{"start":{"line":76,"column":8},"end":{"line":76,"column":79}},"type":"if","locations":[{"start":{"line":76,"column":8},"end":{"line":76,"column":79}},{"start":{},"end":{}}],"line":76},"7":{"loc":{"start":{"line":76,"column":12},"end":{"line":76,"column":49}},"type":"binary-expr","locations":[{"start":{"line":76,"column":12},"end":{"line":76,"column":19}},{"start":{"line":76,"column":23},"end":{"line":76,"column":49}}],"line":76},"8":{"loc":{"start":{"line":79,"column":23},"end":{"line":79,"column":82}},"type":"binary-expr","locations":[{"start":{"line":79,"column":23},"end":{"line":79,"column":50}},{"start":{"line":79,"column":54},"end":{"line":79,"column":82}}],"line":79},"9":{"loc":{"start":{"line":80,"column":8},"end":{"line":80,"column":48}},"type":"if","locations":[{"start":{"line":80,"column":8},"end":{"line":80,"column":48}},{"start":{},"end":{}}],"line":80},"10":{"loc":{"start":{"line":152,"column":0},"end":{"line":159,"column":1}},"type":"if","locations":[{"start":{"line":152,"column":0},"end":{"line":159,"column":1}},{"start":{},"end":{}}],"line":152},"11":{"loc":{"start":{"line":154,"column":26},"end":{"line":154,"column":116}},"type":"binary-expr","locations":[{"start":{"line":154,"column":26},"end":{"line":154,"column":55}},{"start":{"line":154,"column":59},"end":{"line":154,"column":91}},{"start":{"line":154,"column":95},"end":{"line":154,"column":116}}],"line":154},"12":{"loc":{"start":{"line":166,"column":20},"end":{"line":166,"column":80}},"type":"binary-expr","locations":[{"start":{"line":166,"column":20},"end":{"line":166,"column":48}},{"start":{"line":166,"column":52},"end":{"line":166,"column":80}}],"line":166},"13":{"loc":{"start":{"line":167,"column":4},"end":{"line":169,"column":5}},"type":"if","locations":[{"start":{"line":167,"column":4},"end":{"line":169,"column":5}},{"start":{},"end":{}}],"line":167},"14":{"loc":{"start":{"line":167,"column":8},"end":{"line":167,"column":57}},"type":"binary-expr","locations":[{"start":{"line":167,"column":8},"end":{"line":167,"column":46}},{"start":{"line":167,"column":50},"end":{"line":167,"column":57}}],"line":167},"15":{"loc":{"start":{"line":172,"column":4},"end":{"line":176,"column":5}},"type":"if","locations":[{"start":{"line":172,"column":4},"end":{"line":176,"column":5}},{"start":{},"end":{}}],"line":172},"16":{"loc":{"start":{"line":191,"column":8},"end":{"line":191,"column":79}},"type":"if","locations":[{"start":{"line":191,"column":8},"end":{"line":191,"column":79}},{"start":{},"end":{}}],"line":191},"17":{"loc":{"start":{"line":210,"column":4},"end":{"line":210,"column":57}},"type":"if","locations":[{"start":{"line":210,"column":4},"end":{"line":210,"column":57}},{"start":{},"end":{}}],"line":210},"18":{"loc":{"start":{"line":216,"column":4},"end":{"line":216,"column":45}},"type":"if","locations":[{"start":{"line":216,"column":4},"end":{"line":216,"column":45}},{"start":{},"end":{}}],"line":216},"19":{"loc":{"start":{"line":232,"column":8},"end":{"line":237,"column":9}},"type":"if","locations":[{"start":{"line":232,"column":8},"end":{"line":237,"column":9}},{"start":{"line":234,"column":15},"end":{"line":237,"column":9}}],"line":232},"20":{"loc":{"start":{"line":232,"column":12},"end":{"line":232,"column":80}},"type":"binary-expr","locations":[{"start":{"line":232,"column":12},"end":{"line":232,"column":37}},{"start":{"line":232,"column":41},"end":{"line":232,"column":80}}],"line":232},"21":{"loc":{"start":{"line":241,"column":0},"end":{"line":243,"column":1}},"type":"if","locations":[{"start":{"line":241,"column":0},"end":{"line":243,"column":1}},{"start":{},"end":{}}],"line":241},"22":{"loc":{"start":{"line":247,"column":4},"end":{"line":248,"column":25}},"type":"if","locations":[{"start":{"line":247,"column":4},"end":{"line":248,"column":25}},{"start":{"line":248,"column":9},"end":{"line":248,"column":25}}],"line":247}},"s":{"0":2,"1":0,"2":2,"3":2,"4":2,"5":2,"6":2,"7":2,"8":2,"9":2,"10":2,"11":2,"12":2,"13":2,"14":2,"15":2,"16":2,"17":2,"18":2,"19":2,"20":2,"21":0,"22":0,"23":2,"24":0,"25":0,"26":2,"27":0,"28":0,"29":0,"30":0,"31":2,"32":2,"33":2,"34":2,"35":2,"36":2,"37":2,"38":7,"39":7,"40":0,"41":0,"42":0,"43":0,"44":2,"45":2,"46":2,"47":2,"48":2,"49":2,"50":0,"51":2,"52":7,"53":7,"54":0,"55":7,"56":7,"57":2,"58":2,"59":5,"60":5,"61":5,"62":0,"63":0,"64":2,"65":0,"66":0,"67":2,"68":2,"69":2,"70":6,"71":0,"72":6,"73":2,"74":1,"75":0,"76":1,"77":2,"78":2,"79":0,"80":2,"81":0,"82":0,"83":0,"84":0,"85":0,"86":0,"87":0,"88":2,"89":0,"90":2,"91":0,"92":0,"93":0,"94":0,"95":0,"96":2},"f":{"0":0,"1":0,"2":0,"3":7,"4":7,"5":0,"6":6,"7":1,"8":0,"9":0,"10":0,"11":0,"12":0,"13":0},"b":{"0":[0,2],"1":[2,0],"2":[2,0],"3":[0,0],"4":[0,0,0],"5":[2,0],"6":[7,0],"7":[7,0],"8":[0,0],"9":[0,0],"10":[2,0],"11":[2,0,0],"12":[7,7],"13":[0,7],"14":[7,0],"15":[2,5],"16":[0,0],"17":[0,6],"18":[0,1],"19":[0,0],"20":[0,0],"21":[0,2],"22":[0,0]},"_coverageSchema":"1a1c01bbd47fc00a2c39e90264f33305004495a9","hash":"975bc8834968fa7f9a2cc200b535bdb141536843"}
,"C:\\Sachin\\Projects\\BuildWithAI\\virtualPromptWars\\ep1\\lib\\GlobalConfig.js": {"path":"C:\\Sachin\\Projects\\BuildWithAI\\virtualPromptWars\\ep1\\lib\\GlobalConfig.js","statementMap":{"0":{"start":{"line":10,"column":21},"end":{"line":56,"column":1}},"1":{"start":{"line":58,"column":0},"end":{"line":58,"column":30}}},"fnMap":{},"branchMap":{"0":{"loc":{"start":{"line":14,"column":13},"end":{"line":14,"column":49}},"type":"binary-expr","locations":[{"start":{"line":14,"column":13},"end":{"line":14,"column":33}},{"start":{"line":14,"column":37},"end":{"line":14,"column":49}}],"line":14},"1":{"loc":{"start":{"line":29,"column":26},"end":{"line":29,"column":75}},"type":"binary-expr","locations":[{"start":{"line":29,"column":26},"end":{"line":29,"column":54}},{"start":{"line":29,"column":58},"end":{"line":29,"column":75}}],"line":29},"2":{"loc":{"start":{"line":36,"column":20},"end":{"line":36,"column":93}},"type":"binary-expr","locations":[{"start":{"line":36,"column":20},"end":{"line":36,"column":48}},{"start":{"line":36,"column":52},"end":{"line":36,"column":93}}],"line":36},"3":{"loc":{"start":{"line":37,"column":24},"end":{"line":37,"column":97}},"type":"binary-expr","locations":[{"start":{"line":37,"column":24},"end":{"line":37,"column":56}},{"start":{"line":37,"column":60},"end":{"line":37,"column":97}}],"line":37},"4":{"loc":{"start":{"line":38,"column":23},"end":{"line":38,"column":79}},"type":"binary-expr","locations":[{"start":{"line":38,"column":23},"end":{"line":38,"column":54}},{"start":{"line":38,"column":58},"end":{"line":38,"column":79}}],"line":38},"5":{"loc":{"start":{"line":39,"column":27},"end":{"line":39,"column":99}},"type":"binary-expr","locations":[{"start":{"line":39,"column":27},"end":{"line":39,"column":62}},{"start":{"line":39,"column":66},"end":{"line":39,"column":99}}],"line":39},"6":{"loc":{"start":{"line":40,"column":31},"end":{"line":40,"column":89}},"type":"binary-expr","locations":[{"start":{"line":40,"column":31},"end":{"line":40,"column":71}},{"start":{"line":40,"column":75},"end":{"line":40,"column":89}}],"line":40},"7":{"loc":{"start":{"line":41,"column":19},"end":{"line":41,"column":93}},"type":"binary-expr","locations":[{"start":{"line":41,"column":19},"end":{"line":41,"column":46}},{"start":{"line":41,"column":50},"end":{"line":41,"column":93}}],"line":41},"8":{"loc":{"start":{"line":42,"column":27},"end":{"line":42,"column":80}},"type":"binary-expr","locations":[{"start":{"line":42,"column":27},"end":{"line":42,"column":62}},{"start":{"line":42,"column":66},"end":{"line":42,"column":80}}],"line":42}},"s":{"0":2,"1":2},"f":{},"b":{"0":[2,0],"1":[2,0],"2":[2,0],"3":[2,0],"4":[2,0],"5":[2,0],"6":[2,0],"7":[2,0],"8":[2,0]},"_coverageSchema":"1a1c01bbd47fc00a2c39e90264f33305004495a9","hash":"7be1d3017976116c526e90b16d73b31cff00d719"}
,"C:\\Sachin\\Projects\\BuildWithAI\\virtualPromptWars\\ep1\\lib\\Logger.js": {"path":"C:\\Sachin\\Projects\\BuildWithAI\\virtualPromptWars\\ep1\\lib\\Logger.js","statementMap":{"0":{"start":{"line":11,"column":21},"end":{"line":11,"column":46}},"1":{"start":{"line":23,"column":24},"end":{"line":29,"column":9}},"2":{"start":{"line":31,"column":8},"end":{"line":31,"column":67}},"3":{"start":{"line":40,"column":24},"end":{"line":45,"column":9}},"4":{"start":{"line":46,"column":8},"end":{"line":46,"column":68}},"5":{"start":{"line":55,"column":24},"end":{"line":61,"column":9}},"6":{"start":{"line":62,"column":8},"end":{"line":62,"column":68}},"7":{"start":{"line":66,"column":0},"end":{"line":66,"column":24}}},"fnMap":{"0":{"name":"(anonymous_0)","decl":{"start":{"line":22,"column":4},"end":{"line":22,"column":5}},"loc":{"start":{"line":22,"column":32},"end":{"line":32,"column":5}},"line":22},"1":{"name":"(anonymous_1)","decl":{"start":{"line":39,"column":4},"end":{"line":39,"column":5}},"loc":{"start":{"line":39,"column":32},"end":{"line":47,"column":5}},"line":39},"2":{"name":"(anonymous_2)","decl":{"start":{"line":54,"column":4},"end":{"line":54,"column":5}},"loc":{"start":{"line":54,"column":32},"end":{"line":63,"column":5}},"line":54}},"branchMap":{"0":{"loc":{"start":{"line":22,"column":21},"end":{"line":22,"column":30}},"type":"default-arg","locations":[{"start":{"line":22,"column":28},"end":{"line":22,"column":30}}],"line":22},"1":{"loc":{"start":{"line":39,"column":21},"end":{"line":39,"column":30}},"type":"default-arg","locations":[{"start":{"line":39,"column":28},"end":{"line":39,"column":30}}],"line":39},"2":{"loc":{"start":{"line":54,"column":22},"end":{"line":54,"column":30}},"type":"default-arg","locations":[{"start":{"line":54,"column":28},"end":{"line":54,"column":30}}],"line":54},"3":{"loc":{"start":{"line":58,"column":19},"end":{"line":58,"column":63}},"type":"cond-expr","locations":[{"start":{"line":58,"column":42},"end":{"line":58,"column":51}},{"start":{"line":58,"column":54},"end":{"line":58,"column":63}}],"line":58}},"s":{"0":2,"1":0,"2":0,"3":1,"4":1,"5":0,"6":0,"7":2},"f":{"0":0,"1":1,"2":0},"b":{"0":[0],"1":[0],"2":[0],"3":[0,0]},"_coverageSchema":"1a1c01bbd47fc00a2c39e90264f33305004495a9","hash":"a17a2d1ec672b2962a754bf27bc25d8387159cd5"}
,"C:\\Sachin\\Projects\\BuildWithAI\\virtualPromptWars\\ep1\\middleware\\errorHandler.js": {"path":"C:\\Sachin\\Projects\\BuildWithAI\\virtualPromptWars\\ep1\\middleware\\errorHandler.js","statementMap":{"0":{"start":{"line":11,"column":21},"end":{"line":11,"column":58}},"1":{"start":{"line":17,"column":21},"end":{"line":45,"column":1}},"2":{"start":{"line":18,"column":23},"end":{"line":18,"column":44}},"3":{"start":{"line":21,"column":4},"end":{"line":27,"column":7}},"4":{"start":{"line":30,"column":22},"end":{"line":30,"column":76}},"5":{"start":{"line":32,"column":4},"end":{"line":38,"column":5}},"6":{"start":{"line":33,"column":8},"end":{"line":33,"column":75}},"7":{"start":{"line":34,"column":11},"end":{"line":38,"column":5}},"8":{"start":{"line":35,"column":8},"end":{"line":35,"column":62}},"9":{"start":{"line":36,"column":11},"end":{"line":38,"column":5}},"10":{"start":{"line":37,"column":8},"end":{"line":37,"column":73}},"11":{"start":{"line":40,"column":4},"end":{"line":44,"column":7}},"12":{"start":{"line":47,"column":0},"end":{"line":47,"column":30}}},"fnMap":{"0":{"name":"(anonymous_0)","decl":{"start":{"line":17,"column":21},"end":{"line":17,"column":22}},"loc":{"start":{"line":17,"column":46},"end":{"line":45,"column":1}},"line":17}},"branchMap":{"0":{"loc":{"start":{"line":18,"column":23},"end":{"line":18,"column":44}},"type":"binary-expr","locations":[{"start":{"line":18,"column":23},"end":{"line":18,"column":37}},{"start":{"line":18,"column":41},"end":{"line":18,"column":44}}],"line":18},"1":{"loc":{"start":{"line":26,"column":16},"end":{"line":26,"column":53}},"type":"cond-expr","locations":[{"start":{"line":26,"column":27},"end":{"line":26,"column":39}},{"start":{"line":26,"column":42},"end":{"line":26,"column":53}}],"line":26},"2":{"loc":{"start":{"line":32,"column":4},"end":{"line":38,"column":5}},"type":"if","locations":[{"start":{"line":32,"column":4},"end":{"line":38,"column":5}},{"start":{"line":34,"column":11},"end":{"line":38,"column":5}}],"line":32},"3":{"loc":{"start":{"line":32,"column":8},"end":{"line":32,"column":82}},"type":"binary-expr","locations":[{"start":{"line":32,"column":8},"end":{"line":32,"column":42}},{"start":{"line":32,"column":46},"end":{"line":32,"column":82}}],"line":32},"4":{"loc":{"start":{"line":34,"column":11},"end":{"line":38,"column":5}},"type":"if","locations":[{"start":{"line":34,"column":11},"end":{"line":38,"column":5}},{"start":{"line":36,"column":11},"end":{"line":38,"column":5}}],"line":34},"5":{"loc":{"start":{"line":36,"column":11},"end":{"line":38,"column":5}},"type":"if","locations":[{"start":{"line":36,"column":11},"end":{"line":38,"column":5}},{"start":{},"end":{}}],"line":36},"6":{"loc":{"start":{"line":43,"column":14},"end":{"line":43,"column":42}},"type":"binary-expr","locations":[{"start":{"line":43,"column":14},"end":{"line":43,"column":22}},{"start":{"line":43,"column":26},"end":{"line":43,"column":42}}],"line":43}},"s":{"0":2,"1":2,"2":0,"3":0,"4":0,"5":0,"6":0,"7":0,"8":0,"9":0,"10":0,"11":0,"12":2},"f":{"0":0},"b":{"0":[0,0],"1":[0,0],"2":[0,0],"3":[0,0],"4":[0,0],"5":[0,0],"6":[0,0]},"_coverageSchema":"1a1c01bbd47fc00a2c39e90264f33305004495a9","hash":"060d9e00d786a8ddfa2708314b4924c1118aac79"}
,"C:\\Sachin\\Projects\\BuildWithAI\\virtualPromptWars\\ep1\\middleware\\rbacMiddleware.js": {"path":"C:\\Sachin\\Projects\\BuildWithAI\\virtualPromptWars\\ep1\\middleware\\rbacMiddleware.js","statementMap":{"0":{"start":{"line":10,"column":21},"end":{"line":10,"column":51}},"1":{"start":{"line":11,"column":15},"end":{"line":11,"column":39}},"2":{"start":{"line":19,"column":21},"end":{"line":31,"column":1}},"3":{"start":{"line":20,"column":17},"end":{"line":20,"column":25}},"4":{"start":{"line":22,"column":4},"end":{"line":28,"column":5}},"5":{"start":{"line":23,"column":8},"end":{"line":26,"column":11}},"6":{"start":{"line":27,"column":8},"end":{"line":27,"column":100}},"7":{"start":{"line":30,"column":4},"end":{"line":30,"column":11}},"8":{"start":{"line":33,"column":0},"end":{"line":33,"column":34}}},"fnMap":{"0":{"name":"(anonymous_0)","decl":{"start":{"line":19,"column":21},"end":{"line":19,"column":22}},"loc":{"start":{"line":19,"column":41},"end":{"line":31,"column":1}},"line":19}},"branchMap":{"0":{"loc":{"start":{"line":22,"column":4},"end":{"line":28,"column":5}},"type":"if","locations":[{"start":{"line":22,"column":4},"end":{"line":28,"column":5}},{"start":{},"end":{}}],"line":22},"1":{"loc":{"start":{"line":22,"column":8},"end":{"line":22,"column":60}},"type":"binary-expr","locations":[{"start":{"line":22,"column":8},"end":{"line":22,"column":13}},{"start":{"line":22,"column":17},"end":{"line":22,"column":60}}],"line":22},"2":{"loc":{"start":{"line":24,"column":17},"end":{"line":24,"column":46}},"type":"cond-expr","locations":[{"start":{"line":24,"column":24},"end":{"line":24,"column":32}},{"start":{"line":24,"column":35},"end":{"line":24,"column":46}}],"line":24}},"s":{"0":2,"1":2,"2":2,"3":1,"4":1,"5":1,"6":1,"7":0,"8":2},"f":{"0":1},"b":{"0":[1,0],"1":[1,1],"2":[1,0]},"_coverageSchema":"1a1c01bbd47fc00a2c39e90264f33305004495a9","hash":"e9e9c194489fd9231f658f126d84bc1749946d7f"}
,"C:\\Sachin\\Projects\\BuildWithAI\\virtualPromptWars\\ep1\\middleware\\verifyFirebaseToken.js": {"path":"C:\\Sachin\\Projects\\BuildWithAI\\virtualPromptWars\\ep1\\middleware\\verifyFirebaseToken.js","statementMap":{"0":{"start":{"line":11,"column":14},"end":{"line":11,"column":39}},"1":{"start":{"line":12,"column":15},"end":{"line":12,"column":39}},"2":{"start":{"line":13,"column":12},"end":{"line":13,"column":35}},"3":{"start":{"line":16,"column":0},"end":{"line":25,"column":1}},"4":{"start":{"line":17,"column":4},"end":{"line":22,"column":5}},"5":{"start":{"line":18,"column":8},"end":{"line":20,"column":11}},"6":{"start":{"line":21,"column":8},"end":{"line":21,"column":94}},"7":{"start":{"line":24,"column":4},"end":{"line":24,"column":85}},"8":{"start":{"line":27,"column":21},"end":{"line":27,"column":51}},"9":{"start":{"line":28,"column":25},"end":{"line":28,"column":59}},"10":{"start":{"line":46,"column":28},"end":{"line":91,"column":1}},"11":{"start":{"line":47,"column":23},"end":{"line":47,"column":48}},"12":{"start":{"line":48,"column":4},"end":{"line":51,"column":5}},"13":{"start":{"line":49,"column":8},"end":{"line":49,"column":71}},"14":{"start":{"line":50,"column":8},"end":{"line":50,"column":82}},"15":{"start":{"line":53,"column":20},"end":{"line":53,"column":50}},"16":{"start":{"line":56,"column":4},"end":{"line":59,"column":5}},"17":{"start":{"line":57,"column":8},"end":{"line":57,"column":90}},"18":{"start":{"line":58,"column":8},"end":{"line":58,"column":22}},"19":{"start":{"line":61,"column":4},"end":{"line":90,"column":5}},"20":{"start":{"line":64,"column":29},"end":{"line":64,"column":70}},"21":{"start":{"line":65,"column":8},"end":{"line":65,"column":32}},"22":{"start":{"line":66,"column":8},"end":{"line":66,"column":15}},"23":{"start":{"line":69,"column":8},"end":{"line":77,"column":9}},"24":{"start":{"line":70,"column":30},"end":{"line":70,"column":67}},"25":{"start":{"line":71,"column":12},"end":{"line":74,"column":13}},"26":{"start":{"line":72,"column":16},"end":{"line":72,"column":37}},"27":{"start":{"line":73,"column":16},"end":{"line":73,"column":30}},"28":{"start":{"line":80,"column":21},"end":{"line":80,"column":55}},"29":{"start":{"line":81,"column":24},"end":{"line":81,"column":86}},"30":{"start":{"line":82,"column":8},"end":{"line":86,"column":9}},"31":{"start":{"line":83,"column":13},"end":{"line":83,"column":91}},"32":{"start":{"line":84,"column":13},"end":{"line":84,"column":122}},"33":{"start":{"line":85,"column":13},"end":{"line":85,"column":27}},"34":{"start":{"line":88,"column":8},"end":{"line":88,"column":73}},"35":{"start":{"line":89,"column":8},"end":{"line":89,"column":71}},"36":{"start":{"line":93,"column":0},"end":{"line":93,"column":48}}},"fnMap":{"0":{"name":"(anonymous_0)","decl":{"start":{"line":46,"column":28},"end":{"line":46,"column":29}},"loc":{"start":{"line":46,"column":54},"end":{"line":91,"column":1}},"line":46}},"branchMap":{"0":{"loc":{"start":{"line":17,"column":4},"end":{"line":22,"column":5}},"type":"if","locations":[{"start":{"line":17,"column":4},"end":{"line":22,"column":5}},{"start":{},"end":{}}],"line":17},"1":{"loc":{"start":{"line":19,"column":23},"end":{"line":19,"column":80}},"type":"binary-expr","locations":[{"start":{"line":19,"column":23},"end":{"line":19,"column":55}},{"start":{"line":19,"column":59},"end":{"line":19,"column":80}}],"line":19},"2":{"loc":{"start":{"line":48,"column":4},"end":{"line":51,"column":5}},"type":"if","locations":[{"start":{"line":48,"column":4},"end":{"line":51,"column":5}},{"start":{},"end":{}}],"line":48},"3":{"loc":{"start":{"line":48,"column":8},"end":{"line":48,"column":56}},"type":"binary-expr","locations":[{"start":{"line":48,"column":8},"end":{"line":48,"column":19}},{"start":{"line":48,"column":23},"end":{"line":48,"column":56}}],"line":48},"4":{"loc":{"start":{"line":56,"column":4},"end":{"line":59,"column":5}},"type":"if","locations":[{"start":{"line":56,"column":4},"end":{"line":59,"column":5}},{"start":{},"end":{}}],"line":56},"5":{"loc":{"start":{"line":56,"column":8},"end":{"line":56,"column":67}},"type":"binary-expr","locations":[{"start":{"line":56,"column":8},"end":{"line":56,"column":39}},{"start":{"line":56,"column":43},"end":{"line":56,"column":67}}],"line":56},"6":{"loc":{"start":{"line":71,"column":12},"end":{"line":74,"column":13}},"type":"if","locations":[{"start":{"line":71,"column":12},"end":{"line":74,"column":13}},{"start":{},"end":{}}],"line":71},"7":{"loc":{"start":{"line":80,"column":22},"end":{"line":80,"column":40}},"type":"binary-expr","locations":[{"start":{"line":80,"column":22},"end":{"line":80,"column":34}},{"start":{"line":80,"column":38},"end":{"line":80,"column":40}}],"line":80},"8":{"loc":{"start":{"line":81,"column":24},"end":{"line":81,"column":86}},"type":"binary-expr","locations":[{"start":{"line":81,"column":24},"end":{"line":81,"column":44}},{"start":{"line":81,"column":48},"end":{"line":81,"column":68}},{"start":{"line":81,"column":72},"end":{"line":81,"column":86}}],"line":81},"9":{"loc":{"start":{"line":82,"column":8},"end":{"line":86,"column":9}},"type":"if","locations":[{"start":{"line":82,"column":8},"end":{"line":86,"column":9}},{"start":{},"end":{}}],"line":82},"10":{"loc":{"start":{"line":82,"column":12},"end":{"line":82,"column":60}},"type":"binary-expr","locations":[{"start":{"line":82,"column":12},"end":{"line":82,"column":49}},{"start":{"line":82,"column":53},"end":{"line":82,"column":60}}],"line":82}},"s":{"0":2,"1":2,"2":2,"3":2,"4":2,"5":2,"6":2,"7":0,"8":2,"9":2,"10":2,"11":7,"12":7,"13":0,"14":0,"15":7,"16":7,"17":0,"18":0,"19":7,"20":7,"21":7,"22":7,"23":0,"24":0,"25":0,"26":0,"27":0,"28":0,"29":0,"30":0,"31":0,"32":0,"33":0,"34":0,"35":0,"36":2},"f":{"0":7},"b":{"0":[2,0],"1":[2,0],"2":[0,7],"3":[7,7],"4":[0,7],"5":[7,7],"6":[0,0],"7":[0,0],"8":[0,0,0],"9":[0,0],"10":[0,0]},"_coverageSchema":"1a1c01bbd47fc00a2c39e90264f33305004495a9","hash":"e59bb95ba29c0eaac55717f4a14ed389923c120c"}
,"C:\\Sachin\\Projects\\BuildWithAI\\virtualPromptWars\\ep1\\public\\js\\utils.js": {"path":"C:\\Sachin\\Projects\\BuildWithAI\\virtualPromptWars\\ep1\\public\\js\\utils.js","statementMap":{"0":{"start":{"line":9,"column":18},"end":{"line":9,"column":65}},"1":{"start":{"line":11,"column":0},"end":{"line":90,"column":2}},"2":{"start":{"line":13,"column":8},"end":{"line":13,"column":59}},"3":{"start":{"line":13,"column":49},"end":{"line":13,"column":59}},"4":{"start":{"line":14,"column":8},"end":{"line":20,"column":20}},"5":{"start":{"line":23,"column":24},"end":{"line":23,"column":67}},"6":{"start":{"line":26,"column":26},"end":{"line":26,"column":47}},"7":{"start":{"line":27,"column":8},"end":{"line":27,"column":38}},"8":{"start":{"line":27,"column":31},"end":{"line":27,"column":38}},"9":{"start":{"line":29,"column":19},"end":{"line":29,"column":40}},"10":{"start":{"line":30,"column":26},"end":{"line":34,"column":9}},"11":{"start":{"line":35,"column":8},"end":{"line":35,"column":36}},"12":{"start":{"line":36,"column":8},"end":{"line":39,"column":17}},"13":{"start":{"line":37,"column":12},"end":{"line":37,"column":46}},"14":{"start":{"line":38,"column":12},"end":{"line":38,"column":56}},"15":{"start":{"line":38,"column":29},"end":{"line":38,"column":49}},"16":{"start":{"line":47,"column":34},"end":{"line":47,"column":122}},"17":{"start":{"line":48,"column":31},"end":{"line":48,"column":51}},"18":{"start":{"line":49,"column":30},"end":{"line":49,"column":77}},"19":{"start":{"line":51,"column":8},"end":{"line":65,"column":11}},"20":{"start":{"line":52,"column":12},"end":{"line":52,"column":40}},"21":{"start":{"line":52,"column":33},"end":{"line":52,"column":40}},"22":{"start":{"line":54,"column":12},"end":{"line":64,"column":13}},"23":{"start":{"line":55,"column":16},"end":{"line":58,"column":17}},"24":{"start":{"line":56,"column":20},"end":{"line":56,"column":42}},"25":{"start":{"line":57,"column":20},"end":{"line":57,"column":39}},"26":{"start":{"line":60,"column":16},"end":{"line":63,"column":17}},"27":{"start":{"line":61,"column":20},"end":{"line":61,"column":43}},"28":{"start":{"line":62,"column":20},"end":{"line":62,"column":39}},"29":{"start":{"line":67,"column":8},"end":{"line":67,"column":51}},"30":{"start":{"line":67,"column":28},"end":{"line":67,"column":51}},"31":{"start":{"line":71,"column":8},"end":{"line":71,"column":56}},"32":{"start":{"line":71,"column":43},"end":{"line":71,"column":56}},"33":{"start":{"line":72,"column":8},"end":{"line":82,"column":9}},"34":{"start":{"line":74,"column":16},"end":{"line":74,"column":113}},"35":{"start":{"line":76,"column":29},"end":{"line":76,"column":44}},"36":{"start":{"line":77,"column":16},"end":{"line":77,"column":63}},"37":{"start":{"line":79,"column":16},"end":{"line":79,"column":64}},"38":{"start":{"line":81,"column":16},"end":{"line":81,"column":76}},"39":{"start":{"line":86,"column":21},"end":{"line":86,"column":42}},"40":{"start":{"line":87,"column":8},"end":{"line":87,"column":74}},"41":{"start":{"line":87,"column":26},"end":{"line":87,"column":74}},"42":{"start":{"line":88,"column":8},"end":{"line":88,"column":20}},"43":{"start":{"line":92,"column":0},"end":{"line":92,"column":68}},"44":{"start":{"line":92,"column":35},"end":{"line":92,"column":68}}},"fnMap":{"0":{"name":"(anonymous_0)","decl":{"start":{"line":12,"column":19},"end":{"line":12,"column":20}},"loc":{"start":{"line":12,"column":30},"end":{"line":21,"column":5}},"line":12},"1":{"name":"(anonymous_1)","decl":{"start":{"line":23,"column":18},"end":{"line":23,"column":19}},"loc":{"start":{"line":23,"column":24},"end":{"line":23,"column":67}},"line":23},"2":{"name":"(anonymous_2)","decl":{"start":{"line":25,"column":15},"end":{"line":25,"column":16}},"loc":{"start":{"line":25,"column":43},"end":{"line":40,"column":5}},"line":25},"3":{"name":"(anonymous_3)","decl":{"start":{"line":36,"column":19},"end":{"line":36,"column":20}},"loc":{"start":{"line":36,"column":25},"end":{"line":39,"column":9}},"line":36},"4":{"name":"(anonymous_4)","decl":{"start":{"line":38,"column":23},"end":{"line":38,"column":24}},"loc":{"start":{"line":38,"column":29},"end":{"line":38,"column":49}},"line":38},"5":{"name":"(anonymous_5)","decl":{"start":{"line":46,"column":15},"end":{"line":46,"column":16}},"loc":{"start":{"line":46,"column":28},"end":{"line":68,"column":5}},"line":46},"6":{"name":"(anonymous_6)","decl":{"start":{"line":51,"column":30},"end":{"line":51,"column":31}},"loc":{"start":{"line":51,"column":37},"end":{"line":65,"column":9}},"line":51},"7":{"name":"(anonymous_7)","decl":{"start":{"line":70,"column":19},"end":{"line":70,"column":20}},"loc":{"start":{"line":70,"column":36},"end":{"line":83,"column":5}},"line":70},"8":{"name":"(anonymous_8)","decl":{"start":{"line":85,"column":20},"end":{"line":85,"column":21}},"loc":{"start":{"line":85,"column":40},"end":{"line":89,"column":5}},"line":85}},"branchMap":{"0":{"loc":{"start":{"line":9,"column":18},"end":{"line":9,"column":65}},"type":"cond-expr","locations":[{"start":{"line":9,"column":50},"end":{"line":9,"column":56}},{"start":{"line":9,"column":59},"end":{"line":9,"column":65}}],"line":9},"1":{"loc":{"start":{"line":13,"column":8},"end":{"line":13,"column":59}},"type":"if","locations":[{"start":{"line":13,"column":8},"end":{"line":13,"column":59}},{"start":{},"end":{}}],"line":13},"2":{"loc":{"start":{"line":13,"column":12},"end":{"line":13,"column":47}},"type":"binary-expr","locations":[{"start":{"line":13,"column":12},"end":{"line":13,"column":18}},{"start":{"line":13,"column":22},"end":{"line":13,"column":47}}],"line":13},"3":{"loc":{"start":{"line":25,"column":25},"end":{"line":25,"column":38}},"type":"default-arg","locations":[{"start":{"line":25,"column":32},"end":{"line":25,"column":38}}],"line":25},"4":{"loc":{"start":{"line":27,"column":8},"end":{"line":27,"column":38}},"type":"if","locations":[{"start":{"line":27,"column":8},"end":{"line":27,"column":38}},{"start":{},"end":{}}],"line":27},"5":{"loc":{"start":{"line":52,"column":12},"end":{"line":52,"column":40}},"type":"if","locations":[{"start":{"line":52,"column":12},"end":{"line":52,"column":40}},{"start":{},"end":{}}],"line":52},"6":{"loc":{"start":{"line":54,"column":12},"end":{"line":64,"column":13}},"type":"if","locations":[{"start":{"line":54,"column":12},"end":{"line":64,"column":13}},{"start":{"line":59,"column":19},"end":{"line":64,"column":13}}],"line":54},"7":{"loc":{"start":{"line":55,"column":16},"end":{"line":58,"column":17}},"type":"if","locations":[{"start":{"line":55,"column":16},"end":{"line":58,"column":17}},{"start":{},"end":{}}],"line":55},"8":{"loc":{"start":{"line":60,"column":16},"end":{"line":63,"column":17}},"type":"if","locations":[{"start":{"line":60,"column":16},"end":{"line":63,"column":17}},{"start":{},"end":{}}],"line":60},"9":{"loc":{"start":{"line":67,"column":8},"end":{"line":67,"column":51}},"type":"if","locations":[{"start":{"line":67,"column":8},"end":{"line":67,"column":51}},{"start":{},"end":{}}],"line":67},"10":{"loc":{"start":{"line":71,"column":8},"end":{"line":71,"column":56}},"type":"if","locations":[{"start":{"line":71,"column":8},"end":{"line":71,"column":56}},{"start":{},"end":{}}],"line":71},"11":{"loc":{"start":{"line":71,"column":12},"end":{"line":71,"column":41}},"type":"binary-expr","locations":[{"start":{"line":71,"column":12},"end":{"line":71,"column":18}},{"start":{"line":71,"column":22},"end":{"line":71,"column":41}}],"line":71},"12":{"loc":{"start":{"line":72,"column":8},"end":{"line":82,"column":9}},"type":"switch","locations":[{"start":{"line":73,"column":12},"end":{"line":74,"column":113}},{"start":{"line":75,"column":12},"end":{"line":77,"column":63}},{"start":{"line":78,"column":12},"end":{"line":79,"column":64}},{"start":{"line":80,"column":12},"end":{"line":81,"column":76}}],"line":72},"13":{"loc":{"start":{"line":77,"column":23},"end":{"line":77,"column":62}},"type":"binary-expr","locations":[{"start":{"line":77,"column":23},"end":{"line":77,"column":35}},{"start":{"line":77,"column":39},"end":{"line":77,"column":47}},{"start":{"line":77,"column":51},"end":{"line":77,"column":62}}],"line":77},"14":{"loc":{"start":{"line":81,"column":23},"end":{"line":81,"column":75}},"type":"binary-expr","locations":[{"start":{"line":81,"column":23},"end":{"line":81,"column":48}},{"start":{"line":81,"column":52},"end":{"line":81,"column":75}}],"line":81},"15":{"loc":{"start":{"line":87,"column":8},"end":{"line":87,"column":74}},"type":"if","locations":[{"start":{"line":87,"column":8},"end":{"line":87,"column":74}},{"start":{},"end":{}}],"line":87},"16":{"loc":{"start":{"line":87,"column":42},"end":{"line":87,"column":72}},"type":"binary-expr","locations":[{"start":{"line":87,"column":42},"end":{"line":87,"column":52}},{"start":{"line":87,"column":56},"end":{"line":87,"column":72}}],"line":87},"17":{"loc":{"start":{"line":92,"column":0},"end":{"line":92,"column":68}},"type":"if","locations":[{"start":{"line":92,"column":0},"end":{"line":92,"column":68}},{"start":{},"end":{}}],"line":92}},"s":{"0":2,"1":2,"2":6,"3":3,"4":3,"5":2,"6":0,"7":0,"8":0,"9":0,"10":0,"11":0,"12":0,"13":0,"14":0,"15":0,"16":0,"17":0,"18":0,"19":0,"20":0,"21":0,"22":0,"23":0,"24":0,"25":0,"26":0,"27":0,"28":0,"29":0,"30":0,"31":9,"32":1,"33":8,"34":3,"35":3,"36":3,"37":0,"38":2,"39":2,"40":2,"41":1,"42":1,"43":2,"44":2},"f":{"0":6,"1":2,"2":0,"3":0,"4":0,"5":0,"6":0,"7":9,"8":2},"b":{"0":[0,2],"1":[3,3],"2":[6,4],"3":[0],"4":[0,0],"5":[0,0],"6":[0,0],"7":[0,0],"8":[0,0],"9":[0,0],"10":[1,8],"11":[9,1],"12":[3,3,0,2],"13":[3,3,2],"14":[2,2],"15":[1,1],"16":[1,0],"17":[2,0]},"_coverageSchema":"1a1c01bbd47fc00a2c39e90264f33305004495a9","hash":"22f499eee2832416521fc97b3e4e7be37634c743"}
,"C:\\Sachin\\Projects\\BuildWithAI\\virtualPromptWars\\ep1\\routes\\admin.js": {"path":"C:\\Sachin\\Projects\\BuildWithAI\\virtualPromptWars\\ep1\\routes\\admin.js","statementMap":{"0":{"start":{"line":10,"column":16},"end":{"line":10,"column":34}},"1":{"start":{"line":11,"column":12},"end":{"line":11,"column":35}},"2":{"start":{"line":12,"column":15},"end":{"line":12,"column":31}},"3":{"start":{"line":13,"column":21},"end":{"line":13,"column":51}},"4":{"start":{"line":14,"column":15},"end":{"line":14,"column":39}},"5":{"start":{"line":15,"column":25},"end":{"line":15,"column":64}},"6":{"start":{"line":16,"column":32},"end":{"line":16,"column":76}},"7":{"start":{"line":17,"column":26},"end":{"line":17,"column":65}},"8":{"start":{"line":18,"column":36},"end":{"line":18,"column":70}},"9":{"start":{"line":19,"column":46},"end":{"line":19,"column":82}},"10":{"start":{"line":24,"column":0},"end":{"line":43,"column":3}},"11":{"start":{"line":25,"column":4},"end":{"line":42,"column":5}},"12":{"start":{"line":26,"column":39},"end":{"line":26,"column":47}},"13":{"start":{"line":27,"column":8},"end":{"line":27,"column":138}},"14":{"start":{"line":30,"column":8},"end":{"line":37,"column":9}},"15":{"start":{"line":31,"column":26},"end":{"line":35,"column":13}},"16":{"start":{"line":36,"column":12},"end":{"line":36,"column":54}},"17":{"start":{"line":39,"column":8},"end":{"line":39,"column":85}},"18":{"start":{"line":41,"column":8},"end":{"line":41,"column":18}},"19":{"start":{"line":48,"column":0},"end":{"line":48,"column":32}},"20":{"start":{"line":49,"column":0},"end":{"line":49,"column":25}},"21":{"start":{"line":54,"column":0},"end":{"line":61,"column":3}},"22":{"start":{"line":55,"column":4},"end":{"line":60,"column":5}},"23":{"start":{"line":56,"column":22},"end":{"line":56,"column":43}},"24":{"start":{"line":57,"column":8},"end":{"line":57,"column":24}},"25":{"start":{"line":59,"column":8},"end":{"line":59,"column":18}},"26":{"start":{"line":67,"column":0},"end":{"line":74,"column":3}},"27":{"start":{"line":68,"column":4},"end":{"line":73,"column":5}},"28":{"start":{"line":69,"column":24},"end":{"line":69,"column":58}},"29":{"start":{"line":70,"column":8},"end":{"line":70,"column":30}},"30":{"start":{"line":72,"column":8},"end":{"line":72,"column":18}},"31":{"start":{"line":80,"column":0},"end":{"line":88,"column":3}},"32":{"start":{"line":81,"column":4},"end":{"line":87,"column":5}},"33":{"start":{"line":82,"column":34},"end":{"line":82,"column":42}},"34":{"start":{"line":83,"column":24},"end":{"line":83,"column":58}},"35":{"start":{"line":84,"column":8},"end":{"line":84,"column":30}},"36":{"start":{"line":86,"column":8},"end":{"line":86,"column":18}},"37":{"start":{"line":94,"column":0},"end":{"line":117,"column":3}},"38":{"start":{"line":95,"column":4},"end":{"line":116,"column":5}},"39":{"start":{"line":96,"column":43},"end":{"line":96,"column":51}},"40":{"start":{"line":97,"column":8},"end":{"line":99,"column":9}},"41":{"start":{"line":98,"column":12},"end":{"line":98,"column":89}},"42":{"start":{"line":100,"column":24},"end":{"line":100,"column":77}},"43":{"start":{"line":103,"column":22},"end":{"line":103,"column":72}},"44":{"start":{"line":104,"column":8},"end":{"line":111,"column":11}},"45":{"start":{"line":113,"column":8},"end":{"line":113,"column":26}},"46":{"start":{"line":115,"column":8},"end":{"line":115,"column":18}},"47":{"start":{"line":119,"column":0},"end":{"line":119,"column":24}}},"fnMap":{"0":{"name":"(anonymous_0)","decl":{"start":{"line":24,"column":22},"end":{"line":24,"column":23}},"loc":{"start":{"line":24,"column":42},"end":{"line":43,"column":1}},"line":24},"1":{"name":"(anonymous_1)","decl":{"start":{"line":54,"column":31},"end":{"line":54,"column":32}},"loc":{"start":{"line":54,"column":57},"end":{"line":61,"column":1}},"line":54},"2":{"name":"(anonymous_2)","decl":{"start":{"line":67,"column":23},"end":{"line":67,"column":24}},"loc":{"start":{"line":67,"column":49},"end":{"line":74,"column":1}},"line":67},"3":{"name":"(anonymous_3)","decl":{"start":{"line":80,"column":26},"end":{"line":80,"column":27}},"loc":{"start":{"line":80,"column":52},"end":{"line":88,"column":1}},"line":80},"4":{"name":"(anonymous_4)","decl":{"start":{"line":94,"column":25},"end":{"line":94,"column":26}},"loc":{"start":{"line":94,"column":51},"end":{"line":117,"column":1}},"line":94}},"branchMap":{"0":{"loc":{"start":{"line":27,"column":113},"end":{"line":27,"column":134}},"type":"binary-expr","locations":[{"start":{"line":27,"column":113},"end":{"line":27,"column":129}},{"start":{"line":27,"column":133},"end":{"line":27,"column":134}}],"line":27},"1":{"loc":{"start":{"line":30,"column":8},"end":{"line":37,"column":9}},"type":"if","locations":[{"start":{"line":30,"column":8},"end":{"line":37,"column":9}},{"start":{},"end":{}}],"line":30},"2":{"loc":{"start":{"line":30,"column":12},"end":{"line":30,"column":59}},"type":"binary-expr","locations":[{"start":{"line":30,"column":12},"end":{"line":30,"column":31}},{"start":{"line":30,"column":35},"end":{"line":30,"column":59}}],"line":30},"3":{"loc":{"start":{"line":97,"column":8},"end":{"line":99,"column":9}},"type":"if","locations":[{"start":{"line":97,"column":8},"end":{"line":99,"column":9}},{"start":{},"end":{}}],"line":97},"4":{"loc":{"start":{"line":97,"column":12},"end":{"line":97,"column":38}},"type":"binary-expr","locations":[{"start":{"line":97,"column":12},"end":{"line":97,"column":24}},{"start":{"line":97,"column":28},"end":{"line":97,"column":38}}],"line":97}},"s":{"0":2,"1":2,"2":2,"3":2,"4":2,"5":2,"6":2,"7":2,"8":2,"9":2,"10":2,"11":0,"12":0,"13":0,"14":0,"15":0,"16":0,"17":0,"18":0,"19":2,"20":2,"21":2,"22":0,"23":0,"24":0,"25":0,"26":2,"27":0,"28":0,"29":0,"30":0,"31":2,"32":0,"33":0,"34":0,"35":0,"36":0,"37":2,"38":0,"39":0,"40":0,"41":0,"42":0,"43":0,"44":0,"45":0,"46":0,"47":2},"f":{"0":0,"1":0,"2":0,"3":0,"4":0},"b":{"0":[0,0],"1":[0,0],"2":[0,0],"3":[0,0],"4":[0,0]},"_coverageSchema":"1a1c01bbd47fc00a2c39e90264f33305004495a9","hash":"4ac928b3988c0b3aba6a5c04957092d6178e29af"}
,"C:\\Sachin\\Projects\\BuildWithAI\\virtualPromptWars\\ep1\\routes\\api.js": {"path":"C:\\Sachin\\Projects\\BuildWithAI\\virtualPromptWars\\ep1\\routes\\api.js","statementMap":{"0":{"start":{"line":11,"column":16},"end":{"line":11,"column":34}},"1":{"start":{"line":12,"column":15},"end":{"line":12,"column":31}},"2":{"start":{"line":13,"column":39},"end":{"line":13,"column":83}},"3":{"start":{"line":14,"column":29},"end":{"line":14,"column":61}},"4":{"start":{"line":22,"column":4},"end":{"line":22,"column":43}},"5":{"start":{"line":23,"column":21},"end":{"line":23,"column":58}},"6":{"start":{"line":25,"column":26},"end":{"line":25,"column":62}},"7":{"start":{"line":30,"column":0},"end":{"line":37,"column":3}},"8":{"start":{"line":31,"column":4},"end":{"line":36,"column":5}},"9":{"start":{"line":32,"column":23},"end":{"line":32,"column":44}},"10":{"start":{"line":33,"column":8},"end":{"line":33,"column":25}},"11":{"start":{"line":35,"column":8},"end":{"line":35,"column":55}},"12":{"start":{"line":40,"column":0},"end":{"line":40,"column":32}},"13":{"start":{"line":45,"column":0},"end":{"line":47,"column":3}},"14":{"start":{"line":46,"column":4},"end":{"line":46,"column":71}},"15":{"start":{"line":52,"column":0},"end":{"line":59,"column":3}},"16":{"start":{"line":53,"column":4},"end":{"line":58,"column":5}},"17":{"start":{"line":54,"column":22},"end":{"line":54,"column":44}},"18":{"start":{"line":55,"column":8},"end":{"line":55,"column":56}},"19":{"start":{"line":57,"column":8},"end":{"line":57,"column":20}},"20":{"start":{"line":64,"column":0},"end":{"line":73,"column":3}},"21":{"start":{"line":65,"column":4},"end":{"line":72,"column":5}},"22":{"start":{"line":66,"column":37},"end":{"line":66,"column":45}},"23":{"start":{"line":68,"column":23},"end":{"line":68,"column":80}},"24":{"start":{"line":69,"column":8},"end":{"line":69,"column":65}},"25":{"start":{"line":71,"column":8},"end":{"line":71,"column":20}},"26":{"start":{"line":78,"column":0},"end":{"line":86,"column":3}},"27":{"start":{"line":79,"column":4},"end":{"line":85,"column":5}},"28":{"start":{"line":80,"column":24},"end":{"line":80,"column":58}},"29":{"start":{"line":81,"column":8},"end":{"line":81,"column":82}},"30":{"start":{"line":81,"column":22},"end":{"line":81,"column":82}},"31":{"start":{"line":82,"column":8},"end":{"line":82,"column":45}},"32":{"start":{"line":84,"column":8},"end":{"line":84,"column":20}},"33":{"start":{"line":91,"column":0},"end":{"line":99,"column":3}},"34":{"start":{"line":92,"column":4},"end":{"line":98,"column":5}},"35":{"start":{"line":93,"column":28},"end":{"line":93,"column":36}},"36":{"start":{"line":94,"column":8},"end":{"line":94,"column":55}},"37":{"start":{"line":95,"column":8},"end":{"line":95,"column":36}},"38":{"start":{"line":97,"column":8},"end":{"line":97,"column":20}},"39":{"start":{"line":104,"column":0},"end":{"line":146,"column":3}},"40":{"start":{"line":105,"column":4},"end":{"line":145,"column":5}},"41":{"start":{"line":106,"column":26},"end":{"line":106,"column":34}},"42":{"start":{"line":107,"column":23},"end":{"line":107,"column":35}},"43":{"start":{"line":109,"column":8},"end":{"line":111,"column":9}},"44":{"start":{"line":110,"column":12},"end":{"line":110,"column":98}},"45":{"start":{"line":113,"column":8},"end":{"line":142,"column":9}},"46":{"start":{"line":114,"column":12},"end":{"line":114,"column":79}},"47":{"start":{"line":115,"column":29},"end":{"line":115,"column":58}},"48":{"start":{"line":117,"column":12},"end":{"line":119,"column":13}},"49":{"start":{"line":118,"column":16},"end":{"line":118,"column":86}},"50":{"start":{"line":121,"column":12},"end":{"line":121,"column":71}},"51":{"start":{"line":123,"column":34},"end":{"line":123,"column":88}},"52":{"start":{"line":125,"column":12},"end":{"line":132,"column":15}},"53":{"start":{"line":134,"column":12},"end":{"line":134,"column":73}},"54":{"start":{"line":135,"column":12},"end":{"line":135,"column":31}},"55":{"start":{"line":137,"column":12},"end":{"line":137,"column":84}},"56":{"start":{"line":138,"column":12},"end":{"line":141,"column":15}},"57":{"start":{"line":144,"column":8},"end":{"line":144,"column":20}},"58":{"start":{"line":151,"column":0},"end":{"line":219,"column":3}},"59":{"start":{"line":152,"column":4},"end":{"line":218,"column":5}},"60":{"start":{"line":154,"column":8},"end":{"line":156,"column":9}},"61":{"start":{"line":155,"column":12},"end":{"line":155,"column":80}},"62":{"start":{"line":158,"column":43},"end":{"line":158,"column":51}},"63":{"start":{"line":159,"column":20},"end":{"line":159,"column":32}},"64":{"start":{"line":161,"column":8},"end":{"line":163,"column":9}},"65":{"start":{"line":162,"column":12},"end":{"line":162,"column":102}},"66":{"start":{"line":166,"column":36},"end":{"line":166,"column":72}},"67":{"start":{"line":167,"column":23},"end":{"line":167,"column":46}},"68":{"start":{"line":168,"column":8},"end":{"line":170,"column":9}},"69":{"start":{"line":169,"column":12},"end":{"line":169,"column":117}},"70":{"start":{"line":173,"column":8},"end":{"line":173,"column":83}},"71":{"start":{"line":174,"column":44},"end":{"line":174,"column":78}},"72":{"start":{"line":175,"column":24},"end":{"line":175,"column":77}},"73":{"start":{"line":178,"column":8},"end":{"line":180,"column":9}},"74":{"start":{"line":179,"column":12},"end":{"line":179,"column":99}},"75":{"start":{"line":182,"column":8},"end":{"line":182,"column":81}},"76":{"start":{"line":185,"column":19},"end":{"line":185,"column":36}},"77":{"start":{"line":187,"column":8},"end":{"line":187,"column":73}},"78":{"start":{"line":189,"column":26},"end":{"line":189,"column":70}},"79":{"start":{"line":192,"column":24},"end":{"line":192,"column":58}},"80":{"start":{"line":193,"column":8},"end":{"line":201,"column":11}},"81":{"start":{"line":204,"column":31},"end":{"line":204,"column":66}},"82":{"start":{"line":205,"column":8},"end":{"line":211,"column":11}},"83":{"start":{"line":213,"column":8},"end":{"line":213,"column":82}},"84":{"start":{"line":214,"column":8},"end":{"line":214,"column":26}},"85":{"start":{"line":217,"column":8},"end":{"line":217,"column":20}},"86":{"start":{"line":221,"column":0},"end":{"line":221,"column":24}}},"fnMap":{"0":{"name":"(anonymous_0)","decl":{"start":{"line":30,"column":30},"end":{"line":30,"column":31}},"loc":{"start":{"line":30,"column":56},"end":{"line":37,"column":1}},"line":30},"1":{"name":"(anonymous_1)","decl":{"start":{"line":45,"column":25},"end":{"line":45,"column":26}},"loc":{"start":{"line":45,"column":39},"end":{"line":47,"column":1}},"line":45},"2":{"name":"(anonymous_2)","decl":{"start":{"line":52,"column":30},"end":{"line":52,"column":31}},"loc":{"start":{"line":52,"column":56},"end":{"line":59,"column":1}},"line":52},"3":{"name":"(anonymous_3)","decl":{"start":{"line":64,"column":29},"end":{"line":64,"column":30}},"loc":{"start":{"line":64,"column":55},"end":{"line":73,"column":1}},"line":64},"4":{"name":"(anonymous_4)","decl":{"start":{"line":78,"column":26},"end":{"line":78,"column":27}},"loc":{"start":{"line":78,"column":52},"end":{"line":86,"column":1}},"line":78},"5":{"name":"(anonymous_5)","decl":{"start":{"line":91,"column":39},"end":{"line":91,"column":40}},"loc":{"start":{"line":91,"column":65},"end":{"line":99,"column":1}},"line":91},"6":{"name":"(anonymous_6)","decl":{"start":{"line":104,"column":37},"end":{"line":104,"column":38}},"loc":{"start":{"line":104,"column":63},"end":{"line":146,"column":1}},"line":104},"7":{"name":"(anonymous_7)","decl":{"start":{"line":151,"column":34},"end":{"line":151,"column":35}},"loc":{"start":{"line":151,"column":60},"end":{"line":219,"column":1}},"line":151}},"branchMap":{"0":{"loc":{"start":{"line":46,"column":35},"end":{"line":46,"column":67}},"type":"binary-expr","locations":[{"start":{"line":46,"column":35},"end":{"line":46,"column":48}},{"start":{"line":46,"column":52},"end":{"line":46,"column":67}}],"line":46},"1":{"loc":{"start":{"line":68,"column":45},"end":{"line":68,"column":64}},"type":"binary-expr","locations":[{"start":{"line":68,"column":45},"end":{"line":68,"column":57}},{"start":{"line":68,"column":61},"end":{"line":68,"column":64}}],"line":68},"2":{"loc":{"start":{"line":81,"column":8},"end":{"line":81,"column":82}},"type":"if","locations":[{"start":{"line":81,"column":8},"end":{"line":81,"column":82}},{"start":{},"end":{}}],"line":81},"3":{"loc":{"start":{"line":109,"column":8},"end":{"line":111,"column":9}},"type":"if","locations":[{"start":{"line":109,"column":8},"end":{"line":111,"column":9}},{"start":{},"end":{}}],"line":109},"4":{"loc":{"start":{"line":109,"column":12},"end":{"line":109,"column":47}},"type":"binary-expr","locations":[{"start":{"line":109,"column":12},"end":{"line":109,"column":18}},{"start":{"line":109,"column":22},"end":{"line":109,"column":47}}],"line":109},"5":{"loc":{"start":{"line":117,"column":12},"end":{"line":119,"column":13}},"type":"if","locations":[{"start":{"line":117,"column":12},"end":{"line":119,"column":13}},{"start":{},"end":{}}],"line":117},"6":{"loc":{"start":{"line":117,"column":16},"end":{"line":117,"column":82}},"type":"binary-expr","locations":[{"start":{"line":117,"column":16},"end":{"line":117,"column":25}},{"start":{"line":117,"column":29},"end":{"line":117,"column":46}},{"start":{"line":117,"column":50},"end":{"line":117,"column":82}}],"line":117},"7":{"loc":{"start":{"line":154,"column":8},"end":{"line":156,"column":9}},"type":"if","locations":[{"start":{"line":154,"column":8},"end":{"line":156,"column":9}},{"start":{},"end":{}}],"line":154},"8":{"loc":{"start":{"line":154,"column":12},"end":{"line":154,"column":69}},"type":"binary-expr","locations":[{"start":{"line":154,"column":12},"end":{"line":154,"column":37}},{"start":{"line":154,"column":41},"end":{"line":154,"column":69}}],"line":154},"9":{"loc":{"start":{"line":161,"column":8},"end":{"line":163,"column":9}},"type":"if","locations":[{"start":{"line":161,"column":8},"end":{"line":163,"column":9}},{"start":{},"end":{}}],"line":161},"10":{"loc":{"start":{"line":161,"column":12},"end":{"line":161,"column":38}},"type":"binary-expr","locations":[{"start":{"line":161,"column":12},"end":{"line":161,"column":24}},{"start":{"line":161,"column":28},"end":{"line":161,"column":38}}],"line":161},"11":{"loc":{"start":{"line":168,"column":8},"end":{"line":170,"column":9}},"type":"if","locations":[{"start":{"line":168,"column":8},"end":{"line":170,"column":9}},{"start":{},"end":{}}],"line":168},"12":{"loc":{"start":{"line":178,"column":8},"end":{"line":180,"column":9}},"type":"if","locations":[{"start":{"line":178,"column":8},"end":{"line":180,"column":9}},{"start":{},"end":{}}],"line":178},"13":{"loc":{"start":{"line":178,"column":12},"end":{"line":178,"column":77}},"type":"binary-expr","locations":[{"start":{"line":178,"column":12},"end":{"line":178,"column":20}},{"start":{"line":178,"column":24},"end":{"line":178,"column":57}},{"start":{"line":178,"column":61},"end":{"line":178,"column":77}}],"line":178}},"s":{"0":2,"1":2,"2":2,"3":2,"4":2,"5":2,"6":2,"7":2,"8":0,"9":0,"10":0,"11":0,"12":2,"13":2,"14":0,"15":2,"16":2,"17":2,"18":2,"19":0,"20":2,"21":1,"22":1,"23":1,"24":1,"25":0,"26":2,"27":0,"28":0,"29":0,"30":0,"31":0,"32":0,"33":2,"34":1,"35":1,"36":1,"37":1,"38":0,"39":2,"40":2,"41":2,"42":2,"43":2,"44":0,"45":2,"46":2,"47":2,"48":2,"49":0,"50":2,"51":2,"52":2,"53":2,"54":2,"55":0,"56":0,"57":0,"58":2,"59":0,"60":0,"61":0,"62":0,"63":0,"64":0,"65":0,"66":0,"67":0,"68":0,"69":0,"70":0,"71":0,"72":0,"73":0,"74":0,"75":0,"76":0,"77":0,"78":0,"79":0,"80":0,"81":0,"82":0,"83":0,"84":0,"85":0,"86":2},"f":{"0":0,"1":0,"2":2,"3":1,"4":0,"5":1,"6":2,"7":0},"b":{"0":[0,0],"1":[1,0],"2":[0,0],"3":[0,2],"4":[2,2],"5":[0,2],"6":[2,2,2],"7":[0,0],"8":[0,0],"9":[0,0],"10":[0,0],"11":[0,0],"12":[0,0],"13":[0,0,0]},"_coverageSchema":"1a1c01bbd47fc00a2c39e90264f33305004495a9","hash":"32b48a391830dd5b7a787bf34350d930cc2f813d"}
,"C:\\Sachin\\Projects\\BuildWithAI\\virtualPromptWars\\ep1\\routes\\config.js": {"path":"C:\\Sachin\\Projects\\BuildWithAI\\virtualPromptWars\\ep1\\routes\\config.js","statementMap":{"0":{"start":{"line":3,"column":16},"end":{"line":3,"column":34}},"1":{"start":{"line":4,"column":15},"end":{"line":4,"column":31}},"2":{"start":{"line":5,"column":15},"end":{"line":5,"column":39}},"3":{"start":{"line":6,"column":21},"end":{"line":6,"column":51}},"4":{"start":{"line":14,"column":0},"end":{"line":34,"column":3}},"5":{"start":{"line":15,"column":4},"end":{"line":33,"column":5}},"6":{"start":{"line":17,"column":23},"end":{"line":17,"column":56}},"7":{"start":{"line":20,"column":8},"end":{"line":22,"column":9}},"8":{"start":{"line":21,"column":12},"end":{"line":21,"column":104}},"9":{"start":{"line":24,"column":8},"end":{"line":27,"column":9}},"10":{"start":{"line":25,"column":12},"end":{"line":25,"column":82}},"11":{"start":{"line":26,"column":12},"end":{"line":26,"column":86}},"12":{"start":{"line":29,"column":8},"end":{"line":29,"column":25}},"13":{"start":{"line":31,"column":8},"end":{"line":31,"column":66}},"14":{"start":{"line":32,"column":8},"end":{"line":32,"column":65}},"15":{"start":{"line":36,"column":0},"end":{"line":36,"column":24}}},"fnMap":{"0":{"name":"(anonymous_0)","decl":{"start":{"line":14,"column":16},"end":{"line":14,"column":17}},"loc":{"start":{"line":14,"column":30},"end":{"line":34,"column":1}},"line":14}},"branchMap":{"0":{"loc":{"start":{"line":20,"column":8},"end":{"line":22,"column":9}},"type":"if","locations":[{"start":{"line":20,"column":8},"end":{"line":22,"column":9}},{"start":{},"end":{}}],"line":20},"1":{"loc":{"start":{"line":20,"column":12},"end":{"line":20,"column":67}},"type":"binary-expr","locations":[{"start":{"line":20,"column":12},"end":{"line":20,"column":26}},{"start":{"line":20,"column":30},"end":{"line":20,"column":67}}],"line":20},"2":{"loc":{"start":{"line":24,"column":8},"end":{"line":27,"column":9}},"type":"if","locations":[{"start":{"line":24,"column":8},"end":{"line":27,"column":9}},{"start":{},"end":{}}],"line":24}},"s":{"0":2,"1":2,"2":2,"3":2,"4":2,"5":0,"6":0,"7":0,"8":0,"9":0,"10":0,"11":0,"12":0,"13":0,"14":0,"15":2},"f":{"0":0},"b":{"0":[0,0],"1":[0,0],"2":[0,0]},"_coverageSchema":"1a1c01bbd47fc00a2c39e90264f33305004495a9","hash":"92103810544432ea797a60a5d34c3af5761e636b"}
,"C:\\Sachin\\Projects\\BuildWithAI\\virtualPromptWars\\ep1\\services\\aiService.js": {"path":"C:\\Sachin\\Projects\\BuildWithAI\\virtualPromptWars\\ep1\\services\\aiService.js","statementMap":{"0":{"start":{"line":10,"column":21},"end":{"line":10,"column":54}},"1":{"start":{"line":11,"column":12},"end":{"line":11,"column":26}},"2":{"start":{"line":12,"column":21},"end":{"line":12,"column":48}},"3":{"start":{"line":14,"column":16},"end":{"line":14,"column":48}},"4":{"start":{"line":15,"column":17},"end":{"line":15,"column":67}},"5":{"start":{"line":21,"column":0},"end":{"line":23,"column":1}},"6":{"start":{"line":22,"column":4},"end":{"line":22,"column":119}},"7":{"start":{"line":25,"column":0},"end":{"line":43,"column":1}},"8":{"start":{"line":26,"column":4},"end":{"line":40,"column":5}},"9":{"start":{"line":27,"column":8},"end":{"line":27,"column":55}},"10":{"start":{"line":28,"column":8},"end":{"line":36,"column":11}},"11":{"start":{"line":37,"column":8},"end":{"line":37,"column":87}},"12":{"start":{"line":39,"column":8},"end":{"line":39,"column":97}},"13":{"start":{"line":42,"column":4},"end":{"line":42,"column":103}},"14":{"start":{"line":45,"column":12},"end":{"line":45,"column":21}},"15":{"start":{"line":46,"column":27},"end":{"line":55,"column":1}},"16":{"start":{"line":56,"column":17},"end":{"line":56,"column":48}},"17":{"start":{"line":62,"column":25},"end":{"line":107,"column":1}},"18":{"start":{"line":63,"column":4},"end":{"line":65,"column":5}},"19":{"start":{"line":64,"column":8},"end":{"line":64,"column":51}},"20":{"start":{"line":67,"column":4},"end":{"line":70,"column":5}},"21":{"start":{"line":68,"column":8},"end":{"line":68,"column":91}},"22":{"start":{"line":69,"column":8},"end":{"line":69,"column":60}},"23":{"start":{"line":72,"column":25},"end":{"line":75,"column":70}},"24":{"start":{"line":77,"column":4},"end":{"line":106,"column":5}},"25":{"start":{"line":78,"column":22},"end":{"line":78,"column":88}},"26":{"start":{"line":79,"column":24},"end":{"line":79,"column":63}},"27":{"start":{"line":80,"column":24},"end":{"line":80,"column":111}},"28":{"start":{"line":82,"column":8},"end":{"line":89,"column":9}},"29":{"start":{"line":83,"column":12},"end":{"line":83,"column":86}},"30":{"start":{"line":84,"column":12},"end":{"line":88,"column":14}},"31":{"start":{"line":91,"column":23},"end":{"line":91,"column":59}},"32":{"start":{"line":92,"column":25},"end":{"line":92,"column":40}},"33":{"start":{"line":93,"column":8},"end":{"line":93,"column":117}},"34":{"start":{"line":93,"column":70},"end":{"line":93,"column":117}},"35":{"start":{"line":95,"column":21},"end":{"line":95,"column":72}},"36":{"start":{"line":96,"column":27},"end":{"line":96,"column":78}},"37":{"start":{"line":98,"column":22},"end":{"line":98,"column":42}},"38":{"start":{"line":99,"column":8},"end":{"line":99,"column":78}},"39":{"start":{"line":99,"column":20},"end":{"line":99,"column":78}},"40":{"start":{"line":101,"column":8},"end":{"line":101,"column":26}},"41":{"start":{"line":104,"column":8},"end":{"line":104,"column":78}},"42":{"start":{"line":105,"column":8},"end":{"line":105,"column":20}},"43":{"start":{"line":109,"column":0},"end":{"line":109,"column":38}}},"fnMap":{"0":{"name":"(anonymous_0)","decl":{"start":{"line":62,"column":25},"end":{"line":62,"column":26}},"loc":{"start":{"line":62,"column":58},"end":{"line":107,"column":1}},"line":62}},"branchMap":{"0":{"loc":{"start":{"line":15,"column":17},"end":{"line":15,"column":67}},"type":"binary-expr","locations":[{"start":{"line":15,"column":17},"end":{"line":15,"column":50}},{"start":{"line":15,"column":54},"end":{"line":15,"column":67}}],"line":15},"1":{"loc":{"start":{"line":21,"column":0},"end":{"line":23,"column":1}},"type":"if","locations":[{"start":{"line":21,"column":0},"end":{"line":23,"column":1}},{"start":{},"end":{}}],"line":21},"2":{"loc":{"start":{"line":26,"column":4},"end":{"line":40,"column":5}},"type":"if","locations":[{"start":{"line":26,"column":4},"end":{"line":40,"column":5}},{"start":{"line":38,"column":11},"end":{"line":40,"column":5}}],"line":26},"3":{"loc":{"start":{"line":62,"column":39},"end":{"line":62,"column":53}},"type":"default-arg","locations":[{"start":{"line":62,"column":49},"end":{"line":62,"column":53}}],"line":62},"4":{"loc":{"start":{"line":63,"column":4},"end":{"line":65,"column":5}},"type":"if","locations":[{"start":{"line":63,"column":4},"end":{"line":65,"column":5}},{"start":{},"end":{}}],"line":63},"5":{"loc":{"start":{"line":63,"column":8},"end":{"line":63,"column":43}},"type":"binary-expr","locations":[{"start":{"line":63,"column":8},"end":{"line":63,"column":14}},{"start":{"line":63,"column":18},"end":{"line":63,"column":43}}],"line":63},"6":{"loc":{"start":{"line":67,"column":4},"end":{"line":70,"column":5}},"type":"if","locations":[{"start":{"line":67,"column":4},"end":{"line":70,"column":5}},{"start":{},"end":{}}],"line":67},"7":{"loc":{"start":{"line":80,"column":24},"end":{"line":80,"column":111}},"type":"binary-expr","locations":[{"start":{"line":80,"column":24},"end":{"line":80,"column":57}},{"start":{"line":80,"column":61},"end":{"line":80,"column":99}},{"start":{"line":80,"column":103},"end":{"line":80,"column":111}}],"line":80},"8":{"loc":{"start":{"line":82,"column":8},"end":{"line":89,"column":9}},"type":"if","locations":[{"start":{"line":82,"column":8},"end":{"line":89,"column":9}},{"start":{},"end":{}}],"line":82},"9":{"loc":{"start":{"line":93,"column":8},"end":{"line":93,"column":117}},"type":"if","locations":[{"start":{"line":93,"column":8},"end":{"line":93,"column":117}},{"start":{},"end":{}}],"line":93},"10":{"loc":{"start":{"line":93,"column":12},"end":{"line":93,"column":68}},"type":"binary-expr","locations":[{"start":{"line":93,"column":12},"end":{"line":93,"column":32}},{"start":{"line":93,"column":36},"end":{"line":93,"column":68}}],"line":93},"11":{"loc":{"start":{"line":99,"column":8},"end":{"line":99,"column":78}},"type":"if","locations":[{"start":{"line":99,"column":8},"end":{"line":99,"column":78}},{"start":{},"end":{}}],"line":99}},"s":{"0":2,"1":2,"2":2,"3":2,"4":2,"5":2,"6":0,"7":2,"8":2,"9":2,"10":2,"11":2,"12":0,"13":0,"14":2,"15":2,"16":2,"17":2,"18":2,"19":0,"20":2,"21":0,"22":0,"23":2,"24":2,"25":2,"26":2,"27":2,"28":2,"29":0,"30":0,"31":2,"32":2,"33":2,"34":0,"35":2,"36":2,"37":2,"38":2,"39":0,"40":2,"41":0,"42":0,"43":2},"f":{"0":2},"b":{"0":[2,0],"1":[0,2],"2":[2,0],"3":[2],"4":[0,2],"5":[2,2],"6":[0,2],"7":[2,2,2],"8":[0,2],"9":[0,2],"10":[2,2],"11":[0,2]},"_coverageSchema":"1a1c01bbd47fc00a2c39e90264f33305004495a9","hash":"59bc1fb431e1a67e6c898b99b4fd9ed9b8523023"}
,"C:\\Sachin\\Projects\\BuildWithAI\\virtualPromptWars\\ep1\\services\\configService.js": {"path":"C:\\Sachin\\Projects\\BuildWithAI\\virtualPromptWars\\ep1\\services\\configService.js","statementMap":{"0":{"start":{"line":10,"column":18},"end":{"line":10,"column":62}},"1":{"start":{"line":11,"column":21},"end":{"line":11,"column":51}},"2":{"start":{"line":12,"column":15},"end":{"line":12,"column":39}},"3":{"start":{"line":13,"column":69},"end":{"line":13,"column":98}},"4":{"start":{"line":15,"column":14},"end":{"line":15,"column":37}},"5":{"start":{"line":15,"column":20},"end":{"line":15,"column":37}},"6":{"start":{"line":23,"column":27},"end":{"line":51,"column":1}},"7":{"start":{"line":24,"column":4},"end":{"line":29,"column":5}},"8":{"start":{"line":25,"column":19},"end":{"line":25,"column":33}},"9":{"start":{"line":26,"column":8},"end":{"line":26,"column":70}},"10":{"start":{"line":27,"column":8},"end":{"line":27,"column":25}},"11":{"start":{"line":28,"column":8},"end":{"line":28,"column":20}},"12":{"start":{"line":31,"column":4},"end":{"line":50,"column":5}},"13":{"start":{"line":32,"column":26},"end":{"line":34,"column":59}},"14":{"start":{"line":36,"column":8},"end":{"line":39,"column":28}},"15":{"start":{"line":41,"column":8},"end":{"line":41,"column":52}},"16":{"start":{"line":42,"column":8},"end":{"line":42,"column":20}},"17":{"start":{"line":44,"column":8},"end":{"line":47,"column":9}},"18":{"start":{"line":45,"column":12},"end":{"line":45,"column":36}},"19":{"start":{"line":46,"column":12},"end":{"line":46,"column":45}},"20":{"start":{"line":48,"column":8},"end":{"line":48,"column":60}},"21":{"start":{"line":49,"column":8},"end":{"line":49,"column":21}},"22":{"start":{"line":59,"column":22},"end":{"line":87,"column":1}},"23":{"start":{"line":60,"column":4},"end":{"line":65,"column":5}},"24":{"start":{"line":61,"column":19},"end":{"line":61,"column":33}},"25":{"start":{"line":62,"column":8},"end":{"line":62,"column":83}},"26":{"start":{"line":63,"column":8},"end":{"line":63,"column":25}},"27":{"start":{"line":64,"column":8},"end":{"line":64,"column":20}},"28":{"start":{"line":67,"column":4},"end":{"line":86,"column":5}},"29":{"start":{"line":68,"column":29},"end":{"line":68,"column":100}},"30":{"start":{"line":70,"column":8},"end":{"line":75,"column":11}},"31":{"start":{"line":77,"column":8},"end":{"line":77,"column":59}},"32":{"start":{"line":78,"column":8},"end":{"line":78,"column":20}},"33":{"start":{"line":80,"column":8},"end":{"line":83,"column":9}},"34":{"start":{"line":81,"column":12},"end":{"line":81,"column":36}},"35":{"start":{"line":82,"column":12},"end":{"line":82,"column":48}},"36":{"start":{"line":84,"column":8},"end":{"line":84,"column":54}},"37":{"start":{"line":85,"column":8},"end":{"line":85,"column":21}},"38":{"start":{"line":92,"column":24},"end":{"line":113,"column":1}},"39":{"start":{"line":93,"column":4},"end":{"line":96,"column":5}},"40":{"start":{"line":94,"column":19},"end":{"line":94,"column":33}},"41":{"start":{"line":95,"column":8},"end":{"line":95,"column":73}},"42":{"start":{"line":98,"column":4},"end":{"line":112,"column":5}},"43":{"start":{"line":99,"column":20},"end":{"line":102,"column":18}},"44":{"start":{"line":104,"column":8},"end":{"line":104,"column":86}},"45":{"start":{"line":106,"column":8},"end":{"line":109,"column":9}},"46":{"start":{"line":107,"column":12},"end":{"line":107,"column":36}},"47":{"start":{"line":108,"column":12},"end":{"line":108,"column":37}},"48":{"start":{"line":110,"column":8},"end":{"line":110,"column":59}},"49":{"start":{"line":111,"column":8},"end":{"line":111,"column":60}},"50":{"start":{"line":118,"column":22},"end":{"line":137,"column":1}},"51":{"start":{"line":119,"column":19},"end":{"line":119,"column":42}},"52":{"start":{"line":120,"column":26},"end":{"line":120,"column":30}},"53":{"start":{"line":122,"column":4},"end":{"line":131,"column":5}},"54":{"start":{"line":123,"column":19},"end":{"line":123,"column":33}},"55":{"start":{"line":124,"column":8},"end":{"line":124,"column":113}},"56":{"start":{"line":126,"column":8},"end":{"line":130,"column":23}},"57":{"start":{"line":127,"column":25},"end":{"line":128,"column":60}},"58":{"start":{"line":129,"column":12},"end":{"line":129,"column":71}},"59":{"start":{"line":133,"column":4},"end":{"line":136,"column":6}},"60":{"start":{"line":139,"column":0},"end":{"line":139,"column":87}}},"fnMap":{"0":{"name":"(anonymous_0)","decl":{"start":{"line":15,"column":14},"end":{"line":15,"column":15}},"loc":{"start":{"line":15,"column":20},"end":{"line":15,"column":37}},"line":15},"1":{"name":"(anonymous_1)","decl":{"start":{"line":23,"column":27},"end":{"line":23,"column":28}},"loc":{"start":{"line":23,"column":44},"end":{"line":51,"column":1}},"line":23},"2":{"name":"(anonymous_2)","decl":{"start":{"line":59,"column":22},"end":{"line":59,"column":23}},"loc":{"start":{"line":59,"column":56},"end":{"line":87,"column":1}},"line":59},"3":{"name":"(anonymous_3)","decl":{"start":{"line":92,"column":24},"end":{"line":92,"column":25}},"loc":{"start":{"line":92,"column":36},"end":{"line":113,"column":1}},"line":92},"4":{"name":"(anonymous_4)","decl":{"start":{"line":118,"column":22},"end":{"line":118,"column":23}},"loc":{"start":{"line":118,"column":34},"end":{"line":137,"column":1}},"line":118}},"branchMap":{"0":{"loc":{"start":{"line":24,"column":4},"end":{"line":29,"column":5}},"type":"if","locations":[{"start":{"line":24,"column":4},"end":{"line":29,"column":5}},{"start":{},"end":{}}],"line":24},"1":{"loc":{"start":{"line":44,"column":8},"end":{"line":47,"column":9}},"type":"if","locations":[{"start":{"line":44,"column":8},"end":{"line":47,"column":9}},{"start":{},"end":{}}],"line":44},"2":{"loc":{"start":{"line":44,"column":12},"end":{"line":44,"column":128}},"type":"binary-expr","locations":[{"start":{"line":44,"column":12},"end":{"line":44,"column":55}},{"start":{"line":44,"column":59},"end":{"line":44,"column":85}},{"start":{"line":44,"column":89},"end":{"line":44,"column":128}}],"line":44},"3":{"loc":{"start":{"line":59,"column":38},"end":{"line":59,"column":51}},"type":"default-arg","locations":[{"start":{"line":59,"column":45},"end":{"line":59,"column":51}}],"line":59},"4":{"loc":{"start":{"line":60,"column":4},"end":{"line":65,"column":5}},"type":"if","locations":[{"start":{"line":60,"column":4},"end":{"line":65,"column":5}},{"start":{},"end":{}}],"line":60},"5":{"loc":{"start":{"line":80,"column":8},"end":{"line":83,"column":9}},"type":"if","locations":[{"start":{"line":80,"column":8},"end":{"line":83,"column":9}},{"start":{},"end":{}}],"line":80},"6":{"loc":{"start":{"line":80,"column":12},"end":{"line":80,"column":128}},"type":"binary-expr","locations":[{"start":{"line":80,"column":12},"end":{"line":80,"column":55}},{"start":{"line":80,"column":59},"end":{"line":80,"column":85}},{"start":{"line":80,"column":89},"end":{"line":80,"column":128}}],"line":80},"7":{"loc":{"start":{"line":93,"column":4},"end":{"line":96,"column":5}},"type":"if","locations":[{"start":{"line":93,"column":4},"end":{"line":96,"column":5}},{"start":{},"end":{}}],"line":93},"8":{"loc":{"start":{"line":95,"column":15},"end":{"line":95,"column":72}},"type":"binary-expr","locations":[{"start":{"line":95,"column":15},"end":{"line":95,"column":24}},{"start":{"line":95,"column":28},"end":{"line":95,"column":72}}],"line":95},"9":{"loc":{"start":{"line":104,"column":15},"end":{"line":104,"column":85}},"type":"cond-expr","locations":[{"start":{"line":104,"column":28},"end":{"line":104,"column":38}},{"start":{"line":104,"column":41},"end":{"line":104,"column":85}}],"line":104},"10":{"loc":{"start":{"line":106,"column":8},"end":{"line":109,"column":9}},"type":"if","locations":[{"start":{"line":106,"column":8},"end":{"line":109,"column":9}},{"start":{},"end":{}}],"line":106},"11":{"loc":{"start":{"line":106,"column":12},"end":{"line":106,"column":128}},"type":"binary-expr","locations":[{"start":{"line":106,"column":12},"end":{"line":106,"column":55}},{"start":{"line":106,"column":59},"end":{"line":106,"column":85}},{"start":{"line":106,"column":89},"end":{"line":106,"column":128}}],"line":106},"12":{"loc":{"start":{"line":122,"column":4},"end":{"line":131,"column":5}},"type":"if","locations":[{"start":{"line":122,"column":4},"end":{"line":131,"column":5}},{"start":{"line":125,"column":11},"end":{"line":131,"column":5}}],"line":122},"13":{"loc":{"start":{"line":124,"column":26},"end":{"line":124,"column":112}},"type":"cond-expr","locations":[{"start":{"line":124,"column":66},"end":{"line":124,"column":105}},{"start":{"line":124,"column":108},"end":{"line":124,"column":112}}],"line":124},"14":{"loc":{"start":{"line":124,"column":26},"end":{"line":124,"column":63}},"type":"binary-expr","locations":[{"start":{"line":124,"column":26},"end":{"line":124,"column":39}},{"start":{"line":124,"column":43},"end":{"line":124,"column":63}}],"line":124},"15":{"loc":{"start":{"line":129,"column":30},"end":{"line":129,"column":70}},"type":"cond-expr","locations":[{"start":{"line":129,"column":44},"end":{"line":129,"column":63}},{"start":{"line":129,"column":66},"end":{"line":129,"column":70}}],"line":129}},"s":{"0":2,"1":2,"2":2,"3":2,"4":2,"5":0,"6":2,"7":0,"8":0,"9":0,"10":0,"11":0,"12":0,"13":0,"14":0,"15":0,"16":0,"17":0,"18":0,"19":0,"20":0,"21":0,"22":2,"23":0,"24":0,"25":0,"26":0,"27":0,"28":0,"29":0,"30":0,"31":0,"32":0,"33":0,"34":0,"35":0,"36":0,"37":0,"38":2,"39":0,"40":0,"41":0,"42":0,"43":0,"44":0,"45":0,"46":0,"47":0,"48":0,"49":0,"50":2,"51":0,"52":0,"53":0,"54":0,"55":0,"56":0,"57":0,"58":0,"59":0,"60":2},"f":{"0":0,"1":0,"2":0,"3":0,"4":0},"b":{"0":[0,0],"1":[0,0],"2":[0,0,0],"3":[0],"4":[0,0],"5":[0,0],"6":[0,0,0],"7":[0,0],"8":[0,0],"9":[0,0],"10":[0,0],"11":[0,0,0],"12":[0,0],"13":[0,0],"14":[0,0],"15":[0,0]},"_coverageSchema":"1a1c01bbd47fc00a2c39e90264f33305004495a9","hash":"6c0f0657d76e6a135450d29192fda6219904fdf6"}
[...]
umn":15}},"78":{"start":{"line":155,"column":12},"end":{"line":155,"column":93}},"79":{"start":{"line":157,"column":8},"end":{"line":157,"column":77}},"80":{"start":{"line":158,"column":8},"end":{"line":158,"column":20}},"81":{"start":{"line":160,"column":8},"end":{"line":160,"column":30}},"82":{"start":{"line":161,"column":8},"end":{"line":161,"column":89}},"83":{"start":{"line":165,"column":22},"end":{"line":185,"column":1}},"84":{"start":{"line":166,"column":4},"end":{"line":170,"column":6}},"85":{"start":{"line":166,"column":59},"end":{"line":170,"column":6}},"86":{"start":{"line":171,"column":4},"end":{"line":184,"column":5}},"87":{"start":{"line":172,"column":19},"end":{"line":172,"column":26}},"88":{"start":{"line":173,"column":26},"end":{"line":173,"column":78}},"89":{"start":{"line":174,"column":33},"end":{"line":174,"column":92}},"90":{"start":{"line":175,"column":27},"end":{"line":175,"column":116}},"91":{"start":{"line":176,"column":8},"end":{"line":180,"column":10}},"92":{"start":{"line":179,"column":53},"end":{"line":179,"column":61}},"93":{"start":{"line":182,"column":8},"end":{"line":182,"column":80}},"94":{"start":{"line":183,"column":8},"end":{"line":183,"column":75}},"95":{"start":{"line":187,"column":0},"end":{"line":249,"column":2}},"96":{"start":{"line":192,"column":26},"end":{"line":192,"column":40}},"97":{"start":{"line":194,"column":24},"end":{"line":194,"column":33}},"98":{"start":{"line":197,"column":8},"end":{"line":197,"column":168}},"99":{"start":{"line":197,"column":63},"end":{"line":197,"column":168}},"100":{"start":{"line":197,"column":115},"end":{"line":197,"column":154}},"101":{"start":{"line":198,"column":8},"end":{"line":204,"column":9}},"102":{"start":{"line":199,"column":25},"end":{"line":199,"column":119}},"103":{"start":{"line":200,"column":12},"end":{"line":200,"column":48}},"104":{"start":{"line":200,"column":38},"end":{"line":200,"column":46}},"105":{"start":{"line":202,"column":12},"end":{"line":202,"column":34}},"106":{"start":{"line":203,"column":12},"end":{"line":203,"column":117}},"107":{"start":{"line":203,"column":64},"end":{"line":203,"column":103}},"108":{"start":{"line":207,"column":8},"end":{"line":220,"column":9}},"109":{"start":{"line":208,"column":25},"end":{"line":208,"column":45}},"110":{"start":{"line":209,"column":12},"end":{"line":218,"column":13}},"111":{"start":{"line":210,"column":16},"end":{"line":217,"column":18}},"112":{"start":{"line":219,"column":12},"end":{"line":219,"column":32}},"113":{"start":{"line":221,"column":8},"end":{"line":227,"column":9}},"114":{"start":{"line":222,"column":24},"end":{"line":222,"column":82}},"115":{"start":{"line":223,"column":12},"end":{"line":223,"column":50}},"116":{"start":{"line":225,"column":12},"end":{"line":225,"column":34}},"117":{"start":{"line":226,"column":12},"end":{"line":226,"column":48}},"118":{"start":{"line":234,"column":8},"end":{"line":237,"column":9}},"119":{"start":{"line":235,"column":12},"end":{"line":235,"column":64}},"120":{"start":{"line":236,"column":12},"end":{"line":236,"column":24}},"121":{"start":{"line":238,"column":8},"end":{"line":247,"column":9}},"122":{"start":{"line":239,"column":12},"end":{"line":242,"column":32}},"123":{"start":{"line":243,"column":12},"end":{"line":243,"column":24}},"124":{"start":{"line":245,"column":12},"end":{"line":245,"column":86}},"125":{"start":{"line":246,"column":12},"end":{"line":246,"column":25}}},"fnMap":{"0":{"name":"(anonymous_0)","decl":{"start":{"line":24,"column":14},"end":{"line":24,"column":15}},"loc":{"start":{"line":24,"column":20},"end":{"line":32,"column":1}},"line":24},"1":{"name":"(anonymous_1)","decl":{"start":{"line":46,"column":23},"end":{"line":46,"column":24}},"loc":{"start":{"line":46,"column":29},"end":{"line":52,"column":1}},"line":46},"2":{"name":"(anonymous_2)","decl":{"start":{"line":55,"column":19},"end":{"line":55,"column":20}},"loc":{"start":{"line":55,"column":31},"end":{"line":60,"column":1}},"line":55},"3":{"name":"(anonymous_3)","decl":{"start":{"line":67,"column":17},"end":{"line":67,"column":18}},"loc":{"start":{"line":67,"column":49},"end":{"line":99,"column":1}},"line":67},"4":{"name":"(anonymous_4)","decl":{"start":{"line":104,"column":26},"end":{"line":104,"column":27}},"loc":{"start":{"line":104,"column":50},"end":{"line":123,"column":1}},"line":104},"5":{"name":"(anonymous_5)","decl":{"start":{"line":128,"column":24},"end":{"line":128,"column":25}},"loc":{"start":{"line":128,"column":92},"end":{"line":163,"column":1}},"line":128},"6":{"name":"(anonymous_6)","decl":{"start":{"line":144,"column":32},"end":{"line":144,"column":33}},"loc":{"start":{"line":144,"column":45},"end":{"line":156,"column":9}},"line":144},"7":{"name":"(anonymous_7)","decl":{"start":{"line":165,"column":22},"end":{"line":165,"column":23}},"loc":{"start":{"line":165,"column":34},"end":{"line":185,"column":1}},"line":165},"8":{"name":"(anonymous_8)","decl":{"start":{"line":179,"column":48},"end":{"line":179,"column":49}},"loc":{"start":{"line":179,"column":53},"end":{"line":179,"column":61}},"line":179},"9":{"name":"(anonymous_9)","decl":{"start":{"line":192,"column":20},"end":{"line":192,"column":21}},"loc":{"start":{"line":192,"column":26},"end":{"line":192,"column":40}},"line":192},"10":{"name":"(anonymous_10)","decl":{"start":{"line":194,"column":18},"end":{"line":194,"column":19}},"loc":{"start":{"line":194,"column":24},"end":{"line":194,"column":33}},"line":194},"11":{"name":"(anonymous_11)","decl":{"start":{"line":196,"column":20},"end":{"line":196,"column":21}},"loc":{"start":{"line":196,"column":32},"end":{"line":205,"column":5}},"line":196},"12":{"name":"(anonymous_12)","decl":{"start":{"line":197,"column":106},"end":{"line":197,"column":107}},"loc":{"start":{"line":197,"column":115},"end":{"line":197,"column":154}},"line":197},"13":{"name":"(anonymous_13)","decl":{"start":{"line":200,"column":33},"end":{"line":200,"column":34}},"loc":{"start":{"line":200,"column":38},"end":{"line":200,"column":46}},"line":200},"14":{"name":"(anonymous_14)","decl":{"start":{"line":203,"column":55},"end":{"line":203,"column":56}},"loc":{"start":{"line":203,"column":64},"end":{"line":203,"column":103}},"line":203},"15":{"name":"(anonymous_15)","decl":{"start":{"line":206,"column":20},"end":{"line":206,"column":21}},"loc":{"start":{"line":206,"column":35},"end":{"line":228,"column":5}},"line":206},"16":{"name":"(anonymous_16)","decl":{"start":{"line":233,"column":28},"end":{"line":233,"column":29}},"loc":{"start":{"line":233,"column":51},"end":{"line":248,"column":5}},"line":233}},"branchMap":{"0":{"loc":{"start":{"line":26,"column":8},"end":{"line":26,"column":82}},"type":"if","locations":[{"start":{"line":26,"column":8},"end":{"line":26,"column":82}},{"start":{},"end":{}}],"line":26},"1":{"loc":{"start":{"line":38,"column":0},"end":{"line":44,"column":1}},"type":"if","locations":[{"start":{"line":38,"column":0},"end":{"line":44,"column":1}},{"start":{},"end":{}}],"line":38},"2":{"loc":{"start":{"line":56,"column":4},"end":{"line":59,"column":5}},"type":"if","locations":[{"start":{"line":56,"column":4},"end":{"line":59,"column":5}},{"start":{},"end":{}}],"line":56},"3":{"loc":{"start":{"line":68,"column":4},"end":{"line":75,"column":5}},"type":"if","locations":[{"start":{"line":68,"column":4},"end":{"line":75,"column":5}},{"start":{},"end":{}}],"line":68},"4":{"loc":{"start":{"line":68,"column":8},"end":{"line":68,"column":57}},"type":"binary-expr","locations":[{"start":{"line":68,"column":8},"end":{"line":68,"column":39}},{"start":{"line":68,"column":43},"end":{"line":68,"column":57}}],"line":68},"5":{"loc":{"start":{"line":69,"column":8},"end":{"line":73,"column":9}},"type":"if","locations":[{"start":{"line":69,"column":8},"end":{"line":73,"column":9}},{"start":{},"end":{}}],"line":69},"6":{"loc":{"start":{"line":80,"column":8},"end":{"line":89,"column":9}},"type":"if","locations":[{"start":{"line":80,"column":8},"end":{"line":89,"column":9}},{"start":{},"end":{}}],"line":80},"7":{"loc":{"start":{"line":82,"column":27},"end":{"line":82,"column":46}},"type":"binary-expr","locations":[{"start":{"line":82,"column":27},"end":{"line":82,"column":31}},{"start":{"line":82,"column":35},"end":{"line":82,"column":46}}],"line":82},"8":{"loc":{"start":{"line":82,"column":55},"end":{"line":82,"column":66}},"type":"binary-expr","locations":[{"start":{"line":82,"column":55},"end":{"line":82,"column":60}},{"start":{"line":82,"column":64},"end":{"line":82,"column":66}}],"line":82},"9":{"loc":{"start":{"line":92,"column":8},"end":{"line":95,"column":9}},"type":"if","locations":[{"start":{"line":92,"column":8},"end":{"line":95,"column":9}},{"start":{},"end":{}}],"line":92},"10":{"loc":{"start":{"line":92,"column":12},"end":{"line":92,"column":73}},"type":"binary-expr","locations":[{"start":{"line":92,"column":12},"end":{"line":92,"column":45}},{"start":{"line":92,"column":49},"end":{"line":92,"column":73}}],"line":92},"11":{"loc":{"start":{"line":105,"column":4},"end":{"line":109,"column":5}},"type":"if","locations":[{"start":{"line":105,"column":4},"end":{"line":109,"column":5}},{"start":{},"end":{}}],"line":105},"12":{"loc":{"start":{"line":105,"column":8},"end":{"line":105,"column":57}},"type":"binary-expr","locations":[{"start":{"line":105,"column":8},"end":{"line":105,"column":39}},{"start":{"line":105,"column":43},"end":{"line":105,"column":57}}],"line":105},"13":{"loc":{"start":{"line":116,"column":8},"end":{"line":119,"column":9}},"type":"if","locations":[{"start":{"line":116,"column":8},"end":{"line":119,"column":9}},{"start":{},"end":{}}],"line":116},"14":{"loc":{"start":{"line":116,"column":12},"end":{"line":116,"column":73}},"type":"binary-expr","locations":[{"start":{"line":116,"column":12},"end":{"line":116,"column":45}},{"start":{"line":116,"column":49},"end":{"line":116,"column":73}}],"line":116},"15":{"loc":{"start":{"line":129,"column":4},"end":{"line":134,"column":5}},"type":"if","locations":[{"start":{"line":129,"column":4},"end":{"line":134,"column":5}},{"start":{},"end":{}}],"line":129},"16":{"loc":{"start":{"line":129,"column":8},"end":{"line":129,"column":57}},"type":"binary-expr","locations":[{"start":{"line":129,"column":8},"end":{"line":129,"column":39}},{"start":{"line":129,"column":43},"end":{"line":129,"column":57}}],"line":129},"17":{"loc":{"start":{"line":130,"column":67},"end":{"line":130,"column":88}},"type":"binary-expr","locations":[{"start":{"line":130,"column":67},"end":{"line":130,"column":71}},{"start":{"line":130,"column":75},"end":{"line":130,"column":88}}],"line":130},"18":{"loc":{"start":{"line":131,"column":8},"end":{"line":131,"column":80}},"type":"if","locations":[{"start":{"line":131,"column":8},"end":{"line":131,"column":80}},{"start":{},"end":{}}],"line":131},"19":{"loc":{"start":{"line":137,"column":8},"end":{"line":140,"column":9}},"type":"if","locations":[{"start":{"line":137,"column":8},"end":{"line":140,"column":9}},{"start":{},"end":{}}],"line":137},"20":{"loc":{"start":{"line":148,"column":27},"end":{"line":148,"column":44}},"type":"binary-expr","locations":[{"start":{"line":148,"column":27},"end":{"line":148,"column":36}},{"start":{"line":148,"column":40},"end":{"line":148,"column":44}}],"line":148},"21":{"loc":{"start":{"line":149,"column":22},"end":{"line":149,"column":43}},"type":"binary-expr","locations":[{"start":{"line":149,"column":22},"end":{"line":149,"column":26}},{"start":{"line":149,"column":30},"end":{"line":149,"column":43}}],"line":149},"22":{"loc":{"start":{"line":166,"column":4},"end":{"line":170,"column":6}},"type":"if","locations":[{"start":{"line":166,"column":4},"end":{"line":170,"column":6}},{"start":{},"end":{}}],"line":166},"23":{"loc":{"start":{"line":166,"column":8},"end":{"line":166,"column":57}},"type":"binary-expr","locations":[{"start":{"line":166,"column":8},"end":{"line":166,"column":39}},{"start":{"line":166,"column":43},"end":{"line":166,"column":57}}],"line":166},"24":{"loc":{"start":{"line":197,"column":8},"end":{"line":197,"column":168}},"type":"if","locations":[{"start":{"line":197,"column":8},"end":{"line":197,"column":168}},{"start":{},"end":{}}],"line":197},"25":{"loc":{"start":{"line":197,"column":12},"end":{"line":197,"column":61}},"type":"binary-expr","locations":[{"start":{"line":197,"column":12},"end":{"line":197,"column":43}},{"start":{"line":197,"column":47},"end":{"line":197,"column":61}}],"line":197},"26":{"loc":{"start":{"line":207,"column":8},"end":{"line":220,"column":9}},"type":"if","locations":[{"start":{"line":207,"column":8},"end":{"line":220,"column":9}},{"start":{},"end":{}}],"line":207},"27":{"loc":{"start":{"line":207,"column":12},"end":{"line":207,"column":61}},"type":"binary-expr","locations":[{"start":{"line":207,"column":12},"end":{"line":207,"column":43}},{"start":{"line":207,"column":47},"end":{"line":207,"column":61}}],"line":207},"28":{"loc":{"start":{"line":209,"column":12},"end":{"line":218,"column":13}},"type":"if","locations":[{"start":{"line":209,"column":12},"end":{"line":218,"column":13}},{"start":{},"end":{}}],"line":209},"29":{"loc":{"start":{"line":209,"column":16},"end":{"line":209,"column":48}},"type":"binary-expr","locations":[{"start":{"line":209,"column":16},"end":{"line":209,"column":21}},{"start":{"line":209,"column":25},"end":{"line":209,"column":48}}],"line":209},"30":{"loc":{"start":{"line":219,"column":19},"end":{"line":219,"column":31}},"type":"binary-expr","locations":[{"start":{"line":219,"column":19},"end":{"line":219,"column":23}},{"start":{"line":219,"column":27},"end":{"line":219,"column":31}}],"line":219},"31":{"loc":{"start":{"line":223,"column":19},"end":{"line":223,"column":49}},"type":"cond-expr","locations":[{"start":{"line":223,"column":32},"end":{"line":223,"column":42}},{"start":{"line":223,"column":45},"end":{"line":223,"column":49}}],"line":223},"32":{"loc":{"start":{"line":226,"column":19},"end":{"line":226,"column":47}},"type":"binary-expr","locations":[{"start":{"line":226,"column":19},"end":{"line":226,"column":39}},{"start":{"line":226,"column":43},"end":{"line":226,"column":47}}],"line":226},"33":{"loc":{"start":{"line":234,"column":8},"end":{"line":237,"column":9}},"type":"if","locations":[{"start":{"line":234,"column":8},"end":{"line":237,"column":9}},{"start":{},"end":{}}],"line":234},"34":{"loc":{"start":{"line":234,"column":12},"end":{"line":234,"column":61}},"type":"binary-expr","locations":[{"start":{"line":234,"column":12},"end":{"line":234,"column":43}},{"start":{"line":234,"column":47},"end":{"line":234,"column":61}}],"line":234}},"s":{"0":2,"1":2,"2":2,"3":2,"4":2,"5":2,"6":0,"7":0,"8":0,"9":0,"10":0,"11":0,"12":2,"13":2,"14":2,"15":2,"16":2,"17":0,"18":2,"19":3,"20":3,"21":0,"22":2,"23":2,"24":0,"25":0,"26":0,"27":2,"28":1,"29":1,"30":0,"31":0,"32":0,"33":1,"34":0,"35":0,"36":0,"37":0,"38":0,"39":0,"40":0,"41":0,"42":0,"43":0,"44":0,"45":0,"46":0,"47":2,"48":1,"49":1,"50":1,"51":1,"52":0,"53":0,"54":0,"55":0,"56":0,"57":0,"58":0,"59":0,"60":0,"61":0,"62":2,"63":2,"64":2,"65":2,"66":2,"67":2,"68":2,"69":0,"70":0,"71":0,"72":0,"73":0,"74":0,"75":0,"76":0,"77":0,"78":0,"79":0,"80":0,"81":0,"82":0,"83":2,"84":0,"85":0,"86":0,"87":0,"88":0,"89":0,"90":0,"91":0,"92":0,"93":0,"94":0,"95":2,"96":0,"97":0,"98":2,"99":2,"100":2,"101":0,"102":0,"103":0,"104":0,"105":0,"106":0,"107":0,"108":0,"109":0,"110":0,"111":0,"112":0,"113":0,"114":0,"115":0,"116":0,"117":0,"118":6,"119":6,"120":6,"121":0,"122":0,"123":0,"124":0,"125":0},"f":{"0":0,"1":3,"2":0,"3":1,"4":1,"5":2,"6":0,"7":0,"8":0,"9":0,"10":0,"11":2,"12":2,"13":0,"14":0,"15":0,"16":6},"b":{"0":[0,0],"1":[2,0],"2":[0,0],"3":[1,0],"4":[1,0],"5":[0,1],"6":[0,0],"7":[0,0],"8":[0,0],"9":[0,0],"10":[0,0],"11":[1,0],"12":[1,0],"13":[0,0],"14":[0,0],"15":[2,0],"16":[2,0],"17":[2,0],"18":[2,0],"19":[0,0],"20":[0,0],"21":[0,0],"22":[0,0],"23":[0,0],"24":[2,0],"25":[2,0],"26":[0,0],"27":[0,0],"28":[0,0],"29":[0,0],"30":[0,0],"31":[0,0],"32":[0,0],"33":[6,0],"34":[6,0]},"_coverageSchema":"1a1c01bbd47fc00a2c39e90264f33305004495a9","hash":"7ff269d0bf199a9a9d636b551fdf6b49fb352c89"}
,"C:\\Sachin\\Projects\\BuildWithAI\\virtualPromptWars\\ep1\\services\\loggingService.js": {"path":"C:\\Sachin\\Projects\\BuildWithAI\\virtualPromptWars\\ep1\\services\\loggingService.js","statementMap":{"0":{"start":{"line":10,"column":20},"end":{"line":10,"column":52}},"1":{"start":{"line":19,"column":17},"end":{"line":43,"column":1}},"2":{"start":{"line":20,"column":22},"end":{"line":24,"column":5}},"3":{"start":{"line":26,"column":4},"end":{"line":39,"column":5}},"4":{"start":{"line":27,"column":8},"end":{"line":38,"column":9}},"5":{"start":{"line":28,"column":34},"end":{"line":31,"column":13}},"6":{"start":{"line":32,"column":26},"end":{"line":32,"column":61}},"7":{"start":{"line":33,"column":12},"end":{"line":33,"column":35}},"8":{"start":{"line":34,"column":12},"end":{"line":34,"column":19}},"9":{"start":{"line":37,"column":12},"end":{"line":37,"column":68}},"10":{"start":{"line":42,"column":4},"end":{"line":42,"column":95}},"11":{"start":{"line":49,"column":0},"end":{"line":59,"column":1}},"12":{"start":{"line":50,"column":4},"end":{"line":56,"column":5}},"13":{"start":{"line":51,"column":8},"end":{"line":51,"column":32}},"14":{"start":{"line":52,"column":8},"end":{"line":52,"column":55}},"15":{"start":{"line":55,"column":8},"end":{"line":55,"column":87}},"16":{"start":{"line":58,"column":4},"end":{"line":58,"column":82}},"17":{"start":{"line":61,"column":0},"end":{"line":61,"column":30}}},"fnMap":{"0":{"name":"(anonymous_0)","decl":{"start":{"line":19,"column":17},"end":{"line":19,"column":18}},"loc":{"start":{"line":19,"column":75},"end":{"line":43,"column":1}},"line":19}},"branchMap":{"0":{"loc":{"start":{"line":19,"column":24},"end":{"line":19,"column":41}},"type":"default-arg","locations":[{"start":{"line":19,"column":35},"end":{"line":19,"column":41}}],"line":19},"1":{"loc":{"start":{"line":19,"column":43},"end":{"line":19,"column":56}},"type":"default-arg","locations":[{"start":{"line":19,"column":54},"end":{"line":19,"column":56}}],"line":19},"2":{"loc":{"start":{"line":19,"column":58},"end":{"line":19,"column":70}},"type":"default-arg","locations":[{"start":{"line":19,"column":66},"end":{"line":19,"column":70}}],"line":19},"3":{"loc":{"start":{"line":23,"column":21},"end":{"line":23,"column":58}},"type":"binary-expr","locations":[{"start":{"line":23,"column":21},"end":{"line":23,"column":41}},{"start":{"line":23,"column":45},"end":{"line":23,"column":58}}],"line":23},"4":{"loc":{"start":{"line":26,"column":4},"end":{"line":39,"column":5}},"type":"if","locations":[{"start":{"line":26,"column":4},"end":{"line":39,"column":5}},{"start":{},"end":{}}],"line":26},"5":{"loc":{"start":{"line":30,"column":23},"end":{"line":30,"column":105}},"type":"cond-expr","locations":[{"start":{"line":30,"column":31},"end":{"line":30,"column":93}},{"start":{"line":30,"column":96},"end":{"line":30,"column":105}}],"line":30},"6":{"loc":{"start":{"line":42,"column":47},"end":{"line":42,"column":62}},"type":"binary-expr","locations":[{"start":{"line":42,"column":47},"end":{"line":42,"column":52}},{"start":{"line":42,"column":56},"end":{"line":42,"column":62}}],"line":42},"7":{"loc":{"start":{"line":50,"column":4},"end":{"line":56,"column":5}},"type":"if","locations":[{"start":{"line":50,"column":4},"end":{"line":56,"column":5}},{"start":{"line":53,"column":11},"end":{"line":56,"column":5}}],"line":50},"8":{"loc":{"start":{"line":50,"column":8},"end":{"line":50,"column":81}},"type":"binary-expr","locations":[{"start":{"line":50,"column":8},"end":{"line":50,"column":45}},{"start":{"line":50,"column":49},"end":{"line":50,"column":81}}],"line":50}},"s":{"0":2,"1":2,"2":10,"3":10,"4":0,"5":0,"6":0,"7":0,"8":0,"9":0,"10":10,"11":2,"12":2,"13":0,"14":0,"15":2,"16":0,"17":2},"f":{"0":10},"b":{"0":[0],"1":[0],"2":[10],"3":[10,0],"4":[0,10],"5":[0,0],"6":[10,10],"7":[0,2],"8":[2,0]},"_coverageSchema":"1a1c01bbd47fc00a2c39e90264f33305004495a9","hash":"09743b1edde75e1e30639449762df63ed5efaa0f"}
}
