{"C:\\Sachin\\Projects\\BuildWithAI\\virtualPromptWars\\ep1\\server.js": {"path":"C:\\Sachin\\Projects\\BuildWithAI\\virtualPromptWars\\ep1\\server.js","statementMap":{"0":{"start":{"line":1,"column":0},"end":{"line":1,"column":45}},"1":{"start":{"line":9,"column":0},"end":{"line":9,"column":13}},"2":{"start":{"line":11,"column":0},"end":{"line":11,"column":27}},"3":{"start":{"line":13,"column":16},"end":{"line":13,"column":34}},"4":{"start":{"line":14,"column":13},"end":{"line":14,"column":28}},"5":{"start":{"line":15,"column":13},"end":{"line":15,"column":28}},"6":{"start":{"line":16,"column":15},"end":{"line":16,"column":32}},"7":{"start":{"line":17,"column":20},"end":{"line":17,"column":42}},"8":{"start":{"line":18,"column":18},"end":{"line":18,"column":47}},"9":{"start":{"line":19,"column":14},"end":{"line":19,"column":39}},"10":{"start":{"line":21,"column":21},"end":{"line":21,"column":50}},"11":{"start":{"line":22,"column":21},"end":{"line":22,"column":57}},"12":{"start":{"line":23,"column":18},"end":{"line":23,"column":41}},"13":{"start":{"line":24,"column":20},"end":{"line":24,"column":45}},"14":{"start":{"line":25,"column":21},"end":{"line":25,"column":47}},"15":{"start":{"line":26,"column":21},"end":{"line":26,"column":57}},"16":{"start":{"line":28,"column":12},"end":{"line":28,"column":21}},"17":{"start":{"line":29,"column":20},"end":{"line":29,"column":44}},"18":{"start":{"line":30,"column":19},"end":{"line":30,"column":49}},"19":{"start":{"line":34,"column":0},"end":{"line":37,"column":3}},"20":{"start":{"line":35,"column":4},"end":{"line":35,"column":75}},"21":{"start":{"line":36,"column":4},"end":{"line":36,"column":68}},"22":{"start":{"line":39,"column":0},"end":{"line":42,"column":3}},"23":{"start":{"line":40,"column":4},"end":{"line":40,"column":74}},"24":{"start":{"line":41,"column":4},"end":{"line":41,"column":72}},"25":{"start":{"line":44,"column":0},"end":{"line":51,"column":3}},"26":{"start":{"line":46,"column":4},"end":{"line":48,"column":5}},"27":{"start":{"line":47,"column":8},"end":{"line":47,"column":22}},"28":{"start":{"line":49,"column":4},"end":{"line":49,"column":70}},"29":{"start":{"line":50,"column":4},"end":{"line":50,"column":73}},"30":{"start":{"line":54,"column":0},"end":{"line":54,"column":23}},"31":{"start":{"line":55,"column":0},"end":{"line":55,"column":24}},"32":{"start":{"line":57,"column":18},"end":{"line":60,"column":1}},"33":{"start":{"line":61,"column":0},"end":{"line":63,"column":1}},"34":{"start":{"line":62,"column":4},"end":{"line":62,"column":69}},"35":{"start":{"line":65,"column":0},"end":{"line":71,"column":4}},"36":{"start":{"line":67,"column":8},"end":{"line":67,"column":79}},"37":{"start":{"line":67,"column":51},"end":{"line":67,"column":79}},"38":{"start":{"line":68,"column":8},"end":{"line":68,"column":64}},"39":{"start":{"line":74,"column":0},"end":{"line":74,"column":28}},"40":{"start":{"line":75,"column":0},"end":{"line":121,"column":4}},"41":{"start":{"line":123,"column":0},"end":{"line":130,"column":1}},"42":{"start":{"line":124,"column":4},"end":{"line":129,"column":5}},"43":{"start":{"line":125,"column":26},"end":{"line":125,"column":116}},"44":{"start":{"line":126,"column":8},"end":{"line":126,"column":79}},"45":{"start":{"line":128,"column":8},"end":{"line":128,"column":97}},"46":{"start":{"line":135,"column":35},"end":{"line":148,"column":1}},"47":{"start":{"line":136,"column":26},"end":{"line":136,"column":59}},"48":{"start":{"line":137,"column":4},"end":{"line":140,"column":5}},"49":{"start":{"line":138,"column":8},"end":{"line":138,"column":101}},"50":{"start":{"line":139,"column":8},"end":{"line":139,"column":88}},"51":{"start":{"line":141,"column":4},"end":{"line":147,"column":5}},"52":{"start":{"line":142,"column":8},"end":{"line":142,"column":58}},"53":{"start":{"line":143,"column":8},"end":{"line":143,"column":15}},"54":{"start":{"line":145,"column":8},"end":{"line":145,"column":119}},"55":{"start":{"line":146,"column":8},"end":{"line":146,"column":81}},"56":{"start":{"line":151,"column":0},"end":{"line":156,"column":4}},"57":{"start":{"line":154,"column":8},"end":{"line":154,"column":79}},"58":{"start":{"line":154,"column":36},"end":{"line":154,"column":79}},"59":{"start":{"line":158,"column":19},"end":{"line":163,"column":2}},"60":{"start":{"line":166,"column":0},"end":{"line":166,"column":40}},"61":{"start":{"line":167,"column":0},"end":{"line":167,"column":67}},"62":{"start":{"line":168,"column":0},"end":{"line":168,"column":59}},"63":{"start":{"line":170,"column":0},"end":{"line":170,"column":22}},"64":{"start":{"line":172,"column":0},"end":{"line":174,"column":3}},"65":{"start":{"line":173,"column":4},"end":{"line":173,"column":74}},"66":{"start":{"line":177,"column":20},"end":{"line":189,"column":1}},"67":{"start":{"line":178,"column":4},"end":{"line":178,"column":79}},"68":{"start":{"line":179,"column":4},"end":{"line":188,"column":7}},"69":{"start":{"line":180,"column":8},"end":{"line":180,"column":72}},"70":{"start":{"line":182,"column":8},"end":{"line":187,"column":9}},"71":{"start":{"line":183,"column":12},"end":{"line":183,"column":39}},"72":{"start":{"line":185,"column":12},"end":{"line":185,"column":85}},"73":{"start":{"line":186,"column":12},"end":{"line":186,"column":28}},"74":{"start":{"line":191,"column":0},"end":{"line":193,"column":1}},"75":{"start":{"line":192,"column":4},"end":{"line":192,"column":29}},"76":{"start":{"line":195,"column":0},"end":{"line":199,"column":3}},"77":{"start":{"line":196,"column":4},"end":{"line":196,"column":88}},"78":{"start":{"line":197,"column":4},"end":{"line":198,"column":25}},"79":{"start":{"line":197,"column":16},"end":{"line":197,"column":52}},"80":{"start":{"line":197,"column":35},"end":{"line":197,"column":50}},"81":{"start":{"line":198,"column":9},"end":{"line":198,"column":25}},"82":{"start":{"line":201,"column":0},"end":{"line":201,"column":21}}},"fnMap":{"0":{"name":"(anonymous_0)","decl":{"start":{"line":34,"column":41},"end":{"line":34,"column":42}},"loc":{"start":{"line":34,"column":55},"end":{"line":37,"column":1}},"line":34},"1":{"name":"(anonymous_1)","decl":{"start":{"line":39,"column":39},"end":{"line":39,"column":40}},"loc":{"start":{"line":39,"column":53},"end":{"line":42,"column":1}},"line":39},"2":{"name":"(anonymous_2)","decl":{"start":{"line":44,"column":31},"end":{"line":44,"column":32}},"loc":{"start":{"line":44,"column":51},"end":{"line":51,"column":1}},"line":44},"3":{"name":"(anonymous_3)","decl":{"start":{"line":66,"column":12},"end":{"line":66,"column":13}},"loc":{"start":{"line":66,"column":34},"end":{"line":69,"column":5}},"line":66},"4":{"name":"(anonymous_4)","decl":{"start":{"line":135,"column":35},"end":{"line":135,"column":36}},"loc":{"start":{"line":135,"column":61},"end":{"line":148,"column":1}},"line":135},"5":{"name":"(anonymous_5)","decl":{"start":{"line":153,"column":16},"end":{"line":153,"column":17}},"loc":{"start":{"line":153,"column":31},"end":{"line":155,"column":5}},"line":153},"6":{"name":"(anonymous_6)","decl":{"start":{"line":172,"column":8},"end":{"line":172,"column":9}},"loc":{"start":{"line":172,"column":22},"end":{"line":174,"column":1}},"line":172},"7":{"name":"(anonymous_7)","decl":{"start":{"line":177,"column":20},"end":{"line":177,"column":21}},"loc":{"start":{"line":177,"column":35},"end":{"line":189,"column":1}},"line":177},"8":{"name":"(anonymous_8)","decl":{"start":{"line":179,"column":35},"end":{"line":179,"column":36}},"loc":{"start":{"line":179,"column":41},"end":{"line":181,"column":5}},"line":179},"9":{"name":"(anonymous_9)","decl":{"start":{"line":181,"column":19},"end":{"line":181,"column":20}},"loc":{"start":{"line":181,"column":28},"end":{"line":188,"column":5}},"line":181},"10":{"name":"(anonymous_10)","decl":{"start":{"line":195,"column":22},"end":{"line":195,"column":23}},"loc":{"start":{"line":195,"column":28},"end":{"line":199,"column":1}},"line":195},"11":{"name":"(anonymous_11)","decl":{"start":{"line":197,"column":29},"end":{"line":197,"column":30}},"loc":{"start":{"line":197,"column":35},"end":{"line":197,"column":50}},"line":197}},"branchMap":{"0":{"loc":{"start":{"line":29,"column":20},"end":{"line":29,"column":44}},"type":"binary-expr","locations":[{"start":{"line":29,"column":20},"end":{"line":29,"column":36}},{"start":{"line":29,"column":40},"end":{"line":29,"column":44}}],"line":29},"1":{"loc":{"start":{"line":46,"column":4},"end":{"line":48,"column":5}},"type":"if","locations":[{"start":{"line":46,"column":4},"end":{"line":48,"column":5}},{"start":{},"end":{}}],"line":46},"2":{"loc":{"start":{"line":46,"column":8},"end":{"line":46,"column":138}},"type":"binary-expr","locations":[{"start":{"line":46,"column":8},"end":{"line":46,"column":46}},{"start":{"line":46,"column":50},"end":{"line":46,"column":93}},{"start":{"line":46,"column":97},"end":{"line":46,"column":138}}],"line":46},"3":{"loc":{"start":{"line":61,"column":0},"end":{"line":63,"column":1}},"type":"if","locations":[{"start":{"line":61,"column":0},"end":{"line":63,"column":1}},{"start":{},"end":{}}],"line":61},"4":{"loc":{"start":{"line":67,"column":8},"end":{"line":67,"column":79}},"type":"if","locations":[{"start":{"line":67,"column":8},"end":{"line":67,"column":79}},{"start":{},"end":{}}],"line":67},"5":{"loc":{"start":{"line":67,"column":12},"end":{"line":67,"column":49}},"type":"binary-expr","locations":[{"start":{"line":67,"column":12},"end":{"line":67,"column":19}},{"start":{"line":67,"column":23},"end":{"line":67,"column":49}}],"line":67},"6":{"loc":{"start":{"line":123,"column":0},"end":{"line":130,"column":1}},"type":"if","locations":[{"start":{"line":123,"column":0},"end":{"line":130,"column":1}},{"start":{},"end":{}}],"line":123},"7":{"loc":{"start":{"line":125,"column":26},"end":{"line":125,"column":116}},"type":"binary-expr","locations":[{"start":{"line":125,"column":26},"end":{"line":125,"column":55}},{"start":{"line":125,"column":59},"end":{"line":125,"column":91}},{"start":{"line":125,"column":95},"end":{"line":125,"column":116}}],"line":125},"8":{"loc":{"start":{"line":137,"column":4},"end":{"line":140,"column":5}},"type":"if","locations":[{"start":{"line":137,"column":4},"end":{"line":140,"column":5}},{"start":{},"end":{}}],"line":137},"9":{"loc":{"start":{"line":154,"column":8},"end":{"line":154,"column":79}},"type":"if","locations":[{"start":{"line":154,"column":8},"end":{"line":154,"column":79}},{"start":{},"end":{}}],"line":154},"10":{"loc":{"start":{"line":182,"column":8},"end":{"line":187,"column":9}},"type":"if","locations":[{"start":{"line":182,"column":8},"end":{"line":187,"column":9}},{"start":{"line":184,"column":15},"end":{"line":187,"column":9}}],"line":182},"11":{"loc":{"start":{"line":182,"column":12},"end":{"line":182,"column":80}},"type":"binary-expr","locations":[{"start":{"line":182,"column":12},"end":{"line":182,"column":37}},{"start":{"line":182,"column":41},"end":{"line":182,"column":80}}],"line":182},"12":{"loc":{"start":{"line":191,"column":0},"end":{"line":193,"column":1}},"type":"if","locations":[{"start":{"line":191,"column":0},"end":{"line":193,"column":1}},{"start":{},"end":{}}],"line":191},"13":{"loc":{"start":{"line":197,"column":4},"end":{"line":198,"column":25}},"type":"if","locations":[{"start":{"line":197,"column":4},"end":{"line":198,"column":25}},{"start":{"line":198,"column":9},"end":{"line":198,"column":25}}],"line":197}},"s":{"0":2,"1":2,"2":2,"3":2,"4":2,"5":2,"6":2,"7":2,"8":2,"9":2,"10":2,"11":2,"12":2,"13":2,"14":2,"15":2,"16":2,"17":2,"18":2,"19":2,"20":0,"21":0,"22":2,"23":0,"24":0,"25":2,"26":0,"27":0,"28":0,"29":0,"30":2,"31":2,"32":2,"33":2,"34":2,"35":2,"36":11,"37":11,"38":0,"39":2,"40":2,"41":2,"42":2,"43":2,"44":2,"45":0,"46":2,"47":11,"48":11,"49":1,"50":1,"51":10,"52":10,"53":10,"54":0,"55":0,"56":2,"57":0,"58":0,"59":2,"60":2,"61":2,"62":2,"63":2,"64":2,"65":0,"66":2,"67":0,"68":0,"69":0,"70":0,"71":0,"72":0,"73":0,"74":2,"75":0,"76":2,"77":0,"78":0,"79":0,"80":0,"81":0,"82":2},"f":{"0":0,"1":0,"2":0,"3":11,"4":11,"5":0,"6":0,"7":0,"8":0,"9":0,"10":0,"11":0},"b":{"0":[2,0],"1":[0,0],"2":[0,0,0],"3":[2,0],"4":[11,0],"5":[11,0],"6":[2,0],"7":[2,0,0],"8":[1,10],"9":[0,0],"10":[0,0],"11":[0,0],"12":[0,2],"13":[0,0]},"_coverageSchema":"1a1c01bbd47fc00a2c39e90264f33305004495a9","hash":"7e072c5975884065cadfa11616d5f509bcd190d9"}
,"C:\\Sachin\\Projects\\BuildWithAI\\virtualPromptWars\\ep1\\lib\\GlobalConfig.js": {"path":"C:\\Sachin\\Projects\\BuildWithAI\\virtualPromptWars\\ep1\\lib\\GlobalConfig.js","statementMap":{"0":{"start":{"line":10,"column":21},"end":{"line":47,"column":1}},"1":{"start":{"line":49,"column":0},"end":{"line":49,"column":30}}},"fnMap":{},"branchMap":{"0":{"loc":{"start":{"line":14,"column":13},"end":{"line":14,"column":49}},"type":"binary-expr","locations":[{"start":{"line":14,"column":13},"end":{"line":14,"column":33}},{"start":{"line":14,"column":37},"end":{"line":14,"column":49}}],"line":14},"1":{"loc":{"start":{"line":29,"column":26},"end":{"line":29,"column":75}},"type":"binary-expr","locations":[{"start":{"line":29,"column":26},"end":{"line":29,"column":54}},{"start":{"line":29,"column":58},"end":{"line":29,"column":75}}],"line":29}},"s":{"0":2,"1":2},"f":{},"b":{"0":[2,0],"1":[2,0]},"_coverageSchema":"1a1c01bbd47fc00a2c39e90264f33305004495a9","hash":"8107ec79568140028b9bc6576ab5e5c1b225ed14"}
,"C:\\Sachin\\Projects\\BuildWithAI\\virtualPromptWars\\ep1\\lib\\Logger.js": {"path":"C:\\Sachin\\Projects\\BuildWithAI\\virtualPromptWars\\ep1\\lib\\Logger.js","statementMap":{"0":{"start":{"line":11,"column":21},"end":{"line":11,"column":46}},"1":{"start":{"line":23,"column":24},"end":{"line":29,"column":9}},"2":{"start":{"line":31,"column":8},"end":{"line":31,"column":67}},"3":{"start":{"line":40,"column":24},"end":{"line":45,"column":9}},"4":{"start":{"line":46,"column":8},"end":{"line":46,"column":68}},"5":{"start":{"line":55,"column":24},"end":{"line":61,"column":9}},"6":{"start":{"line":62,"column":8},"end":{"line":62,"column":68}},"7":{"start":{"line":66,"column":0},"end":{"line":66,"column":24}}},"fnMap":{"0":{"name":"(anonymous_0)","decl":{"start":{"line":22,"column":4},"end":{"line":22,"column":5}},"loc":{"start":{"line":22,"column":32},"end":{"line":32,"column":5}},"line":22},"1":{"name":"(anonymous_1)","decl":{"start":{"line":39,"column":4},"end":{"line":39,"column":5}},"loc":{"start":{"line":39,"column":32},"end":{"line":47,"column":5}},"line":39},"2":{"name":"(anonymous_2)","decl":{"start":{"line":54,"column":4},"end":{"line":54,"column":5}},"loc":{"start":{"line":54,"column":32},"end":{"line":63,"column":5}},"line":54}},"branchMap":{"0":{"loc":{"start":{"line":22,"column":21},"end":{"line":22,"column":30}},"type":"default-arg","locations":[{"start":{"line":22,"column":28},"end":{"line":22,"column":30}}],"line":22},"1":{"loc":{"start":{"line":39,"column":21},"end":{"line":39,"column":30}},"type":"default-arg","locations":[{"start":{"line":39,"column":28},"end":{"line":39,"column":30}}],"line":39},"2":{"loc":{"start":{"line":54,"column":22},"end":{"line":54,"column":30}},"type":"default-arg","locations":[{"start":{"line":54,"column":28},"end":{"line":54,"column":30}}],"line":54},"3":{"loc":{"start":{"line":58,"column":19},"end":{"line":58,"column":63}},"type":"cond-expr","locations":[{"start":{"line":58,"column":42},"end":{"line":58,"column":51}},{"start":{"line":58,"column":54},"end":{"line":58,"column":63}}],"line":58}},"s":{"0":2,"1":0,"2":0,"3":2,"4":2,"5":0,"6":0,"7":2},"f":{"0":0,"1":2,"2":0},"b":{"0":[0],"1":[1],"2":[0],"3":[0,0]},"_coverageSchema":"1a1c01bbd47fc00a2c39e90264f33305004495a9","hash":"a17a2d1ec672b2962a754bf27bc25d8387159cd5"}
,"C:\\Sachin\\Projects\\BuildWithAI\\virtualPromptWars\\ep1\\middleware\\errorHandler.js": {"path":"C:\\Sachin\\Projects\\BuildWithAI\\virtualPromptWars\\ep1\\middleware\\errorHandler.js","statementMap":{"0":{"start":{"line":11,"column":21},"end":{"line":11,"column":58}},"1":{"start":{"line":17,"column":21},"end":{"line":45,"column":1}},"2":{"start":{"line":18,"column":23},"end":{"line":18,"column":44}},"3":{"start":{"line":21,"column":4},"end":{"line":27,"column":7}},"4":{"start":{"line":30,"column":22},"end":{"line":30,"column":76}},"5":{"start":{"line":32,"column":4},"end":{"line":38,"column":5}},"6":{"start":{"line":33,"column":8},"end":{"line":33,"column":75}},"7":{"start":{"line":34,"column":11},"end":{"line":38,"column":5}},"8":{"start":{"line":35,"column":8},"end":{"line":35,"column":62}},"9":{"start":{"line":36,"column":11},"end":{"line":38,"column":5}},"10":{"start":{"line":37,"column":8},"end":{"line":37,"column":73}},"11":{"start":{"line":40,"column":4},"end":{"line":44,"column":7}},"12":{"start":{"line":47,"column":0},"end":{"line":47,"column":30}}},"fnMap":{"0":{"name":"(anonymous_0)","decl":{"start":{"line":17,"column":21},"end":{"line":17,"column":22}},"loc":{"start":{"line":17,"column":46},"end":{"line":45,"column":1}},"line":17}},"branchMap":{"0":{"loc":{"start":{"line":18,"column":23},"end":{"line":18,"column":44}},"type":"binary-expr","locations":[{"start":{"line":18,"column":23},"end":{"line":18,"column":37}},{"start":{"line":18,"column":41},"end":{"line":18,"column":44}}],"line":18},"1":{"loc":{"start":{"line":26,"column":16},"end":{"line":26,"column":53}},"type":"cond-expr","locations":[{"start":{"line":26,"column":27},"end":{"line":26,"column":39}},{"start":{"line":26,"column":42},"end":{"line":26,"column":53}}],"line":26},"2":{"loc":{"start":{"line":32,"column":4},"end":{"line":38,"column":5}},"type":"if","locations":[{"start":{"line":32,"column":4},"end":{"line":38,"column":5}},{"start":{"line":34,"column":11},"end":{"line":38,"column":5}}],"line":32},"3":{"loc":{"start":{"line":32,"column":8},"end":{"line":32,"column":82}},"type":"binary-expr","locations":[{"start":{"line":32,"column":8},"end":{"line":32,"column":42}},{"start":{"line":32,"column":46},"end":{"line":32,"column":82}}],"line":32},"4":{"loc":{"start":{"line":34,"column":11},"end":{"line":38,"column":5}},"type":"if","locations":[{"start":{"line":34,"column":11},"end":{"line":38,"column":5}},{"start":{"line":36,"column":11},"end":{"line":38,"column":5}}],"line":34},"5":{"loc":{"start":{"line":36,"column":11},"end":{"line":38,"column":5}},"type":"if","locations":[{"start":{"line":36,"column":11},"end":{"line":38,"column":5}},{"start":{},"end":{}}],"line":36},"6":{"loc":{"start":{"line":43,"column":14},"end":{"line":43,"column":42}},"type":"binary-expr","locations":[{"start":{"line":43,"column":14},"end":{"line":43,"column":22}},{"start":{"line":43,"column":26},"end":{"line":43,"column":42}}],"line":43}},"s":{"0":2,"1":2,"2":2,"3":2,"4":2,"5":2,"6":0,"7":2,"8":0,"9":2,"10":0,"11":2,"12":2},"f":{"0":2},"b":{"0":[2,2],"1":[2,0],"2":[0,2],"3":[2,2],"4":[0,2],"5":[0,2],"6":[2,2]},"_coverageSchema":"1a1c01bbd47fc00a2c39e90264f33305004495a9","hash":"060d9e00d786a8ddfa2708314b4924c1118aac79"}
,"C:\\Sachin\\Projects\\BuildWithAI\\virtualPromptWars\\ep1\\middleware\\rbacMiddleware.js": {"path":"C:\\Sachin\\Projects\\BuildWithAI\\virtualPromptWars\\ep1\\middleware\\rbacMiddleware.js","statementMap":{"0":{"start":{"line":10,"column":21},"end":{"line":10,"column":51}},"1":{"start":{"line":11,"column":15},"end":{"line":11,"column":39}},"2":{"start":{"line":19,"column":21},"end":{"line":31,"column":1}},"3":{"start":{"line":20,"column":17},"end":{"line":20,"column":25}},"4":{"start":{"line":22,"column":4},"end":{"line":28,"column":5}},"5":{"start":{"line":23,"column":8},"end":{"line":26,"column":11}},"6":{"start":{"line":27,"column":8},"end":{"line":27,"column":100}},"7":{"start":{"line":30,"column":4},"end":{"line":30,"column":11}},"8":{"start":{"line":33,"column":0},"end":{"line":33,"column":34}}},"fnMap":{"0":{"name":"(anonymous_0)","decl":{"start":{"line":19,"column":21},"end":{"line":19,"column":22}},"loc":{"start":{"line":19,"column":41},"end":{"line":31,"column":1}},"line":19}},"branchMap":{"0":{"loc":{"start":{"line":22,"column":4},"end":{"line":28,"column":5}},"type":"if","locations":[{"start":{"line":22,"column":4},"end":{"line":28,"column":5}},{"start":{},"end":{}}],"line":22},"1":{"loc":{"start":{"line":22,"column":8},"end":{"line":22,"column":60}},"type":"binary-expr","locations":[{"start":{"line":22,"column":8},"end":{"line":22,"column":13}},{"start":{"line":22,"column":17},"end":{"line":22,"column":60}}],"line":22},"2":{"loc":{"start":{"line":24,"column":17},"end":{"line":24,"column":46}},"type":"cond-expr","locations":[{"start":{"line":24,"column":24},"end":{"line":24,"column":32}},{"start":{"line":24,"column":35},"end":{"line":24,"column":46}}],"line":24}},"s":{"0":2,"1":2,"2":2,"3":2,"4":2,"5":1,"6":1,"7":1,"8":2},"f":{"0":2},"b":{"0":[1,1],"1":[2,2],"2":[1,0]},"_coverageSchema":"1a1c01bbd47fc00a2c39e90264f33305004495a9","hash":"e9e9c194489fd9231f658f126d84bc1749946d7f"}
,"C:\\Sachin\\Projects\\BuildWithAI\\virtualPromptWars\\ep1\\middleware\\verifyFirebaseToken.js": {"path":"C:\\Sachin\\Projects\\BuildWithAI\\virtualPromptWars\\ep1\\middleware\\verifyFirebaseToken.js","statementMap":{"0":{"start":{"line":11,"column":14},"end":{"line":11,"column":39}},"1":{"start":{"line":12,"column":15},"end":{"line":12,"column":39}},"2":{"start":{"line":15,"column":0},"end":{"line":24,"column":1}},"3":{"start":{"line":16,"column":4},"end":{"line":21,"column":5}},"4":{"start":{"line":17,"column":8},"end":{"line":19,"column":11}},"5":{"start":{"line":20,"column":8},"end":{"line":20,"column":94}},"6":{"start":{"line":23,"column":4},"end":{"line":23,"column":85}},"7":{"start":{"line":26,"column":12},"end":{"line":26,"column":35}},"8":{"start":{"line":27,"column":25},"end":{"line":27,"column":86}},"9":{"start":{"line":45,"column":28},"end":{"line":89,"column":1}},"10":{"start":{"line":46,"column":23},"end":{"line":46,"column":48}},"11":{"start":{"line":47,"column":4},"end":{"line":50,"column":5}},"12":{"start":{"line":48,"column":8},"end":{"line":48,"column":71}},"13":{"start":{"line":49,"column":8},"end":{"line":49,"column":82}},"14":{"start":{"line":52,"column":20},"end":{"line":52,"column":50}},"15":{"start":{"line":55,"column":4},"end":{"line":58,"column":5}},"16":{"start":{"line":56,"column":8},"end":{"line":56,"column":90}},"17":{"start":{"line":57,"column":8},"end":{"line":57,"column":22}},"18":{"start":{"line":60,"column":4},"end":{"line":88,"column":5}},"19":{"start":{"line":63,"column":29},"end":{"line":63,"column":70}},"20":{"start":{"line":64,"column":8},"end":{"line":64,"column":32}},"21":{"start":{"line":65,"column":8},"end":{"line":65,"column":15}},"22":{"start":{"line":68,"column":8},"end":{"line":76,"column":9}},"23":{"start":{"line":69,"column":30},"end":{"line":69,"column":67}},"24":{"start":{"line":70,"column":12},"end":{"line":73,"column":13}},"25":{"start":{"line":71,"column":16},"end":{"line":71,"column":37}},"26":{"start":{"line":72,"column":16},"end":{"line":72,"column":30}},"27":{"start":{"line":80,"column":8},"end":{"line":84,"column":9}},"28":{"start":{"line":81,"column":13},"end":{"line":81,"column":92}},"29":{"start":{"line":82,"column":13},"end":{"line":82,"column":122}},"30":{"start":{"line":83,"column":13},"end":{"line":83,"column":27}},"31":{"start":{"line":86,"column":8},"end":{"line":86,"column":73}},"32":{"start":{"line":87,"column":8},"end":{"line":87,"column":71}},"33":{"start":{"line":91,"column":0},"end":{"line":91,"column":48}}},"fnMap":{"0":{"name":"(anonymous_0)","decl":{"start":{"line":45,"column":28},"end":{"line":45,"column":29}},"loc":{"start":{"line":45,"column":54},"end":{"line":89,"column":1}},"line":45}},"branchMap":{"0":{"loc":{"start":{"line":16,"column":4},"end":{"line":21,"column":5}},"type":"if","locations":[{"start":{"line":16,"column":4},"end":{"line":21,"column":5}},{"start":{},"end":{}}],"line":16},"1":{"loc":{"start":{"line":18,"column":23},"end":{"line":18,"column":80}},"type":"binary-expr","locations":[{"start":{"line":18,"column":23},"end":{"line":18,"column":55}},{"start":{"line":18,"column":59},"end":{"line":18,"column":80}}],"line":18},"2":{"loc":{"start":{"line":27,"column":25},"end":{"line":27,"column":86}},"type":"binary-expr","locations":[{"start":{"line":27,"column":25},"end":{"line":27,"column":53}},{"start":{"line":27,"column":57},"end":{"line":27,"column":86}}],"line":27},"3":{"loc":{"start":{"line":47,"column":4},"end":{"line":50,"column":5}},"type":"if","locations":[{"start":{"line":47,"column":4},"end":{"line":50,"column":5}},{"start":{},"end":{}}],"line":47},"4":{"loc":{"start":{"line":47,"column":8},"end":{"line":47,"column":56}},"type":"binary-expr","locations":[{"start":{"line":47,"column":8},"end":{"line":47,"column":19}},{"start":{"line":47,"column":23},"end":{"line":47,"column":56}}],"line":47},"5":{"loc":{"start":{"line":55,"column":4},"end":{"line":58,"column":5}},"type":"if","locations":[{"start":{"line":55,"column":4},"end":{"line":58,"column":5}},{"start":{},"end":{}}],"line":55},"6":{"loc":{"start":{"line":55,"column":8},"end":{"line":55,"column":67}},"type":"binary-expr","locations":[{"start":{"line":55,"column":8},"end":{"line":55,"column":39}},{"start":{"line":55,"column":43},"end":{"line":55,"column":67}}],"line":55},"7":{"loc":{"start":{"line":70,"column":12},"end":{"line":73,"column":13}},"type":"if","locations":[{"start":{"line":70,"column":12},"end":{"line":73,"column":13}},{"start":{},"end":{}}],"line":70},"8":{"loc":{"start":{"line":80,"column":8},"end":{"line":84,"column":9}},"type":"if","locations":[{"start":{"line":80,"column":8},"end":{"line":84,"column":9}},{"start":{},"end":{}}],"line":80}},"s":{"0":2,"1":2,"2":2,"3":2,"4":2,"5":2,"6":0,"7":2,"8":2,"9":2,"10":10,"11":10,"12":1,"13":1,"14":9,"15":9,"16":3,"17":3,"18":6,"19":6,"20":6,"21":6,"22":0,"23":0,"24":0,"25":0,"26":0,"27":0,"28":0,"29":0,"30":0,"31":0,"32":0,"33":2},"f":{"0":10},"b":{"0":[2,0],"1":[2,0],"2":[2,0],"3":[1,9],"4":[10,9],"5":[3,6],"6":[9,6],"7":[0,0],"8":[0,0]},"_coverageSchema":"1a1c01bbd47fc00a2c39e90264f33305004495a9","hash":"9ce00699f6b7b3ead37ec2f8ee475fc33ec96a1a"}
,"C:\\Sachin\\Projects\\BuildWithAI\\virtualPromptWars\\ep1\\public\\js\\utils.js": {"path":"C:\\Sachin\\Projects\\BuildWithAI\\virtualPromptWars\\ep1\\public\\js\\utils.js","statementMap":{"0":{"start":{"line":9,"column":18},"end":{"line":9,"column":65}},"1":{"start":{"line":11,"column":0},"end":{"line":90,"column":2}},"2":{"start":{"line":13,"column":8},"end":{"line":13,"column":59}},"3":{"start":{"line":13,"column":49},"end":{"line":13,"column":59}},"4":{"start":{"line":14,"column":8},"end":{"line":20,"column":20}},"5":{"start":{"line":23,"column":24},"end":{"line":23,"column":67}},"6":{"start":{"line":26,"column":26},"end":{"line":26,"column":47}},"7":{"start":{"line":27,"column":8},"end":{"line":27,"column":38}},"8":{"start":{"line":27,"column":31},"end":{"line":27,"column":38}},"9":{"start":{"line":29,"column":19},"end":{"line":29,"column":40}},"10":{"start":{"line":30,"column":26},"end":{"line":34,"column":9}},"11":{"start":{"line":35,"column":8},"end":{"line":35,"column":36}},"12":{"start":{"line":36,"column":8},"end":{"line":39,"column":17}},"13":{"start":{"line":37,"column":12},"end":{"line":37,"column":46}},"14":{"start":{"line":38,"column":12},"end":{"line":38,"column":56}},"15":{"start":{"line":38,"column":29},"end":{"line":38,"column":49}},"16":{"start":{"line":47,"column":34},"end":{"line":47,"column":122}},"17":{"start":{"line":48,"column":31},"end":{"line":48,"column":51}},"18":{"start":{"line":49,"column":30},"end":{"line":49,"column":77}},"19":{"start":{"line":51,"column":8},"end":{"line":65,"column":11}},"20":{"start":{"line":52,"column":12},"end":{"line":52,"column":40}},"21":{"start":{"line":52,"column":33},"end":{"line":52,"column":40}},"22":{"start":{"line":54,"column":12},"end":{"line":64,"column":13}},"23":{"start":{"line":55,"column":16},"end":{"line":58,"column":17}},"24":{"start":{"line":56,"column":20},"end":{"line":56,"column":42}},"25":{"start":{"line":57,"column":20},"end":{"line":57,"column":39}},"26":{"start":{"line":60,"column":16},"end":{"line":63,"column":17}},"27":{"start":{"line":61,"column":20},"end":{"line":61,"column":43}},"28":{"start":{"line":62,"column":20},"end":{"line":62,"column":39}},"29":{"start":{"line":67,"column":8},"end":{"line":67,"column":51}},"30":{"start":{"line":67,"column":28},"end":{"line":67,"column":51}},"31":{"start":{"line":71,"column":8},"end":{"line":71,"column":56}},"32":{"start":{"line":71,"column":43},"end":{"line":71,"column":56}},"33":{"start":{"line":72,"column":8},"end":{"line":82,"column":9}},"34":{"start":{"line":74,"column":16},"end":{"line":74,"column":113}},"35":{"start":{"line":76,"column":29},"end":{"line":76,"column":44}},"36":{"start":{"line":77,"column":16},"end":{"line":77,"column":63}},"37":{"start":{"line":79,"column":16},"end":{"line":79,"column":64}},"38":{"start":{"line":81,"column":16},"end":{"line":81,"column":76}},"39":{"start":{"line":86,"column":21},"end":{"line":86,"column":42}},"40":{"start":{"line":87,"column":8},"end":{"line":87,"column":74}},"41":{"start":{"line":87,"column":26},"end":{"line":87,"column":74}},"42":{"start":{"line":88,"column":8},"end":{"line":88,"column":20}},"43":{"start":{"line":92,"column":0},"end":{"line":92,"column":68}},"44":{"start":{"line":92,"column":35},"end":{"line":92,"column":68}}},"fnMap":{"0":{"name":"(anonymous_0)","decl":{"start":{"line":12,"column":19},"end":{"line":12,"column":20}},"loc":{"start":{"line":12,"column":30},"end":{"line":21,"column":5}},"line":12},"1":{"name":"(anonymous_1)","decl":{"start":{"line":23,"column":18},"end":{"line":23,"column":19}},"loc":{"start":{"line":23,"column":24},"end":{"line":23,"column":67}},"line":23},"2":{"name":"(anonymous_2)","decl":{"start":{"line":25,"column":15},"end":{"line":25,"column":16}},"loc":{"start":{"line":25,"column":43},"end":{"line":40,"column":5}},"line":25},"3":{"name":"(anonymous_3)","decl":{"start":{"line":36,"column":19},"end":{"line":36,"column":20}},"loc":{"start":{"line":36,"column":25},"end":{"line":39,"column":9}},"line":36},"4":{"name":"(anonymous_4)","decl":{"start":{"line":38,"column":23},"end":{"line":38,"column":24}},"loc":{"start":{"line":38,"column":29},"end":{"line":38,"column":49}},"line":38},"5":{"name":"(anonymous_5)","decl":{"start":{"line":46,"column":15},"end":{"line":46,"column":16}},"loc":{"start":{"line":46,"column":28},"end":{"line":68,"column":5}},"line":46},"6":{"name":"(anonymous_6)","decl":{"start":{"line":51,"column":30},"end":{"line":51,"column":31}},"loc":{"start":{"line":51,"column":37},"end":{"line":65,"column":9}},"line":51},"7":{"name":"(anonymous_7)","decl":{"start":{"line":70,"column":19},"end":{"line":70,"column":20}},"loc":{"start":{"line":70,"column":36},"end":{"line":83,"column":5}},"line":70},"8":{"name":"(anonymous_8)","decl":{"start":{"line":85,"column":20},"end":{"line":85,"column":21}},"loc":{"start":{"line":85,"column":40},"end":{"line":89,"column":5}},"line":85}},"branchMap":{"0":{"loc":{"start":{"line":9,"column":18},"end":{"line":9,"column":65}},"type":"cond-expr","locations":[{"start":{"line":9,"column":50},"end":{"line":9,"column":56}},{"start":{"line":9,"column":59},"end":{"line":9,"column":65}}],"line":9},"1":{"loc":{"start":{"line":13,"column":8},"end":{"line":13,"column":59}},"type":"if","locations":[{"start":{"line":13,"column":8},"end":{"line":13,"column":59}},{"start":{},"end":{}}],"line":13},"2":{"loc":{"start":{"line":13,"column":12},"end":{"line":13,"column":47}},"type":"binary-expr","locations":[{"start":{"line":13,"column":12},"end":{"line":13,"column":18}},{"start":{"line":13,"column":22},"end":{"line":13,"column":47}}],"line":13},"3":{"loc":{"start":{"line":25,"column":25},"end":{"line":25,"column":38}},"type":"default-arg","locations":[{"start":{"line":25,"column":32},"end":{"line":25,"column":38}}],"line":25},"4":{"loc":{"start":{"line":27,"column":8},"end":{"line":27,"column":38}},"type":"if","locations":[{"start":{"line":27,"column":8},"end":{"line":27,"column":38}},{"start":{},"end":{}}],"line":27},"5":{"loc":{"start":{"line":52,"column":12},"end":{"line":52,"column":40}},"type":"if","locations":[{"start":{"line":52,"column":12},"end":{"line":52,"column":40}},{"start":{},"end":{}}],"line":52},"6":{"loc":{"start":{"line":54,"column":12},"end":{"line":64,"column":13}},"type":"if","locations":[{"start":{"line":54,"column":12},"end":{"line":64,"column":13}},{"start":{"line":59,"column":19},"end":{"line":64,"column":13}}],"line":54},"7":{"loc":{"start":{"line":55,"column":16},"end":{"line":58,"column":17}},"type":"if","locations":[{"start":{"line":55,"column":16},"end":{"line":58,"column":17}},{"start":{},"end":{}}],"line":55},"8":{"loc":{"start":{"line":60,"column":16},"end":{"line":63,"column":17}},"type":"if","locations":[{"start":{"line":60,"column":16},"end":{"line":63,"column":17}},{"start":{},"end":{}}],"line":60},"9":{"loc":{"start":{"line":67,"column":8},"end":{"line":67,"column":51}},"type":"if","locations":[{"start":{"line":67,"column":8},"end":{"line":67,"column":51}},{"start":{},"end":{}}],"line":67},"10":{"loc":{"start":{"line":71,"column":8},"end":{"line":71,"column":56}},"type":"if","locations":[{"start":{"line":71,"column":8},"end":{"line":71,"column":56}},{"start":{},"end":{}}],"line":71},"11":{"loc":{"start":{"line":71,"column":12},"end":{"line":71,"column":41}},"type":"binary-expr","locations":[{"start":{"line":71,"column":12},"end":{"line":71,"column":18}},{"start":{"line":71,"column":22},"end":{"line":71,"column":41}}],"line":71},"12":{"loc":{"start":{"line":72,"column":8},"end":{"line":82,"column":9}},"type":"switch","locations":[{"start":{"line":73,"column":12},"end":{"line":74,"column":113}},{"start":{"line":75,"column":12},"end":{"line":77,"column":63}},{"start":{"line":78,"column":12},"end":{"line":79,"column":64}},{"start":{"line":80,"column":12},"end":{"line":81,"column":76}}],"line":72},"13":{"loc":{"start":{"line":77,"column":23},"end":{"line":77,"column":62}},"type":"binary-expr","locations":[{"start":{"line":77,"column":23},"end":{"line":77,"column":35}},{"start":{"line":77,"column":39},"end":{"line":77,"column":47}},{"start":{"line":77,"column":51},"end":{"line":77,"column":62}}],"line":77},"14":{"loc":{"start":{"line":81,"column":23},"end":{"line":81,"column":75}},"type":"binary-expr","locations":[{"start":{"line":81,"column":23},"end":{"line":81,"column":48}},{"start":{"line":81,"column":52},"end":{"line":81,"column":75}}],"line":81},"15":{"loc":{"start":{"line":87,"column":8},"end":{"line":87,"column":74}},"type":"if","locations":[{"start":{"line":87,"column":8},"end":{"line":87,"column":74}},{"start":{},"end":{}}],"line":87},"16":{"loc":{"start":{"line":87,"column":42},"end":{"line":87,"column":72}},"type":"binary-expr","locations":[{"start":{"line":87,"column":42},"end":{"line":87,"column":52}},{"start":{"line":87,"column":56},"end":{"line":87,"column":72}}],"line":87},"17":{"loc":{"start":{"line":92,"column":0},"end":{"line":92,"column":68}},"type":"if","locations":[{"start":{"line":92,"column":0},"end":{"line":92,"column":68}},{"start":{},"end":{}}],"line":92}},"s":{"0":3,"1":3,"2":7,"3":3,"4":4,"5":2,"6":0,"7":0,"8":0,"9":0,"10":0,"11":0,"12":0,"13":0,"14":0,"15":0,"16":0,"17":0,"18":0,"19":0,"20":0,"21":0,"22":0,"23":0,"24":0,"25":0,"26":0,"27":0,"28":0,"29":0,"30":0,"31":9,"32":1,"33":8,"34":3,"35":3,"36":3,"37":0,"38":2,"39":2,"40":2,"41":1,"42":1,"43":3,"44":3},"f":{"0":7,"1":2,"2":0,"3":0,"4":0,"5":0,"6":0,"7":9,"8":2},"b":{"0":[0,3],"1":[3,4],"2":[7,5],"3":[0],"4":[0,0],"5":[0,0],"6":[0,0],"7":[0,0],"8":[0,0],"9":[0,0],"10":[1,8],"11":[9,1],"12":[3,3,0,2],"13":[3,3,2],"14":[2,2],"15":[1,1],"16":[1,0],"17":[3,0]},"_coverageSchema":"1a1c01bbd47fc00a2c39e90264f33305004495a9","hash":"22f499eee2832416521fc97b3e4e7be37634c743"}
,"C:\\Sachin\\Projects\\BuildWithAI\\virtualPromptWars\\ep1\\routes\\admin.js": {"path":"C:\\Sachin\\Projects\\BuildWithAI\\virtualPromptWars\\ep1\\routes\\admin.js","statementMap":{"0":{"start":{"line":10,"column":16},"end":{"line":10,"column":34}},"1":{"start":{"line":11,"column":12},"end":{"line":11,"column":35}},"2":{"start":{"line":12,"column":15},"end":{"line":12,"column":31}},"3":{"start":{"line":13,"column":21},"end":{"line":13,"column":51}},"4":{"start":{"line":14,"column":15},"end":{"line":14,"column":39}},"5":{"start":{"line":15,"column":25},"end":{"line":15,"column":64}},"6":{"start":{"line":16,"column":32},"end":{"line":16,"column":76}},"7":{"start":{"line":17,"column":26},"end":{"line":17,"column":65}},"8":{"start":{"line":18,"column":36},"end":{"line":18,"column":70}},"9":{"start":{"line":19,"column":46},"end":{"line":19,"column":82}},"10":{"start":{"line":24,"column":0},"end":{"line":42,"column":3}},"11":{"start":{"line":25,"column":4},"end":{"line":41,"column":5}},"12":{"start":{"line":26,"column":39},"end":{"line":26,"column":47}},"13":{"start":{"line":29,"column":8},"end":{"line":36,"column":9}},"14":{"start":{"line":30,"column":26},"end":{"line":34,"column":13}},"15":{"start":{"line":35,"column":12},"end":{"line":35,"column":54}},"16":{"start":{"line":38,"column":8},"end":{"line":38,"column":85}},"17":{"start":{"line":40,"column":8},"end":{"line":40,"column":18}},"18":{"start":{"line":47,"column":0},"end":{"line":47,"column":32}},"19":{"start":{"line":48,"column":0},"end":{"line":48,"column":25}},"20":{"start":{"line":53,"column":0},"end":{"line":60,"column":3}},"21":{"start":{"line":54,"column":4},"end":{"line":59,"column":5}},"22":{"start":{"line":55,"column":22},"end":{"line":55,"column":43}},"23":{"start":{"line":56,"column":8},"end":{"line":56,"column":24}},"24":{"start":{"line":58,"column":8},"end":{"line":58,"column":18}},"25":{"start":{"line":66,"column":0},"end":{"line":73,"column":3}},"26":{"start":{"line":67,"column":4},"end":{"line":72,"column":5}},"27":{"start":{"line":68,"column":24},"end":{"line":68,"column":58}},"28":{"start":{"line":69,"column":8},"end":{"line":69,"column":30}},"29":{"start":{"line":71,"column":8},"end":{"line":71,"column":18}},"30":{"start":{"line":79,"column":0},"end":{"line":87,"column":3}},"31":{"start":{"line":80,"column":4},"end":{"line":86,"column":5}},"32":{"start":{"line":81,"column":34},"end":{"line":81,"column":42}},"33":{"start":{"line":82,"column":24},"end":{"line":82,"column":58}},"34":{"start":{"line":83,"column":8},"end":{"line":83,"column":30}},"35":{"start":{"line":85,"column":8},"end":{"line":85,"column":18}},"36":{"start":{"line":93,"column":0},"end":{"line":116,"column":3}},"37":{"start":{"line":94,"column":4},"end":{"line":115,"column":5}},"38":{"start":{"line":95,"column":43},"end":{"line":95,"column":51}},"39":{"start":{"line":96,"column":8},"end":{"line":98,"column":9}},"40":{"start":{"line":97,"column":12},"end":{"line":97,"column":89}},"41":{"start":{"line":99,"column":24},"end":{"line":99,"column":77}},"42":{"start":{"line":102,"column":22},"end":{"line":102,"column":72}},"43":{"start":{"line":103,"column":8},"end":{"line":110,"column":11}},"44":{"start":{"line":112,"column":8},"end":{"line":112,"column":26}},"45":{"start":{"line":114,"column":8},"end":{"line":114,"column":18}},"46":{"start":{"line":118,"column":0},"end":{"line":118,"column":24}}},"fnMap":{"0":{"name":"(anonymous_0)","decl":{"start":{"line":24,"column":22},"end":{"line":24,"column":23}},"loc":{"start":{"line":24,"column":42},"end":{"line":42,"column":1}},"line":24},"1":{"name":"(anonymous_1)","decl":{"start":{"line":53,"column":31},"end":{"line":53,"column":32}},"loc":{"start":{"line":53,"column":57},"end":{"line":60,"column":1}},"line":53},"2":{"name":"(anonymous_2)","decl":{"start":{"line":66,"column":23},"end":{"line":66,"column":24}},"loc":{"start":{"line":66,"column":49},"end":{"line":73,"column":1}},"line":66},"3":{"name":"(anonymous_3)","decl":{"start":{"line":79,"column":26},"end":{"line":79,"column":27}},"loc":{"start":{"line":79,"column":52},"end":{"line":87,"column":1}},"line":79},"4":{"name":"(anonymous_4)","decl":{"start":{"line":93,"column":25},"end":{"line":93,"column":26}},"loc":{"start":{"line":93,"column":51},"end":{"line":116,"column":1}},"line":93}},"branchMap":{"0":{"loc":{"start":{"line":29,"column":8},"end":{"line":36,"column":9}},"type":"if","locations":[{"start":{"line":29,"column":8},"end":{"line":36,"column":9}},{"start":{},"end":{}}],"line":29},"1":{"loc":{"start":{"line":29,"column":12},"end":{"line":29,"column":59}},"type":"binary-expr","locations":[{"start":{"line":29,"column":12},"end":{"line":29,"column":31}},{"start":{"line":29,"column":35},"end":{"line":29,"column":59}}],"line":29},"2":{"loc":{"start":{"line":96,"column":8},"end":{"line":98,"column":9}},"type":"if","locations":[{"start":{"line":96,"column":8},"end":{"line":98,"column":9}},{"start":{},"end":{}}],"line":96},"3":{"loc":{"start":{"line":96,"column":12},"end":{"line":96,"column":38}},"type":"binary-expr","locations":[{"start":{"line":96,"column":12},"end":{"line":96,"column":24}},{"start":{"line":96,"column":28},"end":{"line":96,"column":38}}],"line":96}},"s":{"0":2,"1":2,"2":2,"3":2,"4":2,"5":2,"6":2,"7":2,"8":2,"9":2,"10":2,"11":0,"12":0,"13":0,"14":0,"15":0,"16":0,"17":0,"18":2,"19":2,"20":2,"21":1,"22":1,"23":1,"24":0,"25":2,"26":0,"27":0,"28":0,"29":0,"30":2,"31":0,"32":0,"33":0,"34":0,"35":0,"36":2,"37":0,"38":0,"39":0,"40":0,"41":0,"42":0,"43":0,"44":0,"45":0,"46":2},"f":{"0":0,"1":1,"2":0,"3":0,"4":0},"b":{"0":[0,0],"1":[0,0],"2":[0,0],"3":[0,0]},"_coverageSchema":"1a1c01bbd47fc00a2c39e90264f33305004495a9","hash":"a09e6395c0aaa4267c614c769d45e1df207a9388"}
,"C:\\Sachin\\Projects\\BuildWithAI\\virtualPromptWars\\ep1\\routes\\api.js": {"path":"C:\\Sachin\\Projects\\BuildWithAI\\virtualPromptWars\\ep1\\routes\\api.js","statementMap":{"0":{"start":{"line":11,"column":16},"end":{"line":11,"column":34}},"1":{"start":{"line":12,"column":15},"end":{"line":12,"column":31}},"2":{"start":{"line":13,"column":32},"end":{"line":13,"column":76}},"3":{"start":{"line":14,"column":29},"end":{"line":14,"column":61}},"4":{"start":{"line":15,"column":89},"end":{"line":15,"column":128}},"5":{"start":{"line":18,"column":0},"end":{"line":18,"column":32}},"6":{"start":{"line":23,"column":0},"end":{"line":30,"column":3}},"7":{"start":{"line":24,"column":4},"end":{"line":29,"column":5}},"8":{"start":{"line":25,"column":22},"end":{"line":25,"column":44}},"9":{"start":{"line":26,"column":8},"end":{"line":26,"column":56}},"10":{"start":{"line":28,"column":8},"end":{"line":28,"column":20}},"11":{"start":{"line":35,"column":0},"end":{"line":44,"column":3}},"12":{"start":{"line":36,"column":4},"end":{"line":43,"column":5}},"13":{"start":{"line":37,"column":37},"end":{"line":37,"column":45}},"14":{"start":{"line":39,"column":23},"end":{"line":39,"column":80}},"15":{"start":{"line":40,"column":8},"end":{"line":40,"column":65}},"16":{"start":{"line":42,"column":8},"end":{"line":42,"column":20}},"17":{"start":{"line":49,"column":0},"end":{"line":57,"column":3}},"18":{"start":{"line":50,"column":4},"end":{"line":56,"column":5}},"19":{"start":{"line":51,"column":24},"end":{"line":51,"column":58}},"20":{"start":{"line":52,"column":8},"end":{"line":52,"column":82}},"21":{"start":{"line":52,"column":22},"end":{"line":52,"column":82}},"22":{"start":{"line":53,"column":8},"end":{"line":53,"column":45}},"23":{"start":{"line":55,"column":8},"end":{"line":55,"column":20}},"24":{"start":{"line":62,"column":0},"end":{"line":70,"column":3}},"25":{"start":{"line":63,"column":4},"end":{"line":69,"column":5}},"26":{"start":{"line":64,"column":28},"end":{"line":64,"column":36}},"27":{"start":{"line":65,"column":8},"end":{"line":65,"column":55}},"28":{"start":{"line":66,"column":8},"end":{"line":66,"column":36}},"29":{"start":{"line":68,"column":8},"end":{"line":68,"column":20}},"30":{"start":{"line":75,"column":0},"end":{"line":105,"column":3}},"31":{"start":{"line":76,"column":4},"end":{"line":104,"column":5}},"32":{"start":{"line":77,"column":37},"end":{"line":77,"column":45}},"33":{"start":{"line":78,"column":23},"end":{"line":78,"column":35}},"34":{"start":{"line":80,"column":8},"end":{"line":82,"column":9}},"35":{"start":{"line":81,"column":12},"end":{"line":81,"column":80}},"36":{"start":{"line":85,"column":25},"end":{"line":85,"column":54}},"37":{"start":{"line":88,"column":30},"end":{"line":88,"column":83}},"38":{"start":{"line":91,"column":8},"end":{"line":98,"column":11}},"39":{"start":{"line":100,"column":8},"end":{"line":100,"column":27}},"40":{"start":{"line":103,"column":8},"end":{"line":103,"column":20}},"41":{"start":{"line":110,"column":0},"end":{"line":161,"column":3}},"42":{"start":{"line":111,"column":4},"end":{"line":160,"column":5}},"43":{"start":{"line":112,"column":43},"end":{"line":112,"column":51}},"44":{"start":{"line":113,"column":20},"end":{"line":113,"column":32}},"45":{"start":{"line":115,"column":8},"end":{"line":117,"column":9}},"46":{"start":{"line":116,"column":12},"end":{"line":116,"column":102}},"47":{"start":{"line":120,"column":36},"end":{"line":120,"column":72}},"48":{"start":{"line":121,"column":23},"end":{"line":121,"column":46}},"49":{"start":{"line":122,"column":8},"end":{"line":124,"column":9}},"50":{"start":{"line":123,"column":12},"end":{"line":123,"column":117}},"51":{"start":{"line":127,"column":44},"end":{"line":127,"column":78}},"52":{"start":{"line":128,"column":24},"end":{"line":128,"column":77}},"53":{"start":{"line":131,"column":22},"end":{"line":131,"column":72}},"54":{"start":{"line":132,"column":19},"end":{"line":132,"column":36}},"55":{"start":{"line":134,"column":26},"end":{"line":134,"column":70}},"56":{"start":{"line":137,"column":8},"end":{"line":145,"column":11}},"57":{"start":{"line":148,"column":8},"end":{"line":154,"column":11}},"58":{"start":{"line":156,"column":8},"end":{"line":156,"column":26}},"59":{"start":{"line":159,"column":8},"end":{"line":159,"column":20}},"60":{"start":{"line":163,"column":0},"end":{"line":163,"column":24}}},"fnMap":{"0":{"name":"(anonymous_0)","decl":{"start":{"line":23,"column":30},"end":{"line":23,"column":31}},"loc":{"start":{"line":23,"column":56},"end":{"line":30,"column":1}},"line":23},"1":{"name":"(anonymous_1)","decl":{"start":{"line":35,"column":29},"end":{"line":35,"column":30}},"loc":{"start":{"line":35,"column":55},"end":{"line":44,"column":1}},"line":35},"2":{"name":"(anonymous_2)","decl":{"start":{"line":49,"column":26},"end":{"line":49,"column":27}},"loc":{"start":{"line":49,"column":52},"end":{"line":57,"column":1}},"line":49},"3":{"name":"(anonymous_3)","decl":{"start":{"line":62,"column":39},"end":{"line":62,"column":40}},"loc":{"start":{"line":62,"column":65},"end":{"line":70,"column":1}},"line":62},"4":{"name":"(anonymous_4)","decl":{"start":{"line":75,"column":37},"end":{"line":75,"column":38}},"loc":{"start":{"line":75,"column":63},"end":{"line":105,"column":1}},"line":75},"5":{"name":"(anonymous_5)","decl":{"start":{"line":110,"column":34},"end":{"line":110,"column":35}},"loc":{"start":{"line":110,"column":60},"end":{"line":161,"column":1}},"line":110}},"branchMap":{"0":{"loc":{"start":{"line":39,"column":45},"end":{"line":39,"column":64}},"type":"binary-expr","locations":[{"start":{"line":39,"column":45},"end":{"line":39,"column":57}},{"start":{"line":39,"column":61},"end":{"line":39,"column":64}}],"line":39},"1":{"loc":{"start":{"line":52,"column":8},"end":{"line":52,"column":82}},"type":"if","locations":[{"start":{"line":52,"column":8},"end":{"line":52,"column":82}},{"start":{},"end":{}}],"line":52},"2":{"loc":{"start":{"line":80,"column":8},"end":{"line":82,"column":9}},"type":"if","locations":[{"start":{"line":80,"column":8},"end":{"line":82,"column":9}},{"start":{},"end":{}}],"line":80},"3":{"loc":{"start":{"line":94,"column":24},"end":{"line":94,"column":41}},"type":"binary-expr","locations":[{"start":{"line":94,"column":24},"end":{"line":94,"column":33}},{"start":{"line":94,"column":37},"end":{"line":94,"column":41}}],"line":94},"4":{"loc":{"start":{"line":115,"column":8},"end":{"line":117,"column":9}},"type":"if","locations":[{"start":{"line":115,"column":8},"end":{"line":117,"column":9}},{"start":{},"end":{}}],"line":115},"5":{"loc":{"start":{"line":115,"column":12},"end":{"line":115,"column":38}},"type":"binary-expr","locations":[{"start":{"line":115,"column":12},"end":{"line":115,"column":24}},{"start":{"line":115,"column":28},"end":{"line":115,"column":38}}],"line":115},"6":{"loc":{"start":{"line":122,"column":8},"end":{"line":124,"column":9}},"type":"if","locations":[{"start":{"line":122,"column":8},"end":{"line":124,"column":9}},{"start":{},"end":{}}],"line":122}},"s":{"0":2,"1":2,"2":2,"3":2,"4":2,"5":2,"6":2,"7":1,"8":1,"9":0,"10":1,"11":2,"12":1,"13":1,"14":1,"15":1,"16":0,"17":2,"18":0,"19":0,"20":0,"21":0,"22":0,"23":0,"24":2,"25":1,"26":1,"27":1,"28":1,"29":0,"30":2,"31":3,"32":3,"33":3,"34":3,"35":1,"36":2,"37":2,"38":2,"39":2,"40":0,"41":2,"42":1,"43":1,"44":1,"45":1,"46":0,"47":1,"48":1,"49":0,"50":0,"51":0,"52":0,"53":0,"54":0,"55":0,"56":0,"57":0,"58":0,"59":1,"60":2},"f":{"0":1,"1":1,"2":0,"3":1,"4":3,"5":1},"b":{"0":[1,0],"1":[0,0],"2":[1,2],"3":[2,2],"4":[0,1],"5":[1,1],"6":[0,0]},"_coverageSchema":"1a1c01bbd47fc00a2c39e90264f33305004495a9","hash":"bab8ff411d11452fe85b771a901da54a64584e93"}
,"C:\\Sachin\\Projects\\BuildWithAI\\virtualPromptWars\\ep1\\routes\\config.js": {"path":"C:\\Sachin\\Projects\\BuildWithAI\\virtualPromptWars\\ep1\\routes\\config.js","statementMap":{"0":{"start":{"line":10,"column":16},"end":{"line":10,"column":34}},"1":{"start":{"line":11,"column":15},"end":{"line":11,"column":31}},"2":{"start":{"line":12,"column":15},"end":{"line":12,"column":39}},"3":{"start":{"line":20,"column":0},"end":{"line":48,"column":3}},"4":{"start":{"line":21,"column":4},"end":{"line":47,"column":5}},"5":{"start":{"line":22,"column":23},"end":{"line":30,"column":9}},"6":{"start":{"line":33,"column":8},"end":{"line":36,"column":9}},"7":{"start":{"line":34,"column":12},"end":{"line":34,"column":83}},"8":{"start":{"line":35,"column":12},"end":{"line":35,"column":106}},"9":{"start":{"line":38,"column":8},"end":{"line":41,"column":9}},"10":{"start":{"line":39,"column":12},"end":{"line":39,"column":94}},"11":{"start":{"line":40,"column":12},"end":{"line":40,"column":86}},"12":{"start":{"line":43,"column":8},"end":{"line":43,"column":25}},"13":{"start":{"line":45,"column":8},"end":{"line":45,"column":66}},"14":{"start":{"line":46,"column":8},"end":{"line":46,"column":65}},"15":{"start":{"line":50,"column":0},"end":{"line":50,"column":24}}},"fnMap":{"0":{"name":"(anonymous_0)","decl":{"start":{"line":20,"column":16},"end":{"line":20,"column":17}},"loc":{"start":{"line":20,"column":30},"end":{"line":48,"column":1}},"line":20}},"branchMap":{"0":{"loc":{"start":{"line":33,"column":8},"end":{"line":36,"column":9}},"type":"if","locations":[{"start":{"line":33,"column":8},"end":{"line":36,"column":9}},{"start":{},"end":{}}],"line":33},"1":{"loc":{"start":{"line":33,"column":12},"end":{"line":33,"column":73}},"type":"binary-expr","locations":[{"start":{"line":33,"column":12},"end":{"line":33,"column":26}},{"start":{"line":33,"column":30},"end":{"line":33,"column":73}}],"line":33},"2":{"loc":{"start":{"line":38,"column":8},"end":{"line":41,"column":9}},"type":"if","locations":[{"start":{"line":38,"column":8},"end":{"line":41,"column":9}},{"start":{},"end":{}}],"line":38}},"s":{"0":2,"1":2,"2":2,"3":2,"4":0,"5":0,"6":0,"7":0,"8":0,"9":0,"10":0,"11":0,"12":0,"13":0,"14":0,"15":2},"f":{"0":0},"b":{"0":[0,0],"1":[0,0],"2":[0,0]},"_coverageSchema":"1a1c01bbd47fc00a2c39e90264f33305004495a9","hash":"495533d5d5d15ecd9fe833081cbc34ec9c7997e9"}
,"C:\\Sachin\\Projects\\BuildWithAI\\virtualPromptWars\\ep1\\services\\aiService.js": {"path":"C:\\Sachin\\Projects\\BuildWithAI\\virtualPromptWars\\ep1\\services\\aiService.js","statementMap":{"0":{"start":{"line":10,"column":21},"end":{"line":10,"column":54}},"1":{"start":{"line":11,"column":12},"end":{"line":11,"column":26}},"2":{"start":{"line":12,"column":21},"end":{"line":12,"column":48}},"3":{"start":{"line":14,"column":16},"end":{"line":14,"column":48}},"4":{"start":{"line":15,"column":17},"end":{"line":15,"column":67}},"5":{"start":{"line":24,"column":0},"end":{"line":42,"column":1}},"6":{"start":{"line":25,"column":4},"end":{"line":39,"column":5}},"7":{"start":{"line":26,"column":8},"end":{"line":26,"column":55}},"8":{"start":{"line":27,"column":8},"end":{"line":35,"column":11}},"9":{"start":{"line":36,"column":8},"end":{"line":36,"column":87}},"10":{"start":{"line":38,"column":8},"end":{"line":38,"column":93}},"11":{"start":{"line":41,"column":4},"end":{"line":41,"column":101}},"12":{"start":{"line":44,"column":12},"end":{"line":44,"column":21}},"13":{"start":{"line":45,"column":27},"end":{"line":54,"column":1}},"14":{"start":{"line":55,"column":17},"end":{"line":55,"column":48}},"15":{"start":{"line":61,"column":25},"end":{"line":118,"column":1}},"16":{"start":{"line":62,"column":4},"end":{"line":62,"column":83}},"17":{"start":{"line":62,"column":43},"end":{"line":62,"column":83}},"18":{"start":{"line":64,"column":4},"end":{"line":67,"column":5}},"19":{"start":{"line":65,"column":8},"end":{"line":65,"column":91}},"20":{"start":{"line":66,"column":8},"end":{"line":66,"column":105}},"21":{"start":{"line":70,"column":25},"end":{"line":82,"column":47}},"22":{"start":{"line":84,"column":4},"end":{"line":117,"column":5}},"23":{"start":{"line":85,"column":8},"end":{"line":85,"column":109}},"24":{"start":{"line":87,"column":24},"end":{"line":92,"column":9}},"25":{"start":{"line":94,"column":23},"end":{"line":94,"column":59}},"26":{"start":{"line":95,"column":25},"end":{"line":95,"column":40}},"27":{"start":{"line":97,"column":8},"end":{"line":99,"column":9}},"28":{"start":{"line":98,"column":12},"end":{"line":98,"column":59}},"29":{"start":{"line":101,"column":21},"end":{"line":101,"column":72}},"30":{"start":{"line":102,"column":27},"end":{"line":102,"column":43}},"31":{"start":{"line":104,"column":22},"end":{"line":104,"column":42}},"32":{"start":{"line":105,"column":8},"end":{"line":108,"column":9}},"33":{"start":{"line":106,"column":12},"end":{"line":106,"column":102}},"34":{"start":{"line":107,"column":12},"end":{"line":107,"column":70}},"35":{"start":{"line":110,"column":8},"end":{"line":110,"column":114}},"36":{"start":{"line":111,"column":8},"end":{"line":111,"column":26}},"37":{"start":{"line":114,"column":8},"end":{"line":114,"column":98}},"38":{"start":{"line":116,"column":8},"end":{"line":116,"column":20}},"39":{"start":{"line":120,"column":0},"end":{"line":120,"column":38}}},"fnMap":{"0":{"name":"(anonymous_0)","decl":{"start":{"line":61,"column":25},"end":{"line":61,"column":26}},"loc":{"start":{"line":61,"column":57},"end":{"line":118,"column":1}},"line":61}},"branchMap":{"0":{"loc":{"start":{"line":15,"column":17},"end":{"line":15,"column":67}},"type":"binary-expr","locations":[{"start":{"line":15,"column":17},"end":{"line":15,"column":50}},{"start":{"line":15,"column":54},"end":{"line":15,"column":67}}],"line":15},"1":{"loc":{"start":{"line":24,"column":0},"end":{"line":42,"column":1}},"type":"if","locations":[{"start":{"line":24,"column":0},"end":{"line":42,"column":1}},{"start":{"line":40,"column":7},"end":{"line":42,"column":1}}],"line":24},"2":{"loc":{"start":{"line":61,"column":38},"end":{"line":61,"column":52}},"type":"default-arg","locations":[{"start":{"line":61,"column":48},"end":{"line":61,"column":52}}],"line":61},"3":{"loc":{"start":{"line":62,"column":4},"end":{"line":62,"column":83}},"type":"if","locations":[{"start":{"line":62,"column":4},"end":{"line":62,"column":83}},{"start":{},"end":{}}],"line":62},"4":{"loc":{"start":{"line":62,"column":8},"end":{"line":62,"column":41}},"type":"binary-expr","locations":[{"start":{"line":62,"column":8},"end":{"line":62,"column":13}},{"start":{"line":62,"column":17},"end":{"line":62,"column":41}}],"line":62},"5":{"loc":{"start":{"line":64,"column":4},"end":{"line":67,"column":5}},"type":"if","locations":[{"start":{"line":64,"column":4},"end":{"line":67,"column":5}},{"start":{},"end":{}}],"line":64},"6":{"loc":{"start":{"line":97,"column":8},"end":{"line":99,"column":9}},"type":"if","locations":[{"start":{"line":97,"column":8},"end":{"line":99,"column":9}},{"start":{},"end":{}}],"line":97},"7":{"loc":{"start":{"line":97,"column":12},"end":{"line":97,"column":68}},"type":"binary-expr","locations":[{"start":{"line":97,"column":12},"end":{"line":97,"column":32}},{"start":{"line":97,"column":36},"end":{"line":97,"column":68}}],"line":97},"8":{"loc":{"start":{"line":105,"column":8},"end":{"line":108,"column":9}},"type":"if","locations":[{"start":{"line":105,"column":8},"end":{"line":108,"column":9}},{"start":{},"end":{}}],"line":105}},"s":{"0":2,"1":2,"2":2,"3":2,"4":2,"5":2,"6":2,"7":2,"8":2,"9":2,"10":0,"11":0,"12":2,"13":2,"14":2,"15":2,"16":2,"17":0,"18":2,"19":0,"20":0,"21":2,"22":2,"23":2,"24":2,"25":2,"26":2,"27":2,"28":0,"29":2,"30":2,"31":2,"32":2,"33":0,"34":0,"35":2,"36":2,"37":0,"38":0,"39":2},"f":{"0":2},"b":{"0":[2,0],"1":[2,0],"2":[2],"3":[0,2],"4":[2,2],"5":[0,2],"6":[0,2],"7":[2,2],"8":[0,2]},"_coverageSchema":"1a1c01bbd47fc00a2c39e90264f33305004495a9","hash":"5c2a158312a0a9895f891dfc510d67131501bb60"}
,"C:\\Sachin\\Projects\\BuildWithAI\\virtualPromptWars\\ep1\\services\\configService.js": {"path":"C:\\Sachin\\Projects\\BuildWithAI\\virtualPromptWars\\ep1\\services\\configService.js","statementMap":{"0":{"start":{"line":10,"column":18},"end":{"line":10,"column":62}},"1":{"start":{"line":11,"column":21},"end":{"line":11,"column":51}},"2":{"start":{"line":12,"column":15},"end":{"line":12,"column":39}},"3":{"start":{"line":13,"column":69},"end":{"line":13,"column":98}},"4":{"start":{"line":15,"column":14},"end":{"line":15,"column":37}},"5":{"start":{"line":15,"column":20},"end":{"line":15,"column":37}},"6":{"start":{"line":23,"column":27},"end":{"line":51,"column":1}},"7":{"start":{"line":24,"column":4},"end":{"line":29,"column":5}},"8":{"start":{"line":25,"column":19},"end":{"line":25,"column":33}},"9":{"start":{"line":26,"column":8},"end":{"line":26,"column":70}},"10":{"start":{"line":27,"column":8},"end":{"line":27,"column":25}},"11":{"start":{"line":28,"column":8},"end":{"line":28,"column":20}},"12":{"start":{"line":31,"column":4},"end":{"line":50,"column":5}},"13":{"start":{"line":32,"column":26},"end":{"line":34,"column":59}},"14":{"start":{"line":36,"column":8},"end":{"line":39,"column":28}},"15":{"start":{"line":41,"column":8},"end":{"line":41,"column":52}},"16":{"start":{"line":42,"column":8},"end":{"line":42,"column":20}},"17":{"start":{"line":44,"column":8},"end":{"line":47,"column":9}},"18":{"start":{"line":45,"column":12},"end":{"line":45,"column":36}},"19":{"start":{"line":46,"column":12},"end":{"line":46,"column":45}},"20":{"start":{"line":48,"column":8},"end":{"line":48,"column":60}},"21":{"start":{"line":49,"column":8},"end":{"line":49,"column":21}},"22":{"start":{"line":59,"column":22},"end":{"line":87,"column":1}},"23":{"start":{"line":60,"column":4},"end":{"line":65,"column":5}},"24":{"start":{"line":61,"column":19},"end":{"line":61,"column":33}},"25":{"start":{"line":62,"column":8},"end":{"line":62,"column":83}},"26":{"start":{"line":63,"column":8},"end":{"line":63,"column":25}},"27":{"start":{"line":64,"column":8},"end":{"line":64,"column":20}},"28":{"start":{"line":67,"column":4},"end":{"line":86,"column":5}},"29":{"start":{"line":68,"column":29},"end":{"line":68,"column":100}},"30":{"start":{"line":70,"column":8},"end":{"line":75,"column":11}},"31":{"start":{"line":77,"column":8},"end":{"line":77,"column":59}},"32":{"start":{"line":78,"column":8},"end":{"line":78,"column":20}},"33":{"start":{"line":80,"column":8},"end":{"line":83,"column":9}},"34":{"start":{"line":81,"column":12},"end":{"line":81,"column":36}},"35":{"start":{"line":82,"column":12},"end":{"line":82,"column":48}},"36":{"start":{"line":84,"column":8},"end":{"line":84,"column":54}},"37":{"start":{"line":85,"column":8},"end":{"line":85,"column":21}},"38":{"start":{"line":92,"column":24},"end":{"line":113,"column":1}},"39":{"start":{"line":93,"column":4},"end":{"line":96,"column":5}},"40":{"start":{"line":94,"column":19},"end":{"line":94,"column":33}},"41":{"start":{"line":95,"column":8},"end":{"line":95,"column":73}},"42":{"start":{"line":98,"column":4},"end":{"line":112,"column":5}},"43":{"start":{"line":99,"column":20},"end":{"line":102,"column":18}},"44":{"start":{"line":104,"column":8},"end":{"line":104,"column":86}},"45":{"start":{"line":106,"column":8},"end":{"line":109,"column":9}},"46":{"start":{"line":107,"column":12},"end":{"line":107,"column":36}},"47":{"start":{"line":108,"column":12},"end":{"line":108,"column":37}},"48":{"start":{"line":110,"column":8},"end":{"line":110,"column":59}},"49":{"start":{"line":111,"column":8},"end":{"line":111,"column":60}},"50":{"start":{"line":115,"column":0},"end":{"line":115,"column":72}}},"fnMap":{"0":{"name":"(anonymous_0)","decl":{"start":{"line":15,"column":14},"end":{"line":15,"column":15}},"loc":{"start":{"line":15,"column":20},"end":{"line":15,"column":37}},"line":15},"1":{"name":"(anonymous_1)","decl":{"start":{"line":23,"column":27},"end":{"line":23,"column":28}},"loc":{"start":{"line":23,"column":44},"end":{"line":51,"column":1}},"line":23},"2":{"name":"(anonymous_2)","decl":{"start":{"line":59,"column":22},"end":{"line":59,"column":23}},"loc":{"start":{"line":59,"column":56},"end":{"line":87,"column":1}},"line":59},"3":{"name":"(anonymous_3)","decl":{"start":{"line":92,"column":24},"end":{"line":92,"column":25}},"loc":{"start":{"line":92,"column":36},"end":{"line":113,"column":1}},"line":92}},"branchMap":{"0":{"loc":{"start":{"line":24,"column":4},"end":{"line":29,"column":5}},"type":"if","locations":[{"start":{"line":24,"column":4},"end":{"line":29,"column":5}},{"start":{},"end":{}}],"line":24},"1":{"loc":{"start":{"line":44,"column":8},"end":{"line":47,"column":9}},"type":"if","locations":[{"start":{"line":44,"column":8},"end":{"line":47,"column":9}},{"start":{},"end":{}}],"line":44},"2":{"loc":{"start":{"line":44,"column":12},"end":{"line":44,"column":128}},"type":"binary-expr","locations":[{"start":{"line":44,"column":12},"end":{"line":44,"column":55}},{"start":{"line":44,"column":59},"end":{"line":44,"column":85}},{"start":{"line":44,"column":89},"end":{"line":44,"column":128}}],"line":44},"3":{"loc":{"start":{"line":59,"column":38},"end":{"line":59,"column":51}},"type":"default-arg","locations":[{"start":{"line":59,"column":45},"end":{"line":59,"column":51}}],"line":59},"4":{"loc":{"start":{"line":60,"column":4},"end":{"line":65,"column":5}},"type":"if","locations":[{"start":{"line":60,"column":4},"end":{"line":65,"column":5}},{"start":{},"end":{}}],"line":60},"5":{"loc":{"start":{"line":80,"column":8},"end":{"line":83,"column":9}},"type":"if","locations":[{"start":{"line":80,"column":8},"end":{"line":83,"column":9}},{"start":{},"end":{}}],"line":80},"6":{"loc":{"start":{"line":80,"column":12},"end":{"line":80,"column":128}},"type":"binary-expr","locations":[{"start":{"line":80,"column":12},"end":{"line":80,"column":55}},{"start":{"line":80,"column":59},"end":{"line":80,"column":85}},{"start":{"line":80,"column":89},"end":{"line":80,"column":128}}],"line":80},"7":{"loc":{"start":{"line":93,"column":4},"end":{"line":96,"column":5}},"type":"if","locations":[{"start":{"line":93,"column":4},"end":{"line":96,"column":5}},{"start":{},"end":{}}],"line":93},"8":{"loc":{"start":{"line":95,"column":15},"end":{"line":95,"column":72}},"type":"binary-expr","locations":[{"start":{"line":95,"column":15},"end":{"line":95,"column":24}},{"start":{"line":95,"column":28},"end":{"line":95,"column":72}}],"line":95},"9":{"loc":{"start":{"line":104,"column":15},"end":{"line":104,"column":85}},"type":"cond-expr","locations":[{"start":{"line":104,"column":28},"end":{"line":104,"column":38}},{"start":{"line":104,"column":41},"end":{"line":104,"column":85}}],"line":104},"10":{"loc":{"start":{"line":106,"column":8},"end":{"line":109,"column":9}},"type":"if","locations":[{"start":{"line":106,"column":8},"end":{"line":109,"column":9}},{"start":{},"end":{}}],"line":106},"11":{"loc":{"start":{"line":106,"column":12},"end":{"line":106,"column":128}},"type":"binary-expr","locations":[{"start":{"line":106,"column":12},"end":{"line":106,"column":55}},{"start":{"line":106,"column":59},"end":{"line":106,"column":85}},{"start":{"line":106,"column":89},"end":{"line":106,"column":128}}],"line":106}},"s":{"0":2,"1":2,"2":2,"3":2,"4":2,"5":0,"6":2,"7":0,"8":0,"9":0,"10":0,"11":0,"12":0,"13":0,"14":0,"15":0,"16":0,"17":0,"18":0,"19":0,"20":0,"21":0,"22":2,"23":0,"24":0,"25":0,"26":0,"27":0,"28":0,"29":0,"30":0,"31":0,"32":0,"33":0,"34":0,"35":0,"36":0,"37":0,"38":2,"39":1,"40":0,"41":0,"42":0,"43":0,"44":0,"45":0,"46":0,"47":0,"48":0,"49":0,"50":2},"f":{"0":0,"1":0,"2":0,"3":1},"b":{"0":[0,0],"1":[0,0],"2":[0,0,0],"3":[0],"4":[0,0],"5":[0,0],"6":[0,0,0],"7":[0,0],"8":[0,0],"9":[0,0],"10":[0,0],"11":[0,0,0]},"_coverageSchema":"1a1c01bbd47fc00a2c39e90264f33305004495a9","hash":"18da6548ae1f80a8a49e26c044a758932b0412f6"}
,"C:\\Sachin\\Projects\\BuildWithAI\\virtualPromptWars\\ep1\\services\\evalService.js": {"path":"C:\\Sachin\\Projects\\BuildWithAI\\virtualPromptWars\\ep1\\services\\evalService.js","statementMap":{"0":{"start":{"line":10,"column":14},"end":{"line":10,"column":30}},"1":{"start":{"line":11,"column":21},"end":{"line":11,"column":54}},"2":{"start":{"line":12,"column":21},"end":{"line":12,"column":48}},"3":{"start":{"line":14,"column":16},"end":{"line":14,"column":48}},"4":{"start":{"line":15,"column":17},"end":{"line":15,"column":67}},"5":{"start":{"line":24,"column":0},"end":{"line":42,"column":1}},"6":{"start":{"line":25,"column":4},"end":{"line":39,"column":5}},"7":{"start":{"line":26,"column":8},"end":{"line":26,"column":55}},"8":{"start":{"line":27,"column":8},"end":{"line":35,"column":11}},"9":{"start":{"line":36,"column":8},"end":{"line":36,"column":85}},"10":{"start":{"line":38,"column":8},"end":{"line":38,"column":84}},"11":{"start":{"line":41,"column":4},"end":{"line":41,"column":107}},"12":{"start":{"line":47,"column":20},"end":{"line":57,"column":1}},"13":{"start":{"line":48,"column":4},"end":{"line":56,"column":7}},"14":{"start":{"line":49,"column":8},"end":{"line":55,"column":39}},"15":{"start":{"line":50,"column":24},"end":{"line":52,"column":14}},"16":{"start":{"line":51,"column":16},"end":{"line":51,"column":48}},"17":{"start":{"line":53,"column":12},"end":{"line":53,"column":50}},"18":{"start":{"line":53,"column":34},"end":{"line":53,"column":48}},"19":{"start":{"line":54,"column":12},"end":{"line":54,"column":72}},"20":{"start":{"line":54,"column":38},"end":{"line":54,"column":52}},"21":{"start":{"line":54,"column":53},"end":{"line":54,"column":68}},"22":{"start":{"line":55,"column":22},"end":{"line":55,"column":37}},"23":{"start":{"line":63,"column":32},"end":{"line":99,"column":1}},"24":{"start":{"line":64,"column":4},"end":{"line":64,"column":92}},"25":{"start":{"line":66,"column":19},"end":{"line":66,"column":49}},"26":{"start":{"line":68,"column":4},"end":{"line":71,"column":5}},"27":{"start":{"line":69,"column":8},"end":{"line":69,"column":103}},"28":{"start":{"line":70,"column":8},"end":{"line":70,"column":64}},"29":{"start":{"line":73,"column":4},"end":{"line":98,"column":5}},"30":{"start":{"line":74,"column":23},"end":{"line":82,"column":9}},"31":{"start":{"line":84,"column":24},"end":{"line":86,"column":9}},"32":{"start":{"line":88,"column":23},"end":{"line":88,"column":62}},"33":{"start":{"line":89,"column":29},"end":{"line":89,"column":87}},"34":{"start":{"line":91,"column":27},"end":{"line":91,"column":51}},"35":{"start":{"line":92,"column":8},"end":{"line":92,"column":95}},"36":{"start":{"line":93,"column":8},"end":{"line":93,"column":26}},"37":{"start":{"line":96,"column":8},"end":{"line":96,"column":87}},"38":{"start":{"line":97,"column":8},"end":{"line":97,"column":16}},"39":{"start":{"line":101,"column":0},"end":{"line":101,"column":45}}},"fnMap":{"0":{"name":"(anonymous_0)","decl":{"start":{"line":47,"column":20},"end":{"line":47,"column":21}},"loc":{"start":{"line":47,"column":29},"end":{"line":57,"column":1}},"line":47},"1":{"name":"(anonymous_1)","decl":{"start":{"line":48,"column":23},"end":{"line":48,"column":24}},"loc":{"start":{"line":48,"column":36},"end":{"line":56,"column":5}},"line":48},"2":{"name":"(anonymous_2)","decl":{"start":{"line":50,"column":59},"end":{"line":50,"column":60}},"loc":{"start":{"line":50,"column":68},"end":{"line":52,"column":13}},"line":50},"3":{"name":"(anonymous_3)","decl":{"start":{"line":53,"column":28},"end":{"line":53,"column":29}},"loc":{"start":{"line":53,"column":34},"end":{"line":53,"column":48}},"line":53},"4":{"name":"(anonymous_4)","decl":{"start":{"line":54,"column":30},"end":{"line":54,"column":31}},"loc":{"start":{"line":54,"column":36},"end":{"line":54,"column":70}},"line":54},"5":{"name":"(anonymous_5)","decl":{"start":{"line":63,"column":32},"end":{"line":63,"column":33}},"loc":{"start":{"line":63,"column":82},"end":{"line":99,"column":1}},"line":63}},"branchMap":{"0":{"loc":{"start":{"line":15,"column":17},"end":{"line":15,"column":67}},"type":"binary-expr","locations":[{"start":{"line":15,"column":17},"end":{"line":15,"column":50}},{"start":{"line":15,"column":54},"end":{"line":15,"column":67}}],"line":15},"1":{"loc":{"start":{"line":24,"column":0},"end":{"line":42,"column":1}},"type":"if","locations":[{"start":{"line":24,"column":0},"end":{"line":42,"column":1}},{"start":{"line":40,"column":7},"end":{"line":42,"column":1}}],"line":24},"2":{"loc":{"start":{"line":63,"column":63},"end":{"line":63,"column":77}},"type":"default-arg","locations":[{"start":{"line":63,"column":73},"end":{"line":63,"column":77}}],"line":63},"3":{"loc":{"start":{"line":68,"column":4},"end":{"line":71,"column":5}},"type":"if","locations":[{"start":{"line":68,"column":4},"end":{"line":71,"column":5}},{"start":{},"end":{}}],"line":68},"4":{"loc":{"start":{"line":77,"column":29},"end":{"line":77,"column":58}},"type":"cond-expr","locations":[{"start":{"line":77,"column":38},"end":{"line":77,"column":46}},{"start":{"line":77,"column":49},"end":{"line":77,"column":58}}],"line":77}},"s":{"0":2,"1":2,"2":2,"3":2,"4":2,"5":2,"6":2,"7":2,"8":2,"9":2,"10":0,"11":0,"12":2,"13":0,"14":0,"15":0,"16":0,"17":0,"18":0,"19":0,"20":0,"21":0,"22":0,"23":2,"24":0,"25":0,"26":0,"27":0,"28":0,"29":0,"30":0,"31":0,"32":0,"33":0,"34":0,"35":0,"36":0,"37":0,"38":0,"39":2},"f":{"0":0,"1":0,"2":0,"3":0,"4":0,"5":0},"b":{"0":[2,0],"1":[2,0],"2":[0],"3":[0,0],"4":[0,0]},"_coverageSchema":"1a1c01bbd47fc00a2c39e90264f33305004495a9","hash":"a3e5c5df9a989d514feddbf749d96848e105b994"}
,"C:\\Sachin\\Projects\\BuildWithAI\\virtualPromptWars\\ep1\\services\\firestoreService.js": {"path":"C:\\Sachin\\Projects\\BuildWithAI\\virtualPromptWars\\ep1\\services\\firestoreService.js","statementMap":{"0":{"start":{"line":10,"column":18},"end":{"line":10,"column":62}},"1":{"start":{"line":11,"column":11},"end":{"line":11,"column":24}},"2":{"start":{"line":12,"column":13},"end":{"line":12,"column":28}},"3":{"start":{"line":13,"column":21},"end":{"line":13,"column":48}},"4":{"start":{"line":17,"column":20},"end":{"line":21,"column":1}},"5":{"start":{"line":23,"column":14},"end":{"line":23,"column":37}},"6":{"start":{"line":23,"column":20},"end":{"line":23,"column":37}},"7":{"start":{"line":26,"column":24},"end":{"line":26,"column":64}},"8":{"start":{"line":27,"column":16},"end":{"line":27,"column":75}},"9":{"start":{"line":29,"column":0},"end":{"line":35,"column":1}},"10":{"start":{"line":30,"column":4},"end":{"line":34,"column":5}},"11":{"start":{"line":31,"column":8},"end":{"line":31,"column":73}},"12":{"start":{"line":33,"column":8},"end":{"line":33,"column":78}},"13":{"start":{"line":37,"column":23},"end":{"line":43,"column":1}},"14":{"start":{"line":38,"column":4},"end":{"line":42,"column":5}},"15":{"start":{"line":39,"column":8},"end":{"line":39,"column":86}},"16":{"start":{"line":41,"column":8},"end":{"line":41,"column":85}},"17":{"start":{"line":45,"column":21},"end":{"line":45,"column":26}},"18":{"start":{"line":46,"column":19},"end":{"line":51,"column":1}},"19":{"start":{"line":47,"column":4},"end":{"line":50,"column":5}},"20":{"start":{"line":48,"column":8},"end":{"line":48,"column":79}},"21":{"start":{"line":49,"column":8},"end":{"line":49,"column":30}},"22":{"start":{"line":58,"column":17},"end":{"line":90,"column":1}},"23":{"start":{"line":59,"column":4},"end":{"line":66,"column":5}},"24":{"start":{"line":60,"column":8},"end":{"line":64,"column":9}},"25":{"start":{"line":61,"column":12},"end":{"line":61,"column":104}},"26":{"start":{"line":62,"column":12},"end":{"line":62,"column":29}},"27":{"start":{"line":63,"column":12},"end":{"line":63,"column":39}},"28":{"start":{"line":65,"column":8},"end":{"line":65,"column":71}},"29":{"start":{"line":68,"column":4},"end":{"line":89,"column":5}},"30":{"start":{"line":69,"column":24},"end":{"line":69,"column":70}},"31":{"start":{"line":70,"column":20},"end":{"line":70,"column":39}},"32":{"start":{"line":71,"column":8},"end":{"line":80,"column":9}},"33":{"start":{"line":72,"column":12},"end":{"line":77,"column":15}},"34":{"start":{"line":78,"column":12},"end":{"line":78,"column":70}},"35":{"start":{"line":79,"column":12},"end":{"line":79,"column":39}},"36":{"start":{"line":81,"column":8},"end":{"line":81,"column":61}},"37":{"start":{"line":83,"column":8},"end":{"line":86,"column":9}},"38":{"start":{"line":84,"column":12},"end":{"line":84,"column":34}},"39":{"start":{"line":85,"column":12},"end":{"line":85,"column":50}},"40":{"start":{"line":87,"column":8},"end":{"line":87,"column":80}},"41":{"start":{"line":88,"column":8},"end":{"line":88,"column":16}},"42":{"start":{"line":95,"column":26},"end":{"line":114,"column":1}},"43":{"start":{"line":96,"column":4},"end":{"line":100,"column":5}},"44":{"start":{"line":97,"column":8},"end":{"line":97,"column":97}},"45":{"start":{"line":98,"column":8},"end":{"line":98,"column":25}},"46":{"start":{"line":99,"column":8},"end":{"line":99,"column":20}},"47":{"start":{"line":101,"column":4},"end":{"line":113,"column":5}},"48":{"start":{"line":102,"column":24},"end":{"line":102,"column":70}},"49":{"start":{"line":103,"column":8},"end":{"line":103,"column":71}},"50":{"start":{"line":104,"column":8},"end":{"line":104,"column":62}},"51":{"start":{"line":105,"column":8},"end":{"line":105,"column":20}},"52":{"start":{"line":107,"column":8},"end":{"line":110,"column":9}},"53":{"start":{"line":108,"column":12},"end":{"line":108,"column":34}},"54":{"start":{"line":109,"column":12},"end":{"line":109,"column":51}},"55":{"start":{"line":111,"column":8},"end":{"line":111,"column":86}},"56":{"start":{"line":112,"column":8},"end":{"line":112,"column":16}},"57":{"start":{"line":119,"column":24},"end":{"line":144,"column":1}},"58":{"start":{"line":120,"column":4},"end":{"line":125,"column":5}},"59":{"start":{"line":121,"column":8},"end":{"line":121,"column":111}},"60":{"start":{"line":122,"column":8},"end":{"line":122,"column":80}},"61":{"start":{"line":122,"column":37},"end":{"line":122,"column":80}},"62":{"start":{"line":123,"column":8},"end":{"line":123,"column":25}},"63":{"start":{"line":124,"column":8},"end":{"line":124,"column":20}},"64":{"start":{"line":126,"column":4},"end":{"line":143,"column":5}},"65":{"start":{"line":127,"column":19},"end":{"line":127,"column":26}},"66":{"start":{"line":128,"column":31},"end":{"line":128,"column":78}},"67":{"start":{"line":129,"column":24},"end":{"line":129,"column":68}},"68":{"start":{"line":131,"column":8},"end":{"line":134,"column":11}},"69":{"start":{"line":132,"column":12},"end":{"line":132,"column":143}},"70":{"start":{"line":133,"column":12},"end":{"line":133,"column":93}},"71":{"start":{"line":135,"column":8},"end":{"line":135,"column":71}},"72":{"start":{"line":136,"column":8},"end":{"line":136,"column":20}},"73":{"start":{"line":138,"column":8},"end":{"line":141,"column":9}},"74":{"start":{"line":139,"column":12},"end":{"line":139,"column":34}},"75":{"start":{"line":140,"column":12},"end":{"line":140,"column":87}},"76":{"start":{"line":142,"column":8},"end":{"line":142,"column":16}},"77":{"start":{"line":146,"column":22},"end":{"line":166,"column":1}},"78":{"start":{"line":147,"column":4},"end":{"line":151,"column":6}},"79":{"start":{"line":147,"column":24},"end":{"line":151,"column":6}},"80":{"start":{"line":152,"column":4},"end":{"line":165,"column":5}},"81":{"start":{"line":153,"column":19},"end":{"line":153,"column":26}},"82":{"start":{"line":154,"column":26},"end":{"line":154,"column":78}},"83":{"start":{"line":155,"column":33},"end":{"line":155,"column":92}},"84":{"start":{"line":156,"column":27},"end":{"line":156,"column":116}},"85":{"start":{"line":157,"column":8},"end":{"line":161,"column":10}},"86":{"start":{"line":160,"column":53},"end":{"line":160,"column":61}},"87":{"start":{"line":163,"column":8},"end":{"line":163,"column":80}},"88":{"start":{"line":164,"column":8},"end":{"line":164,"column":75}},"89":{"start":{"line":168,"column":0},"end":{"line":183,"column":2}},"90":{"start":{"line":174,"column":8},"end":{"line":174,"column":133}},"91":{"start":{"line":174,"column":28},"end":{"line":174,"column":133}},"92":{"start":{"line":174,"column":80},"end":{"line":174,"column":119}},"93":{"start":{"line":175,"column":21},"end":{"line":175,"column":115}},"94":{"start":{"line":176,"column":8},"end":{"line":176,"column":44}},"95":{"start":{"line":176,"column":34},"end":{"line":176,"column":42}},"96":{"start":{"line":179,"column":8},"end":{"line":179,"column":64}},"97":{"start":{"line":179,"column":28},"end":{"line":179,"column":64}},"98":{"start":{"line":180,"column":20},"end":{"line":180,"column":78}},"99":{"start":{"line":181,"column":8},"end":{"line":181,"column":46}}},"fnMap":{"0":{"name":"(anonymous_0)","decl":{"start":{"line":23,"column":14},"end":{"line":23,"column":15}},"loc":{"start":{"line":23,"column":20},"end":{"line":23,"column":37}},"line":23},"1":{"name":"(anonymous_1)","decl":{"start":{"line":37,"column":23},"end":{"line":37,"column":24}},"loc":{"start":{"line":37,"column":29},"end":{"line":43,"column":1}},"line":37},"2":{"name":"(anonymous_2)","decl":{"start":{"line":46,"column":19},"end":{"line":46,"column":20}},"loc":{"start":{"line":46,"column":31},"end":{"line":51,"column":1}},"line":46},"3":{"name":"(anonymous_3)","decl":{"start":{"line":58,"column":17},"end":{"line":58,"column":18}},"loc":{"start":{"line":58,"column":49},"end":{"line":90,"column":1}},"line":58},"4":{"name":"(anonymous_4)","decl":{"start":{"line":95,"column":26},"end":{"line":95,"column":27}},"loc":{"start":{"line":95,"column":50},"end":{"line":114,"column":1}},"line":95},"5":{"name":"(anonymous_5)","decl":{"start":{"line":119,"column":24},"end":{"line":119,"column":25}},"loc":{"start":{"line":119,"column":86},"end":{"line":144,"column":1}},"line":119},"6":{"name":"(anonymous_6)","decl":{"start":{"line":131,"column":32},"end":{"line":131,"column":33}},"loc":{"start":{"line":131,"column":45},"end":{"line":134,"column":9}},"line":131},"7":{"name":"(anonymous_7)","decl":{"start":{"line":146,"column":22},"end":{"line":146,"column":23}},"loc":{"start":{"line":146,"column":34},"end":{"line":166,"column":1}},"line":146},"8":{"name":"(anonymous_8)","decl":{"start":{"line":160,"column":48},"end":{"line":160,"column":49}},"loc":{"start":{"line":160,"column":53},"end":{"line":160,"column":61}},"line":160},"9":{"name":"(anonymous_9)","decl":{"start":{"line":173,"column":20},"end":{"line":173,"column":21}},"loc":{"start":{"line":173,"column":32},"end":{"line":177,"column":5}},"line":173},"10":{"name":"(anonymous_10)","decl":{"start":{"line":174,"column":71},"end":{"line":174,"column":72}},"loc":{"start":{"line":174,"column":80},"end":{"line":174,"column":119}},"line":174},"11":{"name":"(anonymous_11)","decl":{"start":{"line":176,"column":29},"end":{"line":176,"column":30}},"loc":{"start":{"line":176,"column":34},"end":{"line":176,"column":42}},"line":176},"12":{"name":"(anonymous_12)","decl":{"start":{"line":178,"column":20},"end":{"line":178,"column":21}},"loc":{"start":{"line":178,"column":35},"end":{"line":182,"column":5}},"line":178}},"branchMap":{"0":{"loc":{"start":{"line":29,"column":0},"end":{"line":35,"column":1}},"type":"if","locations":[{"start":{"line":29,"column":0},"end":{"line":35,"column":1}},{"start":{},"end":{}}],"line":29},"1":{"loc":{"start":{"line":47,"column":4},"end":{"line":50,"column":5}},"type":"if","locations":[{"start":{"line":47,"column":4},"end":{"line":50,"column":5}},{"start":{},"end":{}}],"line":47},"2":{"loc":{"start":{"line":59,"column":4},"end":{"line":66,"column":5}},"type":"if","locations":[{"start":{"line":59,"column":4},"end":{"line":66,"column":5}},{"start":{},"end":{}}],"line":59},"3":{"loc":{"start":{"line":59,"column":8},"end":{"line":59,"column":57}},"type":"binary-expr","locations":[{"start":{"line":59,"column":8},"end":{"line":59,"column":39}},{"start":{"line":59,"column":43},"end":{"line":59,"column":57}}],"line":59},"4":{"loc":{"start":{"line":60,"column":8},"end":{"line":64,"column":9}},"type":"if","locations":[{"start":{"line":60,"column":8},"end":{"line":64,"column":9}},{"start":{},"end":{}}],"line":60},"5":{"loc":{"start":{"line":71,"column":8},"end":{"line":80,"column":9}},"type":"if","locations":[{"start":{"line":71,"column":8},"end":{"line":80,"column":9}},{"start":{},"end":{}}],"line":71},"6":{"loc":{"start":{"line":73,"column":27},"end":{"line":73,"column":46}},"type":"binary-expr","locations":[{"start":{"line":73,"column":27},"end":{"line":73,"column":31}},{"start":{"line":73,"column":35},"end":{"line":73,"column":46}}],"line":73},"7":{"loc":{"start":{"line":73,"column":55},"end":{"line":73,"column":66}},"type":"binary-expr","locations":[{"start":{"line":73,"column":55},"end":{"line":73,"column":60}},{"start":{"line":73,"column":64},"end":{"line":73,"column":66}}],"line":73},"8":{"loc":{"start":{"line":83,"column":8},"end":{"line":86,"column":9}},"type":"if","locations":[{"start":{"line":83,"column":8},"end":{"line":86,"column":9}},{"start":{},"end":{}}],"line":83},"9":{"loc":{"start":{"line":83,"column":12},"end":{"line":83,"column":73}},"type":"binary-expr","locations":[{"start":{"line":83,"column":12},"end":{"line":83,"column":45}},{"start":{"line":83,"column":49},"end":{"line":83,"column":73}}],"line":83},"10":{"loc":{"start":{"line":96,"column":4},"end":{"line":100,"column":5}},"type":"if","locations":[{"start":{"line":96,"column":4},"end":{"line":100,"column":5}},{"start":{},"end":{}}],"line":96},"11":{"loc":{"start":{"line":107,"column":8},"end":{"line":110,"column":9}},"type":"if","locations":[{"start":{"line":107,"column":8},"end":{"line":110,"column":9}},{"start":{},"end":{}}],"line":107},"12":{"loc":{"start":{"line":107,"column":12},"end":{"line":107,"column":73}},"type":"binary-expr","locations":[{"start":{"line":107,"column":12},"end":{"line":107,"column":45}},{"start":{"line":107,"column":49},"end":{"line":107,"column":73}}],"line":107},"13":{"loc":{"start":{"line":120,"column":4},"end":{"line":125,"column":5}},"type":"if","locations":[{"start":{"line":120,"column":4},"end":{"line":125,"column":5}},{"start":{},"end":{}}],"line":120},"14":{"loc":{"start":{"line":120,"column":8},"end":{"line":120,"column":57}},"type":"binary-expr","locations":[{"start":{"line":120,"column":8},"end":{"line":120,"column":39}},{"start":{"line":120,"column":43},"end":{"line":120,"column":57}}],"line":120},"15":{"loc":{"start":{"line":122,"column":8},"end":{"line":122,"column":80}},"type":"if","locations":[{"start":{"line":122,"column":8},"end":{"line":122,"column":80}},{"start":{},"end":{}}],"line":122},"16":{"loc":{"start":{"line":138,"column":8},"end":{"line":141,"column":9}},"type":"if","locations":[{"start":{"line":138,"column":8},"end":{"line":141,"column":9}},{"start":{},"end":{}}],"line":138},"17":{"loc":{"start":{"line":147,"column":4},"end":{"line":151,"column":6}},"type":"if","locations":[{"start":{"line":147,"column":4},"end":{"line":151,"column":6}},{"start":{},"end":{}}],"line":147},"18":{"loc":{"start":{"line":174,"column":8},"end":{"line":174,"column":133}},"type":"if","locations":[{"start":{"line":174,"column":8},"end":{"line":174,"column":133}},{"start":{},"end":{}}],"line":174},"19":{"loc":{"start":{"line":179,"column":8},"end":{"line":179,"column":64}},"type":"if","locations":[{"start":{"line":179,"column":8},"end":{"line":179,"column":64}},{"start":{},"end":{}}],"line":179},"20":{"loc":{"start":{"line":179,"column":35},"end":{"line":179,"column":63}},"type":"binary-expr","locations":[{"start":{"line":179,"column":35},"end":{"line":179,"column":55}},{"start":{"line":179,"column":59},"end":{"line":179,"column":63}}],"line":179},"21":{"loc":{"start":{"line":181,"column":15},"end":{"line":181,"column":45}},"type":"cond-expr","locations":[{"start":{"line":181,"column":28},"end":{"line":181,"column":38}},{"start":{"line":181,"column":41},"end":{"line":181,"column":45}}],"line":181}},"s":{"0":2,"1":2,"2":2,"3":2,"4":2,"5":2,"6":3,"7":2,"8":2,"9":2,"10":2,"11":2,"12":0,"13":2,"14":2,"15":2,"16":0,"17":2,"18":2,"19":0,"20":0,"21":0,"22":2,"23":1,"24":1,"25":0,"26":0,"27":0,"28":1,"29":0,"30":0,"31":0,"32":0,"33":0,"34":0,"35":0,"36":0,"37":0,"38":0,"39":0,"40":0,"41":0,"42":2,"43":1,"44":0,"45":0,"46":0,"47":1,"48":1,"49":1,"50":1,"51":1,"52":0,"53":0,"54":0,"55":0,"56":0,"57":2,"58":2,"59":2,"60":2,"61":0,"62":2,"63":2,"64":0,"65":0,"66":0,"67":0,"68":0,"69":0,"70":0,"71":0,"72":0,"73":0,"74":0,"75":0,"76":0,"77":2,"78":1,"79":0,"80":1,"81":1,"82":1,"83":1,"84":1,"85":0,"86":0,"87":1,"88":1,"89":2,"90":1,"91":0,"92":0,"93":1,"94":1,"95":0,"96":0,"97":0,"98":0,"99":0},"f":{"0":3,"1":2,"2":0,"3":1,"4":1,"5":2,"6":0,"7":1,"8":0,"9":1,"10":0,"11":0,"12":0},"b":{"0":[2,0],"1":[0,0],"2":[1,0],"3":[1,0],"4":[0,1],"5":[0,0],"6":[0,0],"7":[0,0],"8":[0,0],"9":[0,0],"10":[0,1],"11":[0,0],"12":[0,0],"13":[2,0],"14":[2,0],"15":[0,2],"16":[0,0],"17":[0,1],"18":[0,1],"19":[0,0],"20":[0,0],"21":[0,0]},"_coverageSchema":"1a1c01bbd47fc00a2c39e90264f33305004495a9","hash":"f48c7af00cff793f31fbf76185f5221f236a171f"}
,"C:\\Sachin\\Projects\\BuildWithAI\\virtualPromptWars\\ep1\\services\\loggingService.js": {"path":"C:\\Sachin\\Projects\\BuildWithAI\\virtualPromptWars\\ep1\\services\\loggingService.js","statementMap":{"0":{"start":{"line":10,"column":20},"end":{"line":10,"column":52}},"1":{"start":{"line":19,"column":0},"end":{"line":29,"column":1}},"2":{"start":{"line":20,"column":4},"end":{"line":26,"column":5}},"3":{"start":{"line":21,"column":8},"end":{"line":21,"column":32}},"4":{"start":{"line":22,"column":8},"end":{"line":22,"column":55}},"5":{"start":{"line":25,"column":8},"end":{"line":25,"column":87}},"6":{"start":{"line":28,"column":4},"end":{"line":28,"column":82}},"7":{"start":{"line":35,"column":17},"end":{"line":59,"column":1}},"8":{"start":{"line":36,"column":22},"end":{"line":40,"column":5}},"9":{"start":{"line":42,"column":4},"end":{"line":55,"column":5}},"10":{"start":{"line":43,"column":8},"end":{"line":54,"column":9}},"11":{"start":{"line":44,"column":34},"end":{"line":47,"column":13}},"12":{"start":{"line":48,"column":26},"end":{"line":48,"column":61}},"13":{"start":{"line":49,"column":12},"end":{"line":49,"column":35}},"14":{"start":{"line":50,"column":12},"end":{"line":50,"column":19}},"15":{"start":{"line":53,"column":12},"end":{"line":53,"column":68}},"16":{"start":{"line":58,"column":4},"end":{"line":58,"column":95}},"17":{"start":{"line":61,"column":0},"end":{"line":61,"column":30}}},"fnMap":{"0":{"name":"(anonymous_0)","decl":{"start":{"line":35,"column":17},"end":{"line":35,"column":18}},"loc":{"start":{"line":35,"column":75},"end":{"line":59,"column":1}},"line":35}},"branchMap":{"0":{"loc":{"start":{"line":20,"column":4},"end":{"line":26,"column":5}},"type":"if","locations":[{"start":{"line":20,"column":4},"end":{"line":26,"column":5}},{"start":{"line":23,"column":11},"end":{"line":26,"column":5}}],"line":20},"1":{"loc":{"start":{"line":20,"column":8},"end":{"line":20,"column":81}},"type":"binary-expr","locations":[{"start":{"line":20,"column":8},"end":{"line":20,"column":45}},{"start":{"line":20,"column":49},"end":{"line":20,"column":81}}],"line":20},"2":{"loc":{"start":{"line":35,"column":24},"end":{"line":35,"column":41}},"type":"default-arg","locations":[{"start":{"line":35,"column":35},"end":{"line":35,"column":41}}],"line":35},"3":{"loc":{"start":{"line":35,"column":43},"end":{"line":35,"column":56}},"type":"default-arg","locations":[{"start":{"line":35,"column":54},"end":{"line":35,"column":56}}],"line":35},"4":{"loc":{"start":{"line":35,"column":58},"end":{"line":35,"column":70}},"type":"default-arg","locations":[{"start":{"line":35,"column":66},"end":{"line":35,"column":70}}],"line":35},"5":{"loc":{"start":{"line":39,"column":21},"end":{"line":39,"column":58}},"type":"binary-expr","locations":[{"start":{"line":39,"column":21},"end":{"line":39,"column":41}},{"start":{"line":39,"column":45},"end":{"line":39,"column":58}}],"line":39},"6":{"loc":{"start":{"line":42,"column":4},"end":{"line":55,"column":5}},"type":"if","locations":[{"start":{"line":42,"column":4},"end":{"line":55,"column":5}},{"start":{},"end":{}}],"line":42},"7":{"loc":{"start":{"line":46,"column":23},"end":{"line":46,"column":105}},"type":"cond-expr","locations":[{"start":{"line":46,"column":31},"end":{"line":46,"column":93}},{"start":{"line":46,"column":96},"end":{"line":46,"column":105}}],"line":46},"8":{"loc":{"start":{"line":58,"column":47},"end":{"line":58,"column":62}},"type":"binary-expr","locations":[{"start":{"line":58,"column":47},"end":{"line":58,"column":52}},{"start":{"line":58,"column":56},"end":{"line":58,"column":62}}],"line":58}},"s":{"0":2,"1":2,"2":2,"3":0,"4":0,"5":2,"6":0,"7":2,"8":15,"9":15,"10":0,"11":0,"12":0,"13":0,"14":0,"15":0,"16":15,"17":2},"f":{"0":15},"b":{"0":[0,2],"1":[2,0],"2":[0],"3":[0],"4":[11],"5":[15,0],"6":[0,15],"7":[0,0],"8":[15,15]},"_coverageSchema":"1a1c01bbd47fc00a2c39e90264f33305004495a9","hash":"d75f4210b0b92170d21b13bdfc334f897e70d7fd"}
}
