TN:
SF:server.js
FN:38,(anonymous_0)
FN:43,(anonymous_1)
FN:48,(anonymous_2)
FN:70,(anonymous_3)
FN:145,(anonymous_4)
FN:163,(anonymous_5)
FN:181,(anonymous_6)
FN:191,(anonymous_7)
FN:196,(anonymous_8)
FN:198,(anonymous_9)
FN:200,(anonymous_10)
FN:214,(anonymous_11)
FN:216,(anonymous_12)
FNF:13
FNH:3
FNDA:0,(anonymous_0)
FNDA:0,(anonymous_1)
FNDA:0,(anonymous_2)
FNDA:7,(anonymous_3)
FNDA:7,(anonymous_4)
FNDA:0,(anonymous_5)
FNDA:6,(anonymous_6)
FNDA:0,(anonymous_7)
FNDA:0,(anonymous_8)
FNDA:0,(anonymous_9)
FNDA:0,(anonymous_10)
FNDA:0,(anonymous_11)
FNDA:0,(anonymous_12)
DA:2,2
DA:3,0
DA:12,2
DA:14,2
DA:16,2
DA:17,2
DA:18,2
DA:19,2
DA:20,2
DA:21,2
DA:22,2
DA:24,2
DA:25,2
DA:26,2
DA:27,2
DA:28,2
DA:29,2
DA:31,2
DA:33,2
DA:34,2
DA:38,2
DA:39,0
DA:40,0
DA:43,2
DA:44,0
DA:45,0
DA:48,2
DA:50,0
DA:51,0
DA:53,0
DA:54,0
DA:58,2
DA:59,2
DA:61,2
DA:65,2
DA:66,2
DA:69,2
DA:72,7
DA:75,0
DA:76,0
DA:78,0
DA:84,2
DA:85,2
DA:133,2
DA:134,2
DA:135,2
DA:136,2
DA:138,0
DA:145,2
DA:146,7
DA:147,7
DA:148,2
DA:149,2
DA:151,5
DA:152,5
DA:153,5
DA:155,0
DA:156,0
DA:161,2
DA:164,0
DA:168,2
DA:178,2
DA:181,2
DA:183,6
DA:184,6
DA:187,2
DA:189,2
DA:191,2
DA:192,0
DA:196,2
DA:197,0
DA:198,0
DA:199,0
DA:201,0
DA:202,0
DA:204,0
DA:205,0
DA:210,2
DA:211,0
DA:214,2
DA:215,0
DA:216,0
DA:217,0
DA:220,2
LF:84
LH:56
BRDA:2,0,0,0
BRDA:2,0,1,2
BRDA:2,1,0,2
BRDA:2,1,1,0
BRDA:33,2,0,2
BRDA:33,2,1,0
BRDA:50,3,0,0
BRDA:50,3,1,0
BRDA:50,4,0,0
BRDA:50,4,1,0
BRDA:50,4,2,0
BRDA:65,5,0,2
BRDA:65,5,1,0
BRDA:72,6,0,7
BRDA:72,6,1,0
BRDA:72,7,0,7
BRDA:72,7,1,0
BRDA:75,8,0,0
BRDA:75,8,1,0
BRDA:76,9,0,0
BRDA:76,9,1,0
BRDA:133,10,0,2
BRDA:133,10,1,0
BRDA:135,11,0,2
BRDA:135,11,1,0
BRDA:135,11,2,0
BRDA:147,12,0,2
BRDA:147,12,1,5
BRDA:164,13,0,0
BRDA:164,13,1,0
BRDA:183,14,0,0
BRDA:183,14,1,6
BRDA:201,15,0,0
BRDA:201,15,1,0
BRDA:201,16,0,0
BRDA:201,16,1,0
BRDA:210,17,0,0
BRDA:210,17,1,2
BRDA:216,18,0,0
BRDA:216,18,1,0
BRF:40
BRH:12
end_of_record
TN:
SF:lib\GlobalConfig.js
FNF:0
FNH:0
DA:10,2
DA:58,2
LF:2
LH:2
BRDA:14,0,0,2
BRDA:14,0,1,0
BRDA:29,1,0,2
BRDA:29,1,1,0
BRDA:36,2,0,2
BRDA:36,2,1,0
BRDA:37,3,0,2
BRDA:37,3,1,0
BRDA:38,4,0,2
BRDA:38,4,1,0
BRDA:39,5,0,2
BRDA:39,5,1,0
BRDA:40,6,0,2
BRDA:40,6,1,0
BRDA:41,7,0,2
BRDA:41,7,1,0
BRDA:42,8,0,2
BRDA:42,8,1,0
BRF:18
BRH:9
end_of_record
TN:
SF:lib\Logger.js
FN:22,(anonymous_0)
FN:39,(anonymous_1)
FN:54,(anonymous_2)
FNF:3
FNH:1
FNDA:0,(anonymous_0)
FNDA:1,(anonymous_1)
FNDA:0,(anonymous_2)
DA:11,2
DA:23,0
DA:31,0
DA:40,1
DA:46,1
DA:55,0
DA:62,0
DA:66,2
LF:8
LH:4
BRDA:22,0,0,0
BRDA:39,1,0,0
BRDA:54,2,0,0
BRDA:58,3,0,0
BRDA:58,3,1,0
BRF:5
BRH:0
end_of_record
TN:
SF:middleware\errorHandler.js
FN:17,(anonymous_0)
FNF:1
FNH:0
FNDA:0,(anonymous_0)
DA:11,2
DA:17,2
DA:18,0
DA:21,0
DA:30,0
DA:32,0
DA:33,0
DA:34,0
DA:35,0
DA:36,0
DA:37,0
DA:40,0
DA:47,2
LF:13
LH:3
BRDA:18,0,0,0
BRDA:18,0,1,0
BRDA:26,1,0,0
BRDA:26,1,1,0
BRDA:32,2,0,0
BRDA:32,2,1,0
BRDA:32,3,0,0
BRDA:32,3,1,0
BRDA:34,4,0,0
BRDA:34,4,1,0
BRDA:36,5,0,0
BRDA:36,5,1,0
BRDA:43,6,0,0
BRDA:43,6,1,0
BRF:14
BRH:0
end_of_record
TN:
SF:middleware\rbacMiddleware.js
FN:19,(anonymous_0)
FNF:1
FNH:1
FNDA:1,(anonymous_0)
DA:10,2
DA:11,2
DA:19,2
DA:20,1
DA:22,1
DA:23,1
DA:27,1
DA:30,0
DA:33,2
LF:9
LH:8
BRDA:22,0,0,1
BRDA:22,0,1,0
BRDA:22,1,0,1
BRDA:22,1,1,1
BRDA:24,2,0,1
BRDA:24,2,1,0
BRF:6
BRH:4
end_of_record
TN:
SF:middleware\verifyFirebaseToken.js
FN:45,(anonymous_0)
FNF:1
FNH:1
FNDA:5,(anonymous_0)
DA:11,2
DA:12,2
DA:15,2
DA:16,2
DA:17,2
DA:20,2
DA:23,0
DA:26,2
DA:27,2
DA:45,2
DA:46,5
DA:47,5
DA:48,0
DA:49,0
DA:52,5
DA:55,5
DA:56,0
DA:57,0
DA:60,5
DA:63,5
DA:64,5
DA:65,5
DA:68,0
DA:69,0
DA:70,0
DA:71,0
DA:72,0
DA:80,0
DA:81,0
DA:82,0
DA:83,0
DA:86,0
DA:87,0
DA:91,2
LF:34
LH:18
BRDA:16,0,0,2
BRDA:16,0,1,0
BRDA:18,1,0,2
BRDA:18,1,1,0
BRDA:27,2,0,2
BRDA:27,2,1,0
BRDA:47,3,0,0
BRDA:47,3,1,5
BRDA:47,4,0,5
BRDA:47,4,1,5
BRDA:55,5,0,0
BRDA:55,5,1,5
BRDA:55,6,0,5
BRDA:55,6,1,5
BRDA:70,7,0,0
BRDA:70,7,1,0
BRDA:80,8,0,0
BRDA:80,8,1,0
BRF:18
BRH:9
end_of_record
TN:
SF:public\js\utils.js
FN:12,(anonymous_0)
FN:23,(anonymous_1)
FN:25,(anonymous_2)
FN:36,(anonymous_3)
FN:38,(anonymous_4)
FN:46,(anonymous_5)
FN:51,(anonymous_6)
FN:70,(anonymous_7)
FN:85,(anonymous_8)
FNF:9
FNH:4
FNDA:6,(anonymous_0)
FNDA:2,(anonymous_1)
FNDA:0,(anonymous_2)
FNDA:0,(anonymous_3)
FNDA:0,(anonymous_4)
FNDA:0,(anonymous_5)
FNDA:0,(anonymous_6)
FNDA:9,(anonymous_7)
FNDA:2,(anonymous_8)
DA:9,2
DA:11,2
DA:13,6
DA:14,3
DA:23,2
DA:26,0
DA:27,0
DA:29,0
DA:30,0
DA:35,0
DA:36,0
DA:37,0
DA:38,0
DA:47,0
DA:48,0
DA:49,0
DA:51,0
DA:52,0
DA:54,0
DA:55,0
DA:56,0
DA:57,0
DA:60,0
DA:61,0
DA:62,0
DA:67,0
DA:71,9
DA:72,8
DA:74,3
DA:76,3
DA:77,3
DA:79,0
DA:81,2
DA:86,2
DA:87,2
DA:88,1
DA:92,2
LF:37
LH:15
BRDA:9,0,0,0
BRDA:9,0,1,2
BRDA:13,1,0,3
BRDA:13,1,1,3
BRDA:13,2,0,6
BRDA:13,2,1,4
BRDA:25,3,0,0
BRDA:27,4,0,0
BRDA:27,4,1,0
BRDA:52,5,0,0
BRDA:52,5,1,0
BRDA:54,6,0,0
BRDA:54,6,1,0
BRDA:55,7,0,0
BRDA:55,7,1,0
BRDA:60,8,0,0
BRDA:60,8,1,0
BRDA:67,9,0,0
BRDA:67,9,1,0
BRDA:71,10,0,1
BRDA:71,10,1,8
BRDA:71,11,0,9
BRDA:71,11,1,1
BRDA:72,12,0,3
BRDA:72,12,1,3
BRDA:72,12,2,0
BRDA:72,12,3,2
BRDA:77,13,0,3
BRDA:77,13,1,3
BRDA:77,13,2,2
BRDA:81,14,0,2
BRDA:81,14,1,2
BRDA:87,15,0,1
BRDA:87,15,1,1
BRDA:87,16,0,1
BRDA:87,16,1,0
BRDA:92,17,0,2
BRDA:92,17,1,0
BRF:38
BRH:21
end_of_record
TN:
SF:routes\admin.js
FN:24,(anonymous_0)
FN:53,(anonymous_1)
FN:66,(anonymous_2)
FN:79,(anonymous_3)
FN:93,(anonymous_4)
FNF:5
FNH:0
FNDA:0,(anonymous_0)
FNDA:0,(anonymous_1)
FNDA:0,(anonymous_2)
FNDA:0,(anonymous_3)
FNDA:0,(anonymous_4)
DA:10,2
DA:11,2
DA:12,2
DA:13,2
DA:14,2
DA:15,2
DA:16,2
DA:17,2
DA:18,2
DA:19,2
DA:24,2
DA:25,0
DA:26,0
DA:29,0
DA:30,0
DA:35,0
DA:38,0
DA:40,0
DA:47,2
DA:48,2
DA:53,2
DA:54,0
DA:55,0
DA:56,0
DA:58,0
DA:66,2
DA:67,0
DA:68,0
DA:69,0
DA:71,0
DA:79,2
DA:80,0
DA:81,0
DA:82,0
DA:83,0
DA:85,0
DA:93,2
DA:94,0
DA:95,0
DA:96,0
DA:97,0
DA:99,0
DA:102,0
DA:103,0
DA:112,0
DA:114,0
DA:118,2
LF:47
LH:18
BRDA:29,0,0,0
BRDA:29,0,1,0
BRDA:29,1,0,0
BRDA:29,1,1,0
BRDA:96,2,0,0
BRDA:96,2,1,0
BRDA:96,3,0,0
BRDA:96,3,1,0
BRF:8
BRH:0
end_of_record
TN:
SF:routes\api.js
FN:31,(anonymous_0)
FN:43,(anonymous_1)
FN:57,(anonymous_2)
FN:70,(anonymous_3)
FN:83,(anonymous_4)
FN:126,(anonymous_5)
FNF:6
FNH:3
FNDA:0,(anonymous_0)
FNDA:1,(anonymous_1)
FNDA:0,(anonymous_2)
FNDA:1,(anonymous_3)
FNDA:2,(anonymous_4)
FNDA:0,(anonymous_5)
DA:11,2
DA:12,2
DA:13,2
DA:14,2
DA:22,2
DA:23,2
DA:26,2
DA:31,2
DA:32,0
DA:33,0
DA:34,0
DA:36,0
DA:43,2
DA:44,1
DA:45,1
DA:47,1
DA:48,1
DA:50,0
DA:57,2
DA:58,0
DA:59,0
DA:60,0
DA:61,0
DA:63,0
DA:70,2
DA:71,1
DA:72,1
DA:73,1
DA:74,1
DA:76,0
DA:83,2
DA:84,2
DA:85,2
DA:86,2
DA:88,2
DA:89,0
DA:92,2
DA:93,2
DA:96,2
DA:97,0
DA:100,2
DA:103,2
DA:106,2
DA:115,2
DA:116,2
DA:119,0
DA:126,2
DA:127,0
DA:129,0
DA:130,0
DA:133,0
DA:134,0
DA:136,0
DA:137,0
DA:141,0
DA:142,0
DA:143,0
DA:144,0
DA:148,0
DA:149,0
DA:150,0
DA:153,0
DA:154,0
DA:157,0
DA:160,0
DA:162,0
DA:164,0
DA:167,0
DA:168,0
DA:179,0
DA:180,0
DA:188,0
DA:189,0
DA:192,0
DA:196,2
LF:75
LH:34
BRDA:47,0,0,1
BRDA:47,0,1,0
BRDA:60,1,0,0
BRDA:60,1,1,0
BRDA:88,2,0,0
BRDA:88,2,1,2
BRDA:96,3,0,0
BRDA:96,3,1,2
BRDA:96,4,0,2
BRDA:96,4,1,2
BRDA:96,4,2,2
BRDA:109,5,0,2
BRDA:109,5,1,2
BRDA:129,6,0,0
BRDA:129,6,1,0
BRDA:129,7,0,0
BRDA:129,7,1,0
BRDA:136,8,0,0
BRDA:136,8,1,0
BRDA:136,9,0,0
BRDA:136,9,1,0
BRDA:143,10,0,0
BRDA:143,10,1,0
BRDA:153,11,0,0
BRDA:153,11,1,0
BRDA:153,12,0,0
BRDA:153,12,1,0
BRDA:153,12,2,0
BRF:28
BRH:8
end_of_record
TN:
SF:routes\config.js
FN:14,(anonymous_0)
FNF:1
FNH:0
FNDA:0,(anonymous_0)
DA:3,2
DA:4,2
DA:5,2
DA:6,2
DA:14,2
DA:15,0
DA:17,0
DA:20,0
DA:21,0
DA:24,0
DA:25,0
DA:26,0
DA:29,0
DA:31,0
DA:32,0
DA:36,2
LF:16
LH:6
BRDA:20,0,0,0
BRDA:20,0,1,0
BRDA:20,1,0,0
BRDA:20,1,1,0
BRDA:24,2,0,0
BRDA:24,2,1,0
BRF:6
BRH:0
end_of_record
TN:
SF:services\aiService.js
FN:60,(anonymous_0)
FNF:1
FNH:1
FNDA:2,(anonymous_0)
DA:10,2
DA:11,2
DA:12,2
DA:14,2
DA:15,2
DA:21,2
DA:22,0
DA:25,2
DA:27,2
DA:28,2
DA:38,2
DA:40,0
DA:43,2
DA:44,2
DA:54,2
DA:60,2
DA:61,2
DA:63,2
DA:64,0
DA:65,0
DA:69,2
DA:83,2
DA:84,2
DA:86,2
DA:93,2
DA:94,2
DA:96,2
DA:97,0
DA:100,2
DA:101,2
DA:103,2
DA:104,2
DA:105,0
DA:106,0
DA:109,2
DA:111,2
DA:114,0
DA:116,0
DA:120,2
LF:39
LH:30
BRDA:15,0,0,2
BRDA:15,0,1,0
BRDA:21,1,0,0
BRDA:21,1,1,2
BRDA:60,2,0,2
BRDA:61,3,0,0
BRDA:61,3,1,2
BRDA:61,4,0,2
BRDA:61,4,1,2
BRDA:63,5,0,0
BRDA:63,5,1,2
BRDA:96,6,0,0
BRDA:96,6,1,2
BRDA:96,7,0,2
BRDA:96,7,1,2
BRDA:104,8,0,0
BRDA:104,8,1,2
BRF:17
BRH:11
end_of_record
TN:
SF:services\configService.js
FN:15,(anonymous_0)
FN:23,(anonymous_1)
FN:59,(anonymous_2)
FN:92,(anonymous_3)
FNF:4
FNH:0
FNDA:0,(anonymous_0)
FNDA:0,(anonymous_1)
FNDA:0,(anonymous_2)
FNDA:0,(anonymous_3)
DA:10,2
DA:11,2
DA:12,2
DA:13,2
DA:15,2
DA:23,2
DA:24,0
DA:25,0
DA:26,0
DA:27,0
DA:28,0
DA:31,0
DA:32,0
DA:36,0
DA:41,0
DA:42,0
DA:44,0
DA:45,0
DA:46,0
DA:48,0
DA:49,0
DA:59,2
DA:60,0
DA:61,0
DA:62,0
DA:63,0
DA:64,0
DA:67,0
DA:68,0
DA:70,0
DA:77,0
DA:78,0
DA:80,0
DA:81,0
DA:82,0
DA:84,0
DA:85,0
DA:92,2
DA:93,0
DA:94,0
DA:95,0
DA:98,0
DA:99,0
DA:104,0
DA:106,0
DA:107,0
DA:108,0
DA:110,0
DA:111,0
DA:115,2
LF:50
LH:9
BRDA:24,0,0,0
BRDA:24,0,1,0
BRDA:44,1,0,0
BRDA:44,1,1,0
BRDA:44,2,0,0
BRDA:44,2,1,0
BRDA:44,2,2,0
BRDA:59,3,0,0
BRDA:60,4,0,0
BRDA:60,4,1,0
BRDA:80,5,0,0
BRDA:80,5,1,0
BRDA:80,6,0,0
BRDA:80,6,1,0
BRDA:80,6,2,0
BRDA:93,7,0,0
BRDA:93,7,1,0
BRDA:95,8,0,0
BRDA:95,8,1,0
BRDA:104,9,0,0
BRDA:104,9,1,0
BRDA:106,10,0,0
BRDA:106,10,1,0
BRDA:106,11,0,0
BRDA:106,11,1,0
BRDA:106,11,2,0
BRF:26
BRH:0
end_of_record
TN:
SF:services\evalService.js
FN:46,(anonymous_0)
FN:47,(anonymous_1)
FN:49,(anonymous_2)
FN:52,(anonymous_3)
FN:53,(anonymous_4)
FN:62,(anonymous_5)
FNF:6
FNH:0
FNDA:0,(anonymous_0)
FNDA:0,(anonymous_1)
FNDA:0,(anonymous_2)
FNDA:0,(anonymous_3)
FNDA:0,(anonymous_4)
FNDA:0,(anonymous_5)
DA:10,2
DA:11,2
DA:12,2
DA:14,2
DA:15,2
DA:21,2
DA:22,0
DA:25,2
DA:27,2
DA:28,2
DA:38,2
DA:40,0
DA:46,2
DA:47,0
DA:48,0
DA:49,0
DA:50,0
DA:52,0
DA:53,0
DA:54,0
DA:62,2
DA:63,0
DA:65,0
DA:67,0
DA:68,0
DA:69,0
DA:72,0
DA:73,0
DA:83,0
DA:87,0
DA:88,0
DA:90,0
DA:91,0
DA:92,0
DA:95,0
DA:96,0
DA:100,2
LF:37
LH:13
BRDA:15,0,0,2
BRDA:15,0,1,0
BRDA:21,1,0,0
BRDA:21,1,1,2
BRDA:62,2,0,0
BRDA:67,3,0,0
BRDA:67,3,1,0
BRDA:76,4,0,0
BRDA:76,4,1,0
BRF:9
BRH:2
end_of_record
TN:
SF:services\firestoreService.js
FN:24,(anonymous_0)
FN:38,(anonymous_1)
FN:47,(anonymous_2)
FN:59,(anonymous_3)
FN:96,(anonymous_4)
FN:120,(anonymous_5)
FN:132,(anonymous_6)
FN:147,(anonymous_7)
FN:161,(anonymous_8)
FN:174,(anonymous_9)
FN:175,(anonymous_10)
FN:177,(anonymous_11)
FN:179,(anonymous_12)
FN:188,(anonymous_13)
FNF:14
FNH:6
FNDA:1,(anonymous_0)
FNDA:2,(anonymous_1)
FNDA:0,(anonymous_2)
FNDA:1,(anonymous_3)
FNDA:1,(anonymous_4)
FNDA:2,(anonymous_5)
FNDA:0,(anonymous_6)
FNDA:0,(anonymous_7)
FNDA:0,(anonymous_8)
FNDA:0,(anonymous_9)
FNDA:0,(anonymous_10)
FNDA:0,(anonymous_11)
FNDA:0,(anonymous_12)
FNDA:6,(anonymous_13)
DA:10,2
DA:11,2
DA:12,2
DA:13,2
DA:16,2
DA:24,2
DA:27,2
DA:28,2
DA:30,2
DA:31,2
DA:32,2
DA:34,0
DA:38,2
DA:39,2
DA:40,2
DA:42,0
DA:46,2
DA:47,2
DA:48,0
DA:49,0
DA:50,0
DA:59,2
DA:60,1
DA:61,1
DA:62,0
DA:63,0
DA:64,0
DA:66,1
DA:69,0
DA:70,0
DA:71,0
DA:72,0
DA:73,0
DA:79,0
DA:80,0
DA:82,0
DA:84,0
DA:85,0
DA:86,0
DA:88,0
DA:89,0
DA:96,2
DA:97,1
DA:98,0
DA:99,0
DA:100,0
DA:102,1
DA:103,1
DA:104,1
DA:105,1
DA:106,1
DA:108,0
DA:109,0
DA:110,0
DA:112,0
DA:113,0
DA:120,2
DA:121,2
DA:122,2
DA:123,2
DA:124,2
DA:125,2
DA:127,0
DA:128,0
DA:129,0
DA:130,0
DA:132,0
DA:133,0
DA:134,0
DA:136,0
DA:137,0
DA:139,0
DA:140,0
DA:141,0
DA:143,0
DA:147,2
DA:148,0
DA:153,0
DA:154,0
DA:155,0
DA:156,0
DA:157,0
DA:158,0
DA:161,0
DA:164,0
DA:165,0
DA:169,2
DA:175,0
DA:176,0
DA:177,0
DA:180,0
DA:181,0
DA:182,0
DA:189,6
DA:190,6
DA:191,6
DA:193,0
DA:194,0
DA:198,0
DA:200,0
DA:201,0
LF:101
LH:38
BRDA:30,0,0,2
BRDA:30,0,1,0
BRDA:48,1,0,0
BRDA:48,1,1,0
BRDA:60,2,0,1
BRDA:60,2,1,0
BRDA:60,3,0,1
BRDA:60,3,1,0
BRDA:61,4,0,0
BRDA:61,4,1,1
BRDA:72,5,0,0
BRDA:72,5,1,0
BRDA:74,6,0,0
BRDA:74,6,1,0
BRDA:74,7,0,0
BRDA:74,7,1,0
BRDA:84,8,0,0
BRDA:84,8,1,0
BRDA:84,9,0,0
BRDA:84,9,1,0
BRDA:97,10,0,0
BRDA:97,10,1,1
BRDA:108,11,0,0
BRDA:108,11,1,0
BRDA:108,12,0,0
BRDA:108,12,1,0
BRDA:121,13,0,2
BRDA:121,13,1,0
BRDA:121,14,0,2
BRDA:121,14,1,0
BRDA:123,15,0,2
BRDA:123,15,1,0
BRDA:139,16,0,0
BRDA:139,16,1,0
BRDA:148,17,0,0
BRDA:148,17,1,0
BRDA:175,18,0,0
BRDA:175,18,1,0
BRDA:180,19,0,0
BRDA:180,19,1,0
BRDA:180,20,0,0
BRDA:180,20,1,0
BRDA:182,21,0,0
BRDA:182,21,1,0
BRDA:189,22,0,6
BRDA:189,22,1,0
BRDA:189,23,0,6
BRDA:189,23,1,0
BRF:48
BRH:10
end_of_record
TN:
SF:services\loggingService.js
FN:19,(anonymous_0)
FNF:1
FNH:1
FNDA:15,(anonymous_0)
DA:10,2
DA:19,2
DA:20,15
DA:26,15
DA:27,0
DA:28,0
DA:32,0
DA:33,0
DA:34,0
DA:37,0
DA:42,15
DA:49,2
DA:50,2
DA:51,0
DA:52,0
DA:55,2
DA:58,0
DA:61,2
LF:18
LH:9
BRDA:19,0,0,0
BRDA:19,1,0,0
BRDA:19,2,0,11
BRDA:23,3,0,15
BRDA:23,3,1,0
BRDA:26,4,0,0
BRDA:26,4,1,15
BRDA:30,5,0,0
BRDA:30,5,1,0
BRDA:42,6,0,15
BRDA:42,6,1,15
BRDA:50,7,0,0
BRDA:50,7,1,2
BRDA:50,8,0,2
BRDA:50,8,1,0
BRF:15
BRH:7
end_of_record
