TN:
SF:server.js
FN:38,(anonymous_0)
FN:43,(anonymous_1)
FN:48,(anonymous_2)
FN:70,(anonymous_3)
FN:160,(anonymous_4)
FN:185,(anonymous_5)
FN:203,(anonymous_6)
FN:213,(anonymous_7)
FN:218,(anonymous_8)
FN:220,(anonymous_9)
FN:222,(anonymous_10)
FN:236,(anonymous_11)
FN:238,(anonymous_12)
FNF:13
FNH:3
FNDA:0,(anonymous_0)
FNDA:0,(anonymous_1)
FNDA:0,(anonymous_2)
FNDA:7,(anonymous_3)
FNDA:7,(anonymous_4)
FNDA:0,(anonymous_5)
FNDA:6,(anonymous_6)
FNDA:0,(anonymous_7)
FNDA:0,(anonymous_8)
FNDA:0,(anonymous_9)
FNDA:0,(anonymous_10)
FNDA:0,(anonymous_11)
FNDA:0,(anonymous_12)
DA:2,2
DA:3,0
DA:12,2
DA:14,2
DA:16,2
DA:17,2
DA:18,2
DA:19,2
DA:20,2
DA:21,2
DA:22,2
DA:24,2
DA:25,2
DA:26,2
DA:27,2
DA:28,2
DA:29,2
DA:31,2
DA:33,2
DA:34,2
DA:38,2
DA:39,0
DA:40,0
DA:43,2
DA:44,0
DA:45,0
DA:48,2
DA:50,0
DA:51,0
DA:53,0
DA:54,0
DA:58,2
DA:59,2
DA:61,2
DA:65,2
DA:66,2
DA:69,2
DA:72,7
DA:75,0
DA:76,0
DA:78,0
DA:84,2
DA:85,2
DA:148,2
DA:149,2
DA:150,2
DA:151,2
DA:153,0
DA:160,2
DA:163,7
DA:164,7
DA:165,7
DA:168,0
DA:169,0
DA:170,0
DA:171,0
DA:173,0
DA:174,0
DA:175,0
DA:177,0
DA:178,0
DA:183,2
DA:186,0
DA:190,2
DA:200,2
DA:203,2
DA:205,6
DA:206,6
DA:209,2
DA:211,2
DA:213,2
DA:214,0
DA:218,2
DA:219,0
DA:220,0
DA:221,0
DA:223,0
DA:224,0
DA:226,0
DA:227,0
DA:232,2
DA:233,0
DA:236,2
DA:237,0
DA:238,0
DA:239,0
DA:242,2
LF:87
LH:52
BRDA:2,0,0,0
BRDA:2,0,1,2
BRDA:2,1,0,2
BRDA:2,1,1,0
BRDA:33,2,0,2
BRDA:33,2,1,0
BRDA:50,3,0,0
BRDA:50,3,1,0
BRDA:50,4,0,0
BRDA:50,4,1,0
BRDA:50,4,2,0
BRDA:65,5,0,2
BRDA:65,5,1,0
BRDA:72,6,0,7
BRDA:72,6,1,0
BRDA:72,7,0,7
BRDA:72,7,1,0
BRDA:75,8,0,0
BRDA:75,8,1,0
BRDA:76,9,0,0
BRDA:76,9,1,0
BRDA:148,10,0,2
BRDA:148,10,1,0
BRDA:150,11,0,2
BRDA:150,11,1,0
BRDA:150,11,2,0
BRDA:163,12,0,7
BRDA:163,12,1,7
BRDA:164,13,0,7
BRDA:164,13,1,0
BRDA:164,14,0,7
BRDA:164,14,1,7
BRDA:169,15,0,0
BRDA:169,15,1,0
BRDA:186,16,0,0
BRDA:186,16,1,0
BRDA:205,17,0,0
BRDA:205,17,1,6
BRDA:223,18,0,0
BRDA:223,18,1,0
BRDA:223,19,0,0
BRDA:223,19,1,0
BRDA:232,20,0,0
BRDA:232,20,1,2
BRDA:238,21,0,0
BRDA:238,21,1,0
BRF:46
BRH:15
end_of_record
TN:
SF:lib\GlobalConfig.js
FNF:0
FNH:0
DA:10,2
DA:58,2
LF:2
LH:2
BRDA:14,0,0,2
BRDA:14,0,1,0
BRDA:29,1,0,2
BRDA:29,1,1,0
BRDA:36,2,0,2
BRDA:36,2,1,0
BRDA:37,3,0,2
BRDA:37,3,1,0
BRDA:38,4,0,2
BRDA:38,4,1,0
BRDA:39,5,0,2
BRDA:39,5,1,0
BRDA:40,6,0,2
BRDA:40,6,1,0
BRDA:41,7,0,2
BRDA:41,7,1,0
BRDA:42,8,0,2
BRDA:42,8,1,0
BRF:18
BRH:9
end_of_record
TN:
SF:lib\Logger.js
FN:22,(anonymous_0)
FN:39,(anonymous_1)
FN:54,(anonymous_2)
FNF:3
FNH:1
FNDA:0,(anonymous_0)
FNDA:1,(anonymous_1)
FNDA:0,(anonymous_2)
DA:11,2
DA:23,0
DA:31,0
DA:40,1
DA:46,1
DA:55,0
DA:62,0
DA:66,2
LF:8
LH:4
BRDA:22,0,0,0
BRDA:39,1,0,0
BRDA:54,2,0,0
BRDA:58,3,0,0
BRDA:58,3,1,0
BRF:5
BRH:0
end_of_record
TN:
SF:middleware\errorHandler.js
FN:17,(anonymous_0)
FNF:1
FNH:0
FNDA:0,(anonymous_0)
DA:11,2
DA:17,2
DA:18,0
DA:21,0
DA:30,0
DA:32,0
DA:33,0
DA:34,0
DA:35,0
DA:36,0
DA:37,0
DA:40,0
DA:47,2
LF:13
LH:3
BRDA:18,0,0,0
BRDA:18,0,1,0
BRDA:26,1,0,0
BRDA:26,1,1,0
BRDA:32,2,0,0
BRDA:32,2,1,0
BRDA:32,3,0,0
BRDA:32,3,1,0
BRDA:34,4,0,0
BRDA:34,4,1,0
BRDA:36,5,0,0
BRDA:36,5,1,0
BRDA:43,6,0,0
BRDA:43,6,1,0
BRF:14
BRH:0
end_of_record
TN:
SF:middleware\rbacMiddleware.js
FN:19,(anonymous_0)
FNF:1
FNH:1
FNDA:1,(anonymous_0)
DA:10,2
DA:11,2
DA:19,2
DA:20,1
DA:22,1
DA:23,1
DA:27,1
DA:30,0
DA:33,2
LF:9
LH:8
BRDA:22,0,0,1
BRDA:22,0,1,0
BRDA:22,1,0,1
BRDA:22,1,1,1
BRDA:24,2,0,1
BRDA:24,2,1,0
BRF:6
BRH:4
end_of_record
TN:
SF:middleware\verifyFirebaseToken.js
FN:46,(anonymous_0)
FNF:1
FNH:1
FNDA:7,(anonymous_0)
DA:11,2
DA:12,2
DA:13,2
DA:16,2
DA:17,2
DA:18,2
DA:21,2
DA:24,0
DA:27,2
DA:28,2
DA:46,2
DA:47,7
DA:48,7
DA:49,0
DA:50,0
DA:53,7
DA:56,7
DA:57,0
DA:58,0
DA:61,7
DA:64,7
DA:65,7
DA:66,7
DA:69,0
DA:70,0
DA:71,0
DA:72,0
DA:73,0
DA:80,0
DA:81,0
DA:82,0
DA:83,0
DA:84,0
DA:85,0
DA:88,0
DA:89,0
DA:93,2
LF:37
LH:19
BRDA:17,0,0,2
BRDA:17,0,1,0
BRDA:19,1,0,2
BRDA:19,1,1,0
BRDA:48,2,0,0
BRDA:48,2,1,7
BRDA:48,3,0,7
BRDA:48,3,1,7
BRDA:56,4,0,0
BRDA:56,4,1,7
BRDA:56,5,0,7
BRDA:56,5,1,7
BRDA:71,6,0,0
BRDA:71,6,1,0
BRDA:80,7,0,0
BRDA:80,7,1,0
BRDA:81,8,0,0
BRDA:81,8,1,0
BRDA:81,8,2,0
BRDA:82,9,0,0
BRDA:82,9,1,0
BRDA:82,10,0,0
BRDA:82,10,1,0
BRF:23
BRH:8
end_of_record
TN:
SF:public\js\utils.js
FN:12,(anonymous_0)
FN:23,(anonymous_1)
FN:25,(anonymous_2)
FN:36,(anonymous_3)
FN:38,(anonymous_4)
FN:46,(anonymous_5)
FN:51,(anonymous_6)
FN:70,(anonymous_7)
FN:85,(anonymous_8)
FNF:9
FNH:4
FNDA:6,(anonymous_0)
FNDA:2,(anonymous_1)
FNDA:0,(anonymous_2)
FNDA:0,(anonymous_3)
FNDA:0,(anonymous_4)
FNDA:0,(anonymous_5)
FNDA:0,(anonymous_6)
FNDA:9,(anonymous_7)
FNDA:2,(anonymous_8)
DA:9,2
DA:11,2
DA:13,6
DA:14,3
DA:23,2
DA:26,0
DA:27,0
DA:29,0
DA:30,0
DA:35,0
DA:36,0
DA:37,0
DA:38,0
DA:47,0
DA:48,0
DA:49,0
DA:51,0
DA:52,0
DA:54,0
DA:55,0
DA:56,0
DA:57,0
DA:60,0
DA:61,0
DA:62,0
DA:67,0
DA:71,9
DA:72,8
DA:74,3
DA:76,3
DA:77,3
DA:79,0
DA:81,2
DA:86,2
DA:87,2
DA:88,1
DA:92,2
LF:37
LH:15
BRDA:9,0,0,0
BRDA:9,0,1,2
BRDA:13,1,0,3
BRDA:13,1,1,3
BRDA:13,2,0,6
BRDA:13,2,1,4
BRDA:25,3,0,0
BRDA:27,4,0,0
BRDA:27,4,1,0
BRDA:52,5,0,0
BRDA:52,5,1,0
BRDA:54,6,0,0
BRDA:54,6,1,0
BRDA:55,7,0,0
BRDA:55,7,1,0
BRDA:60,8,0,0
BRDA:60,8,1,0
BRDA:67,9,0,0
BRDA:67,9,1,0
BRDA:71,10,0,1
BRDA:71,10,1,8
BRDA:71,11,0,9
BRDA:71,11,1,1
BRDA:72,12,0,3
BRDA:72,12,1,3
BRDA:72,12,2,0
BRDA:72,12,3,2
BRDA:77,13,0,3
BRDA:77,13,1,3
BRDA:77,13,2,2
BRDA:81,14,0,2
BRDA:81,14,1,2
BRDA:87,15,0,1
BRDA:87,15,1,1
BRDA:87,16,0,1
BRDA:87,16,1,0
BRDA:92,17,0,2
BRDA:92,17,1,0
BRF:38
BRH:21
end_of_record
TN:
SF:routes\admin.js
FN:24,(anonymous_0)
FN:53,(anonymous_1)
FN:66,(anonymous_2)
FN:79,(anonymous_3)
FN:93,(anonymous_4)
FNF:5
FNH:0
FNDA:0,(anonymous_0)
FNDA:0,(anonymous_1)
FNDA:0,(anonymous_2)
FNDA:0,(anonymous_3)
FNDA:0,(anonymous_4)
DA:10,2
DA:11,2
DA:12,2
DA:13,2
DA:14,2
DA:15,2
DA:16,2
DA:17,2
DA:18,2
DA:19,2
DA:24,2
DA:25,0
DA:26,0
DA:29,0
DA:30,0
DA:35,0
DA:38,0
DA:40,0
DA:47,2
DA:48,2
DA:53,2
DA:54,0
DA:55,0
DA:56,0
DA:58,0
DA:66,2
DA:67,0
DA:68,0
DA:69,0
DA:71,0
DA:79,2
DA:80,0
DA:81,0
DA:82,0
DA:83,0
DA:85,0
DA:93,2
DA:94,0
DA:95,0
DA:96,0
DA:97,0
DA:99,0
DA:102,0
DA:103,0
DA:112,0
DA:114,0
DA:118,2
LF:47
LH:18
BRDA:29,0,0,0
BRDA:29,0,1,0
BRDA:29,1,0,0
BRDA:29,1,1,0
BRDA:96,2,0,0
BRDA:96,2,1,0
BRDA:96,3,0,0
BRDA:96,3,1,0
BRF:8
BRH:0
end_of_record
TN:
SF:routes\api.js
FN:30,(anonymous_0)
FN:45,(anonymous_1)
FN:57,(anonymous_2)
FN:71,(anonymous_3)
FN:84,(anonymous_4)
FN:97,(anonymous_5)
FN:140,(anonymous_6)
FNF:7
FNH:4
FNDA:0,(anonymous_0)
FNDA:2,(anonymous_1)
FNDA:1,(anonymous_2)
FNDA:0,(anonymous_3)
FNDA:1,(anonymous_4)
FNDA:2,(anonymous_5)
FNDA:0,(anonymous_6)
DA:11,2
DA:12,2
DA:13,2
DA:14,2
DA:22,2
DA:23,2
DA:25,2
DA:30,2
DA:31,0
DA:32,0
DA:33,0
DA:35,0
DA:40,2
DA:45,2
DA:46,2
DA:47,2
DA:48,2
DA:50,0
DA:57,2
DA:58,1
DA:59,1
DA:61,1
DA:62,1
DA:64,0
DA:71,2
DA:72,0
DA:73,0
DA:74,0
DA:75,0
DA:77,0
DA:84,2
DA:85,1
DA:86,1
DA:87,1
DA:88,1
DA:90,0
DA:97,2
DA:98,2
DA:99,2
DA:100,2
DA:102,2
DA:103,0
DA:106,2
DA:107,2
DA:110,2
DA:111,0
DA:114,2
DA:117,2
DA:120,2
DA:129,2
DA:130,2
DA:133,0
DA:140,2
DA:141,0
DA:143,0
DA:144,0
DA:147,0
DA:148,0
DA:150,0
DA:151,0
DA:155,0
DA:156,0
DA:157,0
DA:158,0
DA:162,0
DA:163,0
DA:164,0
DA:167,0
DA:168,0
DA:171,0
DA:174,0
DA:176,0
DA:178,0
DA:181,0
DA:182,0
DA:193,0
DA:194,0
DA:202,0
DA:203,0
DA:206,0
DA:210,2
LF:81
LH:39
BRDA:61,0,0,1
BRDA:61,0,1,0
BRDA:74,1,0,0
BRDA:74,1,1,0
BRDA:102,2,0,0
BRDA:102,2,1,2
BRDA:110,3,0,0
BRDA:110,3,1,2
BRDA:110,4,0,2
BRDA:110,4,1,2
BRDA:110,4,2,2
BRDA:123,5,0,2
BRDA:123,5,1,2
BRDA:143,6,0,0
BRDA:143,6,1,0
BRDA:143,7,0,0
BRDA:143,7,1,0
BRDA:150,8,0,0
BRDA:150,8,1,0
BRDA:150,9,0,0
BRDA:150,9,1,0
BRDA:157,10,0,0
BRDA:157,10,1,0
BRDA:167,11,0,0
BRDA:167,11,1,0
BRDA:167,12,0,0
BRDA:167,12,1,0
BRDA:167,12,2,0
BRF:28
BRH:8
end_of_record
TN:
SF:routes\config.js
FN:14,(anonymous_0)
FNF:1
FNH:0
FNDA:0,(anonymous_0)
DA:3,2
DA:4,2
DA:5,2
DA:6,2
DA:14,2
DA:15,0
DA:17,0
DA:20,0
DA:21,0
DA:24,0
DA:25,0
DA:26,0
DA:29,0
DA:31,0
DA:32,0
DA:36,2
LF:16
LH:6
BRDA:20,0,0,0
BRDA:20,0,1,0
BRDA:20,1,0,0
BRDA:20,1,1,0
BRDA:24,2,0,0
BRDA:24,2,1,0
BRF:6
BRH:0
end_of_record
TN:
SF:services\aiService.js
FN:60,(anonymous_0)
FNF:1
FNH:1
FNDA:2,(anonymous_0)
DA:10,2
DA:11,2
DA:12,2
DA:14,2
DA:15,2
DA:21,2
DA:22,0
DA:25,2
DA:27,2
DA:28,2
DA:38,2
DA:40,0
DA:43,2
DA:44,2
DA:54,2
DA:60,2
DA:61,2
DA:63,2
DA:64,0
DA:65,0
DA:69,2
DA:83,2
DA:84,2
DA:86,2
DA:94,2
DA:95,2
DA:96,2
DA:98,2
DA:99,0
DA:101,2
DA:104,0
DA:109,0
DA:110,0
DA:111,0
DA:117,0
DA:120,2
DA:122,2
DA:123,2
DA:124,0
DA:125,0
DA:128,2
DA:130,2
DA:133,0
DA:135,0
DA:139,2
LF:45
LH:31
BRDA:15,0,0,2
BRDA:15,0,1,0
BRDA:21,1,0,0
BRDA:21,1,1,2
BRDA:60,2,0,2
BRDA:61,3,0,0
BRDA:61,3,1,2
BRDA:61,4,0,2
BRDA:61,4,1,2
BRDA:63,5,0,0
BRDA:63,5,1,2
BRDA:98,6,0,0
BRDA:98,6,1,2
BRDA:98,7,0,2
BRDA:98,7,1,2
BRDA:104,8,0,0
BRDA:104,8,1,0
BRDA:104,8,2,0
BRDA:104,8,3,0
BRDA:109,9,0,0
BRDA:109,9,1,0
BRDA:123,10,0,0
BRDA:123,10,1,2
BRF:23
BRH:11
end_of_record
TN:
SF:services\configService.js
FN:15,(anonymous_0)
FN:23,(anonymous_1)
FN:59,(anonymous_2)
FN:92,(anonymous_3)
FN:118,(anonymous_4)
FNF:5
FNH:0
FNDA:0,(anonymous_0)
FNDA:0,(anonymous_1)
FNDA:0,(anonymous_2)
FNDA:0,(anonymous_3)
FNDA:0,(anonymous_4)
DA:10,2
DA:11,2
DA:12,2
DA:13,2
DA:15,2
DA:23,2
DA:24,0
DA:25,0
DA:26,0
DA:27,0
DA:28,0
DA:31,0
DA:32,0
DA:36,0
DA:41,0
DA:42,0
DA:44,0
DA:45,0
DA:46,0
DA:48,0
DA:49,0
DA:59,2
DA:60,0
DA:61,0
DA:62,0
DA:63,0
DA:64,0
DA:67,0
DA:68,0
DA:70,0
DA:77,0
DA:78,0
DA:80,0
DA:81,0
DA:82,0
DA:84,0
DA:85,0
DA:92,2
DA:93,0
DA:94,0
DA:95,0
DA:98,0
DA:99,0
DA:104,0
DA:106,0
DA:107,0
DA:108,0
DA:110,0
DA:111,0
DA:118,2
DA:119,0
DA:120,0
DA:122,0
DA:123,0
DA:124,0
DA:126,0
DA:127,0
DA:129,0
DA:133,0
DA:139,2
LF:60
LH:10
BRDA:24,0,0,0
BRDA:24,0,1,0
BRDA:44,1,0,0
BRDA:44,1,1,0
BRDA:44,2,0,0
BRDA:44,2,1,0
BRDA:44,2,2,0
BRDA:59,3,0,0
BRDA:60,4,0,0
BRDA:60,4,1,0
BRDA:80,5,0,0
BRDA:80,5,1,0
BRDA:80,6,0,0
BRDA:80,6,1,0
BRDA:80,6,2,0
BRDA:93,7,0,0
BRDA:93,7,1,0
BRDA:95,8,0,0
BRDA:95,8,1,0
BRDA:104,9,0,0
BRDA:104,9,1,0
BRDA:106,10,0,0
BRDA:106,10,1,0
BRDA:106,11,0,0
BRDA:106,11,1,0
BRDA:106,11,2,0
BRDA:122,12,0,0
BRDA:122,12,1,0
BRDA:124,13,0,0
BRDA:124,13,1,0
BRDA:124,14,0,0
BRDA:124,14,1,0
BRDA:129,15,0,0
BRDA:129,15,1,0
BRF:34
BRH:0
end_of_record
TN:
SF:services\evalService.js
FN:46,(anonymous_0)
FN:47,(anonymous_1)
FN:49,(anonymous_2)
FN:52,(anonymous_3)
FN:53,(anonymous_4)
FN:62,(anonymous_5)
FNF:6
FNH:0
FNDA:0,(anonymous_0)
FNDA:0,(anonymous_1)
FNDA:0,(anonymous_2)
FNDA:0,(anonymous_3)
FNDA:0,(anonymous_4)
FNDA:0,(anonymous_5)
DA:10,2
DA:11,2
DA:12,2
DA:14,2
DA:15,2
DA:21,2
DA:22,0
DA:25,2
DA:27,2
DA:28,2
DA:38,2
DA:40,0
DA:46,2
DA:47,0
DA:48,0
DA:49,0
DA:50,0
DA:52,0
DA:53,0
DA:54,0
DA:62,2
DA:63,0
DA:65,0
DA:67,0
DA:68,0
DA:69,0
DA:72,0
DA:73,0
DA:83,0
DA:87,0
DA:88,0
DA:90,0
DA:91,0
DA:92,0
DA:95,0
DA:96,0
DA:100,2
LF:37
LH:13
BRDA:15,0,0,2
BRDA:15,0,1,0
BRDA:21,1,0,0
BRDA:21,1,1,2
BRDA:62,2,0,0
BRDA:67,3,0,0
BRDA:67,3,1,0
BRDA:76,4,0,0
BRDA:76,4,1,0
BRF:9
BRH:2
end_of_record
TN:
SF:services\firestoreService.js
FN:24,(anonymous_0)
FN:38,(anonymous_1)
FN:47,(anonymous_2)
FN:59,(anonymous_3)
FN:96,(anonymous_4)
FN:120,(anonymous_5)
FN:132,(anonymous_6)
FN:147,(anonymous_7)
FN:161,(anonymous_8)
FN:174,(anonymous_9)
FN:176,(anonymous_10)
FN:178,(anonymous_11)
FN:179,(anonymous_12)
FN:182,(anonymous_13)
FN:185,(anonymous_14)
FN:188,(anonymous_15)
FN:215,(anonymous_16)
FNF:17
FNH:9
FNDA:3,(anonymous_0)
FNDA:2,(anonymous_1)
FNDA:1,(anonymous_2)
FNDA:1,(anonymous_3)
FNDA:1,(anonymous_4)
FNDA:2,(anonymous_5)
FNDA:0,(anonymous_6)
FNDA:0,(anonymous_7)
FNDA:0,(anonymous_8)
FNDA:0,(anonymous_9)
FNDA:0,(anonymous_10)
FNDA:2,(anonymous_11)
FNDA:0,(anonymous_12)
FNDA:0,(anonymous_13)
FNDA:1,(anonymous_14)
FNDA:0,(anonymous_15)
FNDA:6,(anonymous_16)
DA:10,2
DA:11,2
DA:12,2
DA:13,2
DA:16,2
DA:24,3
DA:27,2
DA:28,2
DA:30,2
DA:31,2
DA:32,2
DA:34,0
DA:38,2
DA:39,2
DA:40,2
DA:42,0
DA:46,2
DA:47,2
DA:48,1
DA:49,1
DA:50,1
DA:59,2
DA:60,1
DA:61,1
DA:62,0
DA:63,0
DA:64,0
DA:66,1
DA:69,0
DA:70,0
DA:71,0
DA:72,0
DA:73,0
DA:79,0
DA:80,0
DA:82,0
DA:84,0
DA:85,0
DA:86,0
DA:88,0
DA:89,0
DA:96,2
DA:97,1
DA:98,0
DA:99,0
DA:100,0
DA:102,1
DA:103,1
DA:104,1
DA:105,1
DA:106,1
DA:108,0
DA:109,0
DA:110,0
DA:112,0
DA:113,0
DA:120,2
DA:121,2
DA:122,2
DA:123,2
DA:124,2
DA:125,2
DA:127,0
DA:128,0
DA:129,0
DA:130,0
DA:132,0
DA:133,0
DA:134,0
DA:136,0
DA:137,0
DA:139,0
DA:140,0
DA:141,0
DA:143,0
DA:147,2
DA:148,0
DA:153,0
DA:154,0
DA:155,0
DA:156,0
DA:157,0
DA:158,0
DA:161,0
DA:164,0
DA:165,0
DA:169,2
DA:174,0
DA:176,0
DA:179,2
DA:180,2
DA:181,2
DA:182,1
DA:184,1
DA:185,1
DA:189,0
DA:190,0
DA:191,0
DA:192,0
DA:201,0
DA:203,0
DA:204,0
DA:205,0
DA:207,0
DA:208,0
DA:216,6
DA:217,6
DA:218,6
DA:220,0
DA:221,0
DA:225,0
DA:227,0
DA:228,0
LF:113
LH:47
BRDA:30,0,0,2
BRDA:30,0,1,0
BRDA:48,1,0,1
BRDA:48,1,1,0
BRDA:60,2,0,1
BRDA:60,2,1,0
BRDA:60,3,0,1
BRDA:60,3,1,0
BRDA:61,4,0,0
BRDA:61,4,1,1
BRDA:72,5,0,0
BRDA:72,5,1,0
BRDA:74,6,0,0
BRDA:74,6,1,0
BRDA:74,7,0,0
BRDA:74,7,1,0
BRDA:84,8,0,0
BRDA:84,8,1,0
BRDA:84,9,0,0
BRDA:84,9,1,0
BRDA:97,10,0,0
BRDA:97,10,1,1
BRDA:108,11,0,0
BRDA:108,11,1,0
BRDA:108,12,0,0
BRDA:108,12,1,0
BRDA:121,13,0,2
BRDA:121,13,1,0
BRDA:121,14,0,2
BRDA:121,14,1,0
BRDA:123,15,0,2
BRDA:123,15,1,0
BRDA:139,16,0,0
BRDA:139,16,1,0
BRDA:148,17,0,0
BRDA:148,17,1,0
BRDA:179,18,0,0
BRDA:179,18,1,2
BRDA:189,19,0,0
BRDA:189,19,1,0
BRDA:191,20,0,0
BRDA:191,20,1,0
BRDA:191,21,0,0
BRDA:191,21,1,0
BRDA:201,22,0,0
BRDA:201,22,1,0
BRDA:205,23,0,0
BRDA:205,23,1,0
BRDA:208,24,0,0
BRDA:208,24,1,0
BRDA:216,25,0,6
BRDA:216,25,1,0
BRDA:216,26,0,6
BRDA:216,26,1,0
BRF:54
BRH:12
end_of_record
TN:
SF:services\loggingService.js
FN:19,(anonymous_0)
FNF:1
FNH:1
FNDA:14,(anonymous_0)
DA:10,2
DA:19,2
DA:20,14
DA:26,14
DA:27,0
DA:28,0
DA:32,0
DA:33,0
DA:34,0
DA:37,0
DA:42,14
DA:49,2
DA:50,2
DA:51,0
DA:52,0
DA:55,2
DA:58,0
DA:61,2
LF:18
LH:9
BRDA:19,0,0,0
BRDA:19,1,0,0
BRDA:19,2,0,10
BRDA:23,3,0,14
BRDA:23,3,1,0
BRDA:26,4,0,0
BRDA:26,4,1,14
BRDA:30,5,0,0
BRDA:30,5,1,0
BRDA:42,6,0,14
BRDA:42,6,1,14
BRDA:50,7,0,0
BRDA:50,7,1,2
BRDA:50,8,0,2
BRDA:50,8,1,0
BRF:15
BRH:7
end_of_record
